Time resolution is 1 ps
Stopped at time : 1005 ns : File "C:/Users/Chick/Vivado_Builds/traffic_light_controller/traffic_light_controller.srcs/sources_1/new/traffic_control_tb.v" Line 33
Stopped at time : 1005 ns : File "C:/Users/Chick/Vivado_Builds/traffic_light_controller/traffic_light_controller.srcs/sources_1/new/traffic_control_tb.v" Line 33
Stopped at time : 1005 ns : File "C:/Users/Chick/Vivado_Builds/traffic_light_controller/traffic_light_controller.srcs/sources_1/new/traffic_control_tb.v" Line 33
Stopped at time : 1010 ns : File "C:/Users/Chick/Vivado_Builds/traffic_light_controller/traffic_light_controller.srcs/sources_1/new/traffic_control_tb.v" Line 33
Stopped at time : 1010 ns : File "C:/Users/Chick/Vivado_Builds/traffic_light_controller/traffic_light_controller.srcs/sources_1/new/traffic_control_tb.v" Line 33
Stopped at time : 1010 ns : File "C:/Users/Chick/Vivado_Builds/traffic_light_controller/traffic_light_controller.srcs/sources_1/new/traffic_control_tb.v" Line 33
Stopped at time : 1010 ns : File "C:/Users/Chick/Vivado_Builds/traffic_light_controller/traffic_light_controller.srcs/sources_1/new/traffic_control.v" Line 44
Stopped at time : 1010 ns : File "C:/Users/Chick/Vivado_Builds/traffic_light_controller/traffic_light_controller.srcs/sources_1/new/traffic_control.v" Line 51
Stopped at time : 1010 ns : File "C:/Users/Chick/Vivado_Builds/traffic_light_controller/traffic_light_controller.srcs/sources_1/new/traffic_control.v" Line 54
Stopped at time : 1010 ns : File "C:/Users/Chick/Vivado_Builds/traffic_light_controller/traffic_light_controller.srcs/sources_1/new/traffic_control.v" Line 61
Stopped at time : 1010 ns : File "C:/Users/Chick/Vivado_Builds/traffic_light_controller/traffic_light_controller.srcs/sources_1/new/traffic_control.v" Line 62
Stopped at time : 1010 ns : File "C:/Users/Chick/Vivado_Builds/traffic_light_controller/traffic_light_controller.srcs/sources_1/new/traffic_control.v" Line 42
Stopped at time : 1015 ns : File "C:/Users/Chick/Vivado_Builds/traffic_light_controller/traffic_light_controller.srcs/sources_1/new/traffic_control_tb.v" Line 42
$stop called at time : 1015 ns : File "C:/Users/Chick/Vivado_Builds/traffic_light_controller/traffic_light_controller.srcs/sources_1/new/traffic_control_tb.v" Line 42
Stopped at time : 1015 ns : File "C:/Users/Chick/Vivado_Builds/traffic_light_controller/traffic_light_controller.srcs/sources_1/new/traffic_control_tb.v" Line 33
Stopped at time : 1015 ns : File "C:/Users/Chick/Vivado_Builds/traffic_light_controller/traffic_light_controller.srcs/sources_1/new/traffic_control_tb.v" Line 33
Stopped at time : 1015 ns : File "C:/Users/Chick/Vivado_Builds/traffic_light_controller/traffic_light_controller.srcs/sources_1/new/traffic_control_tb.v" Line 33
Stopped at time : 1020 ns : File "C:/Users/Chick/Vivado_Builds/traffic_light_controller/traffic_light_controller.srcs/sources_1/new/traffic_control_tb.v" Line 33
Stopped at time : 1020 ns : File "C:/Users/Chick/Vivado_Builds/traffic_light_controller/traffic_light_controller.srcs/sources_1/new/traffic_control_tb.v" Line 33
Stopped at time : 1020 ns : File "C:/Users/Chick/Vivado_Builds/traffic_light_controller/traffic_light_controller.srcs/sources_1/new/traffic_control_tb.v" Line 33
Stopped at time : 1020 ns : File "C:/Users/Chick/Vivado_Builds/traffic_light_controller/traffic_light_controller.srcs/sources_1/new/traffic_control.v" Line 44
Stopped at time : 1020 ns : File "C:/Users/Chick/Vivado_Builds/traffic_light_controller/traffic_light_controller.srcs/sources_1/new/traffic_control.v" Line 51
Stopped at time : 1020 ns : File "C:/Users/Chick/Vivado_Builds/traffic_light_controller/traffic_light_controller.srcs/sources_1/new/traffic_control.v" Line 54
Stopped at time : 1020 ns : File "C:/Users/Chick/Vivado_Builds/traffic_light_controller/traffic_light_controller.srcs/sources_1/new/traffic_control.v" Line 61
Stopped at time : 1020 ns : File "C:/Users/Chick/Vivado_Builds/traffic_light_controller/traffic_light_controller.srcs/sources_1/new/traffic_control.v" Line 62
Stopped at time : 1020 ns : File "C:/Users/Chick/Vivado_Builds/traffic_light_controller/traffic_light_controller.srcs/sources_1/new/traffic_control.v" Line 42
Stopped at time : 1025 ns : File "C:/Users/Chick/Vivado_Builds/traffic_light_controller/traffic_light_controller.srcs/sources_1/new/traffic_control_tb.v" Line 33
Stopped at time : 1025 ns : File "C:/Users/Chick/Vivado_Builds/traffic_light_controller/traffic_light_controller.srcs/sources_1/new/traffic_control_tb.v" Line 33
Stopped at time : 1025 ns : File "C:/Users/Chick/Vivado_Builds/traffic_light_controller/traffic_light_controller.srcs/sources_1/new/traffic_control_tb.v" Line 33
Stopped at time : 1030 ns : File "C:/Users/Chick/Vivado_Builds/traffic_light_controller/traffic_light_controller.srcs/sources_1/new/traffic_control_tb.v" Line 33
Stopped at time : 1030 ns : File "C:/Users/Chick/Vivado_Builds/traffic_light_controller/traffic_light_controller.srcs/sources_1/new/traffic_control_tb.v" Line 33
Stopped at time : 1030 ns : File "C:/Users/Chick/Vivado_Builds/traffic_light_controller/traffic_light_controller.srcs/sources_1/new/traffic_control_tb.v" Line 33
Stopped at time : 1030 ns : File "C:/Users/Chick/Vivado_Builds/traffic_light_controller/traffic_light_controller.srcs/sources_1/new/traffic_control.v" Line 44
Stopped at time : 1030 ns : File "C:/Users/Chick/Vivado_Builds/traffic_light_controller/traffic_light_controller.srcs/sources_1/new/traffic_control.v" Line 51
Stopped at time : 1030 ns : File "C:/Users/Chick/Vivado_Builds/traffic_light_controller/traffic_light_controller.srcs/sources_1/new/traffic_control.v" Line 54
Stopped at time : 1030 ns : File "C:/Users/Chick/Vivado_Builds/traffic_light_controller/traffic_light_controller.srcs/sources_1/new/traffic_control.v" Line 61
Stopped at time : 1030 ns : File "C:/Users/Chick/Vivado_Builds/traffic_light_controller/traffic_light_controller.srcs/sources_1/new/traffic_control.v" Line 62
Stopped at time : 1030 ns : File "C:/Users/Chick/Vivado_Builds/traffic_light_controller/traffic_light_controller.srcs/sources_1/new/traffic_control.v" Line 42
Stopped at time : 1035 ns : File "C:/Users/Chick/Vivado_Builds/traffic_light_controller/traffic_light_controller.srcs/sources_1/new/traffic_control_tb.v" Line 33
Stopped at time : 1035 ns : File "C:/Users/Chick/Vivado_Builds/traffic_light_controller/traffic_light_controller.srcs/sources_1/new/traffic_control_tb.v" Line 33
Stopped at time : 1035 ns : File "C:/Users/Chick/Vivado_Builds/traffic_light_controller/traffic_light_controller.srcs/sources_1/new/traffic_control_tb.v" Line 33
Stopped at time : 1040 ns : File "C:/Users/Chick/Vivado_Builds/traffic_light_controller/traffic_light_controller.srcs/sources_1/new/traffic_control_tb.v" Line 33
Stopped at time : 1040 ns : File "C:/Users/Chick/Vivado_Builds/traffic_light_controller/traffic_light_controller.srcs/sources_1/new/traffic_control_tb.v" Line 33
Stopped at time : 1040 ns : File "C:/Users/Chick/Vivado_Builds/traffic_light_controller/traffic_light_controller.srcs/sources_1/new/traffic_control_tb.v" Line 33
Stopped at time : 1040 ns : File "C:/Users/Chick/Vivado_Builds/traffic_light_controller/traffic_light_controller.srcs/sources_1/new/traffic_control.v" Line 44
Stopped at time : 1040 ns : File "C:/Users/Chick/Vivado_Builds/traffic_light_controller/traffic_light_controller.srcs/sources_1/new/traffic_control.v" Line 51
Stopped at time : 1040 ns : File "C:/Users/Chick/Vivado_Builds/traffic_light_controller/traffic_light_controller.srcs/sources_1/new/traffic_control.v" Line 54
Stopped at time : 1040 ns : File "C:/Users/Chick/Vivado_Builds/traffic_light_controller/traffic_light_controller.srcs/sources_1/new/traffic_control.v" Line 61
Stopped at time : 1040 ns : File "C:/Users/Chick/Vivado_Builds/traffic_light_controller/traffic_light_controller.srcs/sources_1/new/traffic_control.v" Line 62
Stopped at time : 1040 ns : File "C:/Users/Chick/Vivado_Builds/traffic_light_controller/traffic_light_controller.srcs/sources_1/new/traffic_control.v" Line 42
Stopped at time : 1045 ns : File "C:/Users/Chick/Vivado_Builds/traffic_light_controller/traffic_light_controller.srcs/sources_1/new/traffic_control_tb.v" Line 33
Stopped at time : 1045 ns : File "C:/Users/Chick/Vivado_Builds/traffic_light_controller/traffic_light_controller.srcs/sources_1/new/traffic_control_tb.v" Line 33
Stopped at time : 1045 ns : File "C:/Users/Chick/Vivado_Builds/traffic_light_controller/traffic_light_controller.srcs/sources_1/new/traffic_control_tb.v" Line 33
Stopped at time : 1050 ns : File "C:/Users/Chick/Vivado_Builds/traffic_light_controller/traffic_light_controller.srcs/sources_1/new/traffic_control_tb.v" Line 33
Stopped at time : 1050 ns : File "C:/Users/Chick/Vivado_Builds/traffic_light_controller/traffic_light_controller.srcs/sources_1/new/traffic_control_tb.v" Line 33
Stopped at time : 1050 ns : File "C:/Users/Chick/Vivado_Builds/traffic_light_controller/traffic_light_controller.srcs/sources_1/new/traffic_control_tb.v" Line 33
Stopped at time : 1050 ns : File "C:/Users/Chick/Vivado_Builds/traffic_light_controller/traffic_light_controller.srcs/sources_1/new/traffic_control.v" Line 44
Stopped at time : 1050 ns : File "C:/Users/Chick/Vivado_Builds/traffic_light_controller/traffic_light_controller.srcs/sources_1/new/traffic_control.v" Line 51
Stopped at time : 1050 ns : File "C:/Users/Chick/Vivado_Builds/traffic_light_controller/traffic_light_controller.srcs/sources_1/new/traffic_control.v" Line 54
Stopped at time : 1050 ns : File "C:/Users/Chick/Vivado_Builds/traffic_light_controller/traffic_light_controller.srcs/sources_1/new/traffic_control.v" Line 56
Stopped at time : 1050 ns : File "C:/Users/Chick/Vivado_Builds/traffic_light_controller/traffic_light_controller.srcs/sources_1/new/traffic_control.v" Line 57
Stopped at time : 1050 ns : File "C:/Users/Chick/Vivado_Builds/traffic_light_controller/traffic_light_controller.srcs/sources_1/new/traffic_control.v" Line 42
Stopped at time : 1050 ns : File "C:/Users/Chick/Vivado_Builds/traffic_light_controller/traffic_light_controller.srcs/sources_1/new/traffic_control.v" Line 169
Stopped at time : 1050 ns : File "C:/Users/Chick/Vivado_Builds/traffic_light_controller/traffic_light_controller.srcs/sources_1/new/traffic_control.v" Line 179
Stopped at time : 1050 ns : File "C:/Users/Chick/Vivado_Builds/traffic_light_controller/traffic_light_controller.srcs/sources_1/new/traffic_control.v" Line 180
Stopped at time : 1050 ns : File "C:/Users/Chick/Vivado_Builds/traffic_light_controller/traffic_light_controller.srcs/sources_1/new/traffic_control.v" Line 181
Stopped at time : 1050 ns : File "C:/Users/Chick/Vivado_Builds/traffic_light_controller/traffic_light_controller.srcs/sources_1/new/traffic_control.v" Line 182
Stopped at time : 1050 ns : File "C:/Users/Chick/Vivado_Builds/traffic_light_controller/traffic_light_controller.srcs/sources_1/new/traffic_control.v" Line 167
Stopped at time : 1055 ns : File "C:/Users/Chick/Vivado_Builds/traffic_light_controller/traffic_light_controller.srcs/sources_1/new/traffic_control_tb.v" Line 33
Stopped at time : 1055 ns : File "C:/Users/Chick/Vivado_Builds/traffic_light_controller/traffic_light_controller.srcs/sources_1/new/traffic_control_tb.v" Line 33
Stopped at time : 1055 ns : File "C:/Users/Chick/Vivado_Builds/traffic_light_controller/traffic_light_controller.srcs/sources_1/new/traffic_control_tb.v" Line 33
Stopped at time : 1060 ns : File "C:/Users/Chick/Vivado_Builds/traffic_light_controller/traffic_light_controller.srcs/sources_1/new/traffic_control_tb.v" Line 33
Stopped at time : 1060 ns : File "C:/Users/Chick/Vivado_Builds/traffic_light_controller/traffic_light_controller.srcs/sources_1/new/traffic_control_tb.v" Line 33
Stopped at time : 1060 ns : File "C:/Users/Chick/Vivado_Builds/traffic_light_controller/traffic_light_controller.srcs/sources_1/new/traffic_control_tb.v" Line 33
Stopped at time : 1060 ns : File "C:/Users/Chick/Vivado_Builds/traffic_light_controller/traffic_light_controller.srcs/sources_1/new/traffic_control.v" Line 44
Stopped at time : 1060 ns : File "C:/Users/Chick/Vivado_Builds/traffic_light_controller/traffic_light_controller.srcs/sources_1/new/traffic_control.v" Line 51
Stopped at time : 1060 ns : File "C:/Users/Chick/Vivado_Builds/traffic_light_controller/traffic_light_controller.srcs/sources_1/new/traffic_control.v" Line 68
Stopped at time : 1060 ns : File "C:/Users/Chick/Vivado_Builds/traffic_light_controller/traffic_light_controller.srcs/sources_1/new/traffic_control.v" Line 75
Stopped at time : 1060 ns : File "C:/Users/Chick/Vivado_Builds/traffic_light_controller/traffic_light_controller.srcs/sources_1/new/traffic_control.v" Line 76
Stopped at time : 1060 ns : File "C:/Users/Chick/Vivado_Builds/traffic_light_controller/traffic_light_controller.srcs/sources_1/new/traffic_control.v" Line 42
Stopped at time : 1065 ns : File "C:/Users/Chick/Vivado_Builds/traffic_light_controller/traffic_light_controller.srcs/sources_1/new/traffic_control_tb.v" Line 33
Stopped at time : 1065 ns : File "C:/Users/Chick/Vivado_Builds/traffic_light_controller/traffic_light_controller.srcs/sources_1/new/traffic_control_tb.v" Line 33
Stopped at time : 1065 ns : File "C:/Users/Chick/Vivado_Builds/traffic_light_controller/traffic_light_controller.srcs/sources_1/new/traffic_control_tb.v" Line 33
Stopped at time : 1070 ns : File "C:/Users/Chick/Vivado_Builds/traffic_light_controller/traffic_light_controller.srcs/sources_1/new/traffic_control_tb.v" Line 33
Stopped at time : 1070 ns : File "C:/Users/Chick/Vivado_Builds/traffic_light_controller/traffic_light_controller.srcs/sources_1/new/traffic_control_tb.v" Line 33
Stopped at time : 1070 ns : File "C:/Users/Chick/Vivado_Builds/traffic_light_controller/traffic_light_controller.srcs/sources_1/new/traffic_control_tb.v" Line 33
Stopped at time : 1070 ns : File "C:/Users/Chick/Vivado_Builds/traffic_light_controller/traffic_light_controller.srcs/sources_1/new/traffic_control.v" Line 44
Stopped at time : 1070 ns : File "C:/Users/Chick/Vivado_Builds/traffic_light_controller/traffic_light_controller.srcs/sources_1/new/traffic_control.v" Line 51
Stopped at time : 1070 ns : File "C:/Users/Chick/Vivado_Builds/traffic_light_controller/traffic_light_controller.srcs/sources_1/new/traffic_control.v" Line 68
Stopped at time : 1070 ns : File "C:/Users/Chick/Vivado_Builds/traffic_light_controller/traffic_light_controller.srcs/sources_1/new/traffic_control.v" Line 75
Stopped at time : 1070 ns : File "C:/Users/Chick/Vivado_Builds/traffic_light_controller/traffic_light_controller.srcs/sources_1/new/traffic_control.v" Line 76
Stopped at time : 1070 ns : File "C:/Users/Chick/Vivado_Builds/traffic_light_controller/traffic_light_controller.srcs/sources_1/new/traffic_control.v" Line 42
Stopped at time : 1075 ns : File "C:/Users/Chick/Vivado_Builds/traffic_light_controller/traffic_light_controller.srcs/sources_1/new/traffic_control_tb.v" Line 33
Stopped at time : 1075 ns : File "C:/Users/Chick/Vivado_Builds/traffic_light_controller/traffic_light_controller.srcs/sources_1/new/traffic_control_tb.v" Line 33
Stopped at time : 1075 ns : File "C:/Users/Chick/Vivado_Builds/traffic_light_controller/traffic_light_controller.srcs/sources_1/new/traffic_control_tb.v" Line 33
Stopped at time : 1080 ns : File "C:/Users/Chick/Vivado_Builds/traffic_light_controller/traffic_light_controller.srcs/sources_1/new/traffic_control_tb.v" Line 33
Stopped at time : 1080 ns : File "C:/Users/Chick/Vivado_Builds/traffic_light_controller/traffic_light_controller.srcs/sources_1/new/traffic_control_tb.v" Line 33
Stopped at time : 1080 ns : File "C:/Users/Chick/Vivado_Builds/traffic_light_controller/traffic_light_controller.srcs/sources_1/new/traffic_control_tb.v" Line 33
Stopped at time : 1080 ns : File "C:/Users/Chick/Vivado_Builds/traffic_light_controller/traffic_light_controller.srcs/sources_1/new/traffic_control.v" Line 44
Stopped at time : 1080 ns : File "C:/Users/Chick/Vivado_Builds/traffic_light_controller/traffic_light_controller.srcs/sources_1/new/traffic_control.v" Line 51
Stopped at time : 1080 ns : File "C:/Users/Chick/Vivado_Builds/traffic_light_controller/traffic_light_controller.srcs/sources_1/new/traffic_control.v" Line 68
Stopped at time : 1080 ns : File "C:/Users/Chick/Vivado_Builds/traffic_light_controller/traffic_light_controller.srcs/sources_1/new/traffic_control.v" Line 75
Stopped at time : 1080 ns : File "C:/Users/Chick/Vivado_Builds/traffic_light_controller/traffic_light_controller.srcs/sources_1/new/traffic_control.v" Line 76
Stopped at time : 1080 ns : File "C:/Users/Chick/Vivado_Builds/traffic_light_controller/traffic_light_controller.srcs/sources_1/new/traffic_control.v" Line 42
Stopped at time : 1085 ns : File "C:/Users/Chick/Vivado_Builds/traffic_light_controller/traffic_light_controller.srcs/sources_1/new/traffic_control_tb.v" Line 33
Stopped at time : 1085 ns : File "C:/Users/Chick/Vivado_Builds/traffic_light_controller/traffic_light_controller.srcs/sources_1/new/traffic_control_tb.v" Line 33
Stopped at time : 1085 ns : File "C:/Users/Chick/Vivado_Builds/traffic_light_controller/traffic_light_controller.srcs/sources_1/new/traffic_control_tb.v" Line 33
Stopped at time : 1090 ns : File "C:/Users/Chick/Vivado_Builds/traffic_light_controller/traffic_light_controller.srcs/sources_1/new/traffic_control_tb.v" Line 33
Stopped at time : 1090 ns : File "C:/Users/Chick/Vivado_Builds/traffic_light_controller/traffic_light_controller.srcs/sources_1/new/traffic_control_tb.v" Line 33
Stopped at time : 1090 ns : File "C:/Users/Chick/Vivado_Builds/traffic_light_controller/traffic_light_controller.srcs/sources_1/new/traffic_control_tb.v" Line 33
Stopped at time : 1090 ns : File "C:/Users/Chick/Vivado_Builds/traffic_light_controller/traffic_light_controller.srcs/sources_1/new/traffic_control.v" Line 44
Stopped at time : 1090 ns : File "C:/Users/Chick/Vivado_Builds/traffic_light_controller/traffic_light_controller.srcs/sources_1/new/traffic_control.v" Line 51
Stopped at time : 1090 ns : File "C:/Users/Chick/Vivado_Builds/traffic_light_controller/traffic_light_controller.srcs/sources_1/new/traffic_control.v" Line 68
Stopped at time : 1090 ns : File "C:/Users/Chick/Vivado_Builds/traffic_light_controller/traffic_light_controller.srcs/sources_1/new/traffic_control.v" Line 70
Stopped at time : 1090 ns : File "C:/Users/Chick/Vivado_Builds/traffic_light_controller/traffic_light_controller.srcs/sources_1/new/traffic_control.v" Line 71
Stopped at time : 1090 ns : File "C:/Users/Chick/Vivado_Builds/traffic_light_controller/traffic_light_controller.srcs/sources_1/new/traffic_control.v" Line 42
Stopped at time : 1090 ns : File "C:/Users/Chick/Vivado_Builds/traffic_light_controller/traffic_light_controller.srcs/sources_1/new/traffic_control.v" Line 169
Stopped at time : 1090 ns : File "C:/Users/Chick/Vivado_Builds/traffic_light_controller/traffic_light_controller.srcs/sources_1/new/traffic_control.v" Line 186
Stopped at time : 1090 ns : File "C:/Users/Chick/Vivado_Builds/traffic_light_controller/traffic_light_controller.srcs/sources_1/new/traffic_control.v" Line 187
Stopped at time : 1090 ns : File "C:/Users/Chick/Vivado_Builds/traffic_light_controller/traffic_light_controller.srcs/sources_1/new/traffic_control.v" Line 188
Stopped at time : 1090 ns : File "C:/Users/Chick/Vivado_Builds/traffic_light_controller/traffic_light_controller.srcs/sources_1/new/traffic_control.v" Line 189
Stopped at time : 1090 ns : File "C:/Users/Chick/Vivado_Builds/traffic_light_controller/traffic_light_controller.srcs/sources_1/new/traffic_control.v" Line 167
Stopped at time : 1095 ns : File "C:/Users/Chick/Vivado_Builds/traffic_light_controller/traffic_light_controller.srcs/sources_1/new/traffic_control_tb.v" Line 33
Stopped at time : 1095 ns : File "C:/Users/Chick/Vivado_Builds/traffic_light_controller/traffic_light_controller.srcs/sources_1/new/traffic_control_tb.v" Line 33
Stopped at time : 1095 ns : File "C:/Users/Chick/Vivado_Builds/traffic_light_controller/traffic_light_controller.srcs/sources_1/new/traffic_control_tb.v" Line 33
Stopped at time : 1100 ns : File "C:/Users/Chick/Vivado_Builds/traffic_light_controller/traffic_light_controller.srcs/sources_1/new/traffic_control_tb.v" Line 33
Stopped at time : 1100 ns : File "C:/Users/Chick/Vivado_Builds/traffic_light_controller/traffic_light_controller.srcs/sources_1/new/traffic_control_tb.v" Line 33
Stopped at time : 1100 ns : File "C:/Users/Chick/Vivado_Builds/traffic_light_controller/traffic_light_controller.srcs/sources_1/new/traffic_control_tb.v" Line 33
Stopped at time : 1100 ns : File "C:/Users/Chick/Vivado_Builds/traffic_light_controller/traffic_light_controller.srcs/sources_1/new/traffic_control.v" Line 44
Stopped at time : 1100 ns : File "C:/Users/Chick/Vivado_Builds/traffic_light_controller/traffic_light_controller.srcs/sources_1/new/traffic_control.v" Line 51
Stopped at time : 1100 ns : File "C:/Users/Chick/Vivado_Builds/traffic_light_controller/traffic_light_controller.srcs/sources_1/new/traffic_control.v" Line 82
Stopped at time : 1100 ns : File "C:/Users/Chick/Vivado_Builds/traffic_light_controller/traffic_light_controller.srcs/sources_1/new/traffic_control.v" Line 89
Stopped at time : 1100 ns : File "C:/Users/Chick/Vivado_Builds/traffic_light_controller/traffic_light_controller.srcs/sources_1/new/traffic_control.v" Line 90
Stopped at time : 1100 ns : File "C:/Users/Chick/Vivado_Builds/traffic_light_controller/traffic_light_controller.srcs/sources_1/new/traffic_control.v" Line 42
Stopped at time : 1105 ns : File "C:/Users/Chick/Vivado_Builds/traffic_light_controller/traffic_light_controller.srcs/sources_1/new/traffic_control_tb.v" Line 33
Stopped at time : 1105 ns : File "C:/Users/Chick/Vivado_Builds/traffic_light_controller/traffic_light_controller.srcs/sources_1/new/traffic_control_tb.v" Line 33
Stopped at time : 1105 ns : File "C:/Users/Chick/Vivado_Builds/traffic_light_controller/traffic_light_controller.srcs/sources_1/new/traffic_control_tb.v" Line 33
Stopped at time : 1110 ns : File "C:/Users/Chick/Vivado_Builds/traffic_light_controller/traffic_light_controller.srcs/sources_1/new/traffic_control_tb.v" Line 33
Stopped at time : 1110 ns : File "C:/Users/Chick/Vivado_Builds/traffic_light_controller/traffic_light_controller.srcs/sources_1/new/traffic_control_tb.v" Line 33
Stopped at time : 1110 ns : File "C:/Users/Chick/Vivado_Builds/traffic_light_controller/traffic_light_controller.srcs/sources_1/new/traffic_control_tb.v" Line 33
Stopped at time : 1110 ns : File "C:/Users/Chick/Vivado_Builds/traffic_light_controller/traffic_light_controller.srcs/sources_1/new/traffic_control.v" Line 44
Stopped at time : 1110 ns : File "C:/Users/Chick/Vivado_Builds/traffic_light_controller/traffic_light_controller.srcs/sources_1/new/traffic_control.v" Line 51
Stopped at time : 1110 ns : File "C:/Users/Chick/Vivado_Builds/traffic_light_controller/traffic_light_controller.srcs/sources_1/new/traffic_control.v" Line 82
Stopped at time : 1110 ns : File "C:/Users/Chick/Vivado_Builds/traffic_light_controller/traffic_light_controller.srcs/sources_1/new/traffic_control.v" Line 89
Stopped at time : 1110 ns : File "C:/Users/Chick/Vivado_Builds/traffic_light_controller/traffic_light_controller.srcs/sources_1/new/traffic_control.v" Line 90
Stopped at time : 1110 ns : File "C:/Users/Chick/Vivado_Builds/traffic_light_controller/traffic_light_controller.srcs/sources_1/new/traffic_control.v" Line 42
Stopped at time : 1115 ns : File "C:/Users/Chick/Vivado_Builds/traffic_light_controller/traffic_light_controller.srcs/sources_1/new/traffic_control_tb.v" Line 33
Stopped at time : 1115 ns : File "C:/Users/Chick/Vivado_Builds/traffic_light_controller/traffic_light_controller.srcs/sources_1/new/traffic_control_tb.v" Line 33
Stopped at time : 1115 ns : File "C:/Users/Chick/Vivado_Builds/traffic_light_controller/traffic_light_controller.srcs/sources_1/new/traffic_control_tb.v" Line 33
Stopped at time : 1120 ns : File "C:/Users/Chick/Vivado_Builds/traffic_light_controller/traffic_light_controller.srcs/sources_1/new/traffic_control_tb.v" Line 33
Stopped at time : 1120 ns : File "C:/Users/Chick/Vivado_Builds/traffic_light_controller/traffic_light_controller.srcs/sources_1/new/traffic_control_tb.v" Line 33
Stopped at time : 1120 ns : File "C:/Users/Chick/Vivado_Builds/traffic_light_controller/traffic_light_controller.srcs/sources_1/new/traffic_control_tb.v" Line 33
Stopped at time : 1120 ns : File "C:/Users/Chick/Vivado_Builds/traffic_light_controller/traffic_light_controller.srcs/sources_1/new/traffic_control.v" Line 44
Stopped at time : 1120 ns : File "C:/Users/Chick/Vivado_Builds/traffic_light_controller/traffic_light_controller.srcs/sources_1/new/traffic_control.v" Line 51
Stopped at time : 1120 ns : File "C:/Users/Chick/Vivado_Builds/traffic_light_controller/traffic_light_controller.srcs/sources_1/new/traffic_control.v" Line 82
Stopped at time : 1120 ns : File "C:/Users/Chick/Vivado_Builds/traffic_light_controller/traffic_light_controller.srcs/sources_1/new/traffic_control.v" Line 89
Stopped at time : 1120 ns : File "C:/Users/Chick/Vivado_Builds/traffic_light_controller/traffic_light_controller.srcs/sources_1/new/traffic_control.v" Line 90
Stopped at time : 1120 ns : File "C:/Users/Chick/Vivado_Builds/traffic_light_controller/traffic_light_controller.srcs/sources_1/new/traffic_control.v" Line 42
Stopped at time : 1125 ns : File "C:/Users/Chick/Vivado_Builds/traffic_light_controller/traffic_light_controller.srcs/sources_1/new/traffic_control_tb.v" Line 33
Stopped at time : 1125 ns : File "C:/Users/Chick/Vivado_Builds/traffic_light_controller/traffic_light_controller.srcs/sources_1/new/traffic_control_tb.v" Line 33
Stopped at time : 1125 ns : File "C:/Users/Chick/Vivado_Builds/traffic_light_controller/traffic_light_controller.srcs/sources_1/new/traffic_control_tb.v" Line 33
Stopped at time : 1130 ns : File "C:/Users/Chick/Vivado_Builds/traffic_light_controller/traffic_light_controller.srcs/sources_1/new/traffic_control_tb.v" Line 33
Stopped at time : 1130 ns : File "C:/Users/Chick/Vivado_Builds/traffic_light_controller/traffic_light_controller.srcs/sources_1/new/traffic_control_tb.v" Line 33
Stopped at time : 1130 ns : File "C:/Users/Chick/Vivado_Builds/traffic_light_controller/traffic_light_controller.srcs/sources_1/new/traffic_control_tb.v" Line 33
Stopped at time : 1130 ns : File "C:/Users/Chick/Vivado_Builds/traffic_light_controller/traffic_light_controller.srcs/sources_1/new/traffic_control.v" Line 44
Stopped at time : 1130 ns : File "C:/Users/Chick/Vivado_Builds/traffic_light_controller/traffic_light_controller.srcs/sources_1/new/traffic_control.v" Line 51
Stopped at time : 1130 ns : File "C:/Users/Chick/Vivado_Builds/traffic_light_controller/traffic_light_controller.srcs/sources_1/new/traffic_control.v" Line 82
Stopped at time : 1130 ns : File "C:/Users/Chick/Vivado_Builds/traffic_light_controller/traffic_light_controller.srcs/sources_1/new/traffic_control.v" Line 89
Stopped at time : 1130 ns : File "C:/Users/Chick/Vivado_Builds/traffic_light_controller/traffic_light_controller.srcs/sources_1/new/traffic_control.v" Line 90
Stopped at time : 1130 ns : File "C:/Users/Chick/Vivado_Builds/traffic_light_controller/traffic_light_controller.srcs/sources_1/new/traffic_control.v" Line 42
Stopped at time : 1135 ns : File "C:/Users/Chick/Vivado_Builds/traffic_light_controller/traffic_light_controller.srcs/sources_1/new/traffic_control_tb.v" Line 33
Stopped at time : 1135 ns : File "C:/Users/Chick/Vivado_Builds/traffic_light_controller/traffic_light_controller.srcs/sources_1/new/traffic_control_tb.v" Line 33
Stopped at time : 1135 ns : File "C:/Users/Chick/Vivado_Builds/traffic_light_controller/traffic_light_controller.srcs/sources_1/new/traffic_control_tb.v" Line 33
Stopped at time : 1140 ns : File "C:/Users/Chick/Vivado_Builds/traffic_light_controller/traffic_light_controller.srcs/sources_1/new/traffic_control_tb.v" Line 33
Stopped at time : 1140 ns : File "C:/Users/Chick/Vivado_Builds/traffic_light_controller/traffic_light_controller.srcs/sources_1/new/traffic_control_tb.v" Line 33
Stopped at time : 1140 ns : File "C:/Users/Chick/Vivado_Builds/traffic_light_controller/traffic_light_controller.srcs/sources_1/new/traffic_control_tb.v" Line 33
Stopped at time : 1140 ns : File "C:/Users/Chick/Vivado_Builds/traffic_light_controller/traffic_light_controller.srcs/sources_1/new/traffic_control.v" Line 44
Stopped at time : 1140 ns : File "C:/Users/Chick/Vivado_Builds/traffic_light_controller/traffic_light_controller.srcs/sources_1/new/traffic_control.v" Line 51
Stopped at time : 1140 ns : File "C:/Users/Chick/Vivado_Builds/traffic_light_controller/traffic_light_controller.srcs/sources_1/new/traffic_control.v" Line 82
Stopped at time : 1140 ns : File "C:/Users/Chick/Vivado_Builds/traffic_light_controller/traffic_light_controller.srcs/sources_1/new/traffic_control.v" Line 89
Stopped at time : 1140 ns : File "C:/Users/Chick/Vivado_Builds/traffic_light_controller/traffic_light_controller.srcs/sources_1/new/traffic_control.v" Line 90
Stopped at time : 1140 ns : File "C:/Users/Chick/Vivado_Builds/traffic_light_controller/traffic_light_controller.srcs/sources_1/new/traffic_control.v" Line 42
Stopped at time : 1145 ns : File "C:/Users/Chick/Vivado_Builds/traffic_light_controller/traffic_light_controller.srcs/sources_1/new/traffic_control_tb.v" Line 33
Stopped at time : 1145 ns : File "C:/Users/Chick/Vivado_Builds/traffic_light_controller/traffic_light_controller.srcs/sources_1/new/traffic_control_tb.v" Line 33
Stopped at time : 1145 ns : File "C:/Users/Chick/Vivado_Builds/traffic_light_controller/traffic_light_controller.srcs/sources_1/new/traffic_control_tb.v" Line 33
Stopped at time : 1150 ns : File "C:/Users/Chick/Vivado_Builds/traffic_light_controller/traffic_light_controller.srcs/sources_1/new/traffic_control_tb.v" Line 33
Stopped at time : 1150 ns : File "C:/Users/Chick/Vivado_Builds/traffic_light_controller/traffic_light_controller.srcs/sources_1/new/traffic_control_tb.v" Line 33
Stopped at time : 1150 ns : File "C:/Users/Chick/Vivado_Builds/traffic_light_controller/traffic_light_controller.srcs/sources_1/new/traffic_control_tb.v" Line 33
Stopped at time : 1150 ns : File "C:/Users/Chick/Vivado_Builds/traffic_light_controller/traffic_light_controller.srcs/sources_1/new/traffic_control.v" Line 44
Stopped at time : 1150 ns : File "C:/Users/Chick/Vivado_Builds/traffic_light_controller/traffic_light_controller.srcs/sources_1/new/traffic_control.v" Line 51
Stopped at time : 1150 ns : File "C:/Users/Chick/Vivado_Builds/traffic_light_controller/traffic_light_controller.srcs/sources_1/new/traffic_control.v" Line 82
Stopped at time : 1150 ns : File "C:/Users/Chick/Vivado_Builds/traffic_light_controller/traffic_light_controller.srcs/sources_1/new/traffic_control.v" Line 89
Stopped at time : 1150 ns : File "C:/Users/Chick/Vivado_Builds/traffic_light_controller/traffic_light_controller.srcs/sources_1/new/traffic_control.v" Line 90
Stopped at time : 1150 ns : File "C:/Users/Chick/Vivado_Builds/traffic_light_controller/traffic_light_controller.srcs/sources_1/new/traffic_control.v" Line 42
Stopped at time : 1155 ns : File "C:/Users/Chick/Vivado_Builds/traffic_light_controller/traffic_light_controller.srcs/sources_1/new/traffic_control_tb.v" Line 33
Stopped at time : 1155 ns : File "C:/Users/Chick/Vivado_Builds/traffic_light_controller/traffic_light_controller.srcs/sources_1/new/traffic_control_tb.v" Line 33
Stopped at time : 1155 ns : File "C:/Users/Chick/Vivado_Builds/traffic_light_controller/traffic_light_controller.srcs/sources_1/new/traffic_control_tb.v" Line 33
Stopped at time : 1160 ns : File "C:/Users/Chick/Vivado_Builds/traffic_light_controller/traffic_light_controller.srcs/sources_1/new/traffic_control_tb.v" Line 33
Stopped at time : 1160 ns : File "C:/Users/Chick/Vivado_Builds/traffic_light_controller/traffic_light_controller.srcs/sources_1/new/traffic_control_tb.v" Line 33
Stopped at time : 1160 ns : File "C:/Users/Chick/Vivado_Builds/traffic_light_controller/traffic_light_controller.srcs/sources_1/new/traffic_control_tb.v" Line 33
Stopped at time : 1160 ns : File "C:/Users/Chick/Vivado_Builds/traffic_light_controller/traffic_light_controller.srcs/sources_1/new/traffic_control.v" Line 44
Stopped at time : 1160 ns : File "C:/Users/Chick/Vivado_Builds/traffic_light_controller/traffic_light_controller.srcs/sources_1/new/traffic_control.v" Line 51
Stopped at time : 1160 ns : File "C:/Users/Chick/Vivado_Builds/traffic_light_controller/traffic_light_controller.srcs/sources_1/new/traffic_control.v" Line 82
Stopped at time : 1160 ns : File "C:/Users/Chick/Vivado_Builds/traffic_light_controller/traffic_light_controller.srcs/sources_1/new/traffic_control.v" Line 89
Stopped at time : 1160 ns : File "C:/Users/Chick/Vivado_Builds/traffic_light_controller/traffic_light_controller.srcs/sources_1/new/traffic_control.v" Line 90
Stopped at time : 1160 ns : File "C:/Users/Chick/Vivado_Builds/traffic_light_controller/traffic_light_controller.srcs/sources_1/new/traffic_control.v" Line 42
Stopped at time : 1165 ns : File "C:/Users/Chick/Vivado_Builds/traffic_light_controller/traffic_light_controller.srcs/sources_1/new/traffic_control_tb.v" Line 33
Stopped at time : 1165 ns : File "C:/Users/Chick/Vivado_Builds/traffic_light_controller/traffic_light_controller.srcs/sources_1/new/traffic_control_tb.v" Line 33
Stopped at time : 1165 ns : File "C:/Users/Chick/Vivado_Builds/traffic_light_controller/traffic_light_controller.srcs/sources_1/new/traffic_control_tb.v" Line 33
Stopped at time : 1170 ns : File "C:/Users/Chick/Vivado_Builds/traffic_light_controller/traffic_light_controller.srcs/sources_1/new/traffic_control_tb.v" Line 33
Stopped at time : 1170 ns : File "C:/Users/Chick/Vivado_Builds/traffic_light_controller/traffic_light_controller.srcs/sources_1/new/traffic_control_tb.v" Line 33
Stopped at time : 1170 ns : File "C:/Users/Chick/Vivado_Builds/traffic_light_controller/traffic_light_controller.srcs/sources_1/new/traffic_control_tb.v" Line 33
Stopped at time : 1170 ns : File "C:/Users/Chick/Vivado_Builds/traffic_light_controller/traffic_light_controller.srcs/sources_1/new/traffic_control.v" Line 44
Stopped at time : 1170 ns : File "C:/Users/Chick/Vivado_Builds/traffic_light_controller/traffic_light_controller.srcs/sources_1/new/traffic_control.v" Line 51
Stopped at time : 1170 ns : File "C:/Users/Chick/Vivado_Builds/traffic_light_controller/traffic_light_controller.srcs/sources_1/new/traffic_control.v" Line 82
Stopped at time : 1170 ns : File "C:/Users/Chick/Vivado_Builds/traffic_light_controller/traffic_light_controller.srcs/sources_1/new/traffic_control.v" Line 84
Stopped at time : 1170 ns : File "C:/Users/Chick/Vivado_Builds/traffic_light_controller/traffic_light_controller.srcs/sources_1/new/traffic_control.v" Line 85
Stopped at time : 1170 ns : File "C:/Users/Chick/Vivado_Builds/traffic_light_controller/traffic_light_controller.srcs/sources_1/new/traffic_control.v" Line 42
Stopped at time : 1170 ns : File "C:/Users/Chick/Vivado_Builds/traffic_light_controller/traffic_light_controller.srcs/sources_1/new/traffic_control.v" Line 169
Stopped at time : 1170 ns : File "C:/Users/Chick/Vivado_Builds/traffic_light_controller/traffic_light_controller.srcs/sources_1/new/traffic_control.v" Line 193
Stopped at time : 1170 ns : File "C:/Users/Chick/Vivado_Builds/traffic_light_controller/traffic_light_controller.srcs/sources_1/new/traffic_control.v" Line 194
Stopped at time : 1170 ns : File "C:/Users/Chick/Vivado_Builds/traffic_light_controller/traffic_light_controller.srcs/sources_1/new/traffic_control.v" Line 195
Stopped at time : 1170 ns : File "C:/Users/Chick/Vivado_Builds/traffic_light_controller/traffic_light_controller.srcs/sources_1/new/traffic_control.v" Line 196
Stopped at time : 1170 ns : File "C:/Users/Chick/Vivado_Builds/traffic_light_controller/traffic_light_controller.srcs/sources_1/new/traffic_control.v" Line 167
Stopped at time : 1175 ns : File "C:/Users/Chick/Vivado_Builds/traffic_light_controller/traffic_light_controller.srcs/sources_1/new/traffic_control_tb.v" Line 33
Stopped at time : 1175 ns : File "C:/Users/Chick/Vivado_Builds/traffic_light_controller/traffic_light_controller.srcs/sources_1/new/traffic_control_tb.v" Line 33
Stopped at time : 1175 ns : File "C:/Users/Chick/Vivado_Builds/traffic_light_controller/traffic_light_controller.srcs/sources_1/new/traffic_control_tb.v" Line 33
Stopped at time : 1180 ns : File "C:/Users/Chick/Vivado_Builds/traffic_light_controller/traffic_light_controller.srcs/sources_1/new/traffic_control_tb.v" Line 33
Stopped at time : 1180 ns : File "C:/Users/Chick/Vivado_Builds/traffic_light_controller/traffic_light_controller.srcs/sources_1/new/traffic_control_tb.v" Line 33
Stopped at time : 1180 ns : File "C:/Users/Chick/Vivado_Builds/traffic_light_controller/traffic_light_controller.srcs/sources_1/new/traffic_control_tb.v" Line 33
Stopped at time : 1180 ns : File "C:/Users/Chick/Vivado_Builds/traffic_light_controller/traffic_light_controller.srcs/sources_1/new/traffic_control.v" Line 44
Stopped at time : 1180 ns : File "C:/Users/Chick/Vivado_Builds/traffic_light_controller/traffic_light_controller.srcs/sources_1/new/traffic_control.v" Line 51
Stopped at time : 1180 ns : File "C:/Users/Chick/Vivado_Builds/traffic_light_controller/traffic_light_controller.srcs/sources_1/new/traffic_control.v" Line 96
Stopped at time : 1180 ns : File "C:/Users/Chick/Vivado_Builds/traffic_light_controller/traffic_light_controller.srcs/sources_1/new/traffic_control.v" Line 103
Stopped at time : 1180 ns : File "C:/Users/Chick/Vivado_Builds/traffic_light_controller/traffic_light_controller.srcs/sources_1/new/traffic_control.v" Line 104
Stopped at time : 1180 ns : File "C:/Users/Chick/Vivado_Builds/traffic_light_controller/traffic_light_controller.srcs/sources_1/new/traffic_control.v" Line 42
Stopped at time : 1185 ns : File "C:/Users/Chick/Vivado_Builds/traffic_light_controller/traffic_light_controller.srcs/sources_1/new/traffic_control_tb.v" Line 33
Stopped at time : 1185 ns : File "C:/Users/Chick/Vivado_Builds/traffic_light_controller/traffic_light_controller.srcs/sources_1/new/traffic_control_tb.v" Line 33
Stopped at time : 1185 ns : File "C:/Users/Chick/Vivado_Builds/traffic_light_controller/traffic_light_controller.srcs/sources_1/new/traffic_control_tb.v" Line 33
Stopped at time : 1190 ns : File "C:/Users/Chick/Vivado_Builds/traffic_light_controller/traffic_light_controller.srcs/sources_1/new/traffic_control_tb.v" Line 33
Stopped at time : 1190 ns : File "C:/Users/Chick/Vivado_Builds/traffic_light_controller/traffic_light_controller.srcs/sources_1/new/traffic_control_tb.v" Line 33
Stopped at time : 1190 ns : File "C:/Users/Chick/Vivado_Builds/traffic_light_controller/traffic_light_controller.srcs/sources_1/new/traffic_control_tb.v" Line 33
Stopped at time : 1190 ns : File "C:/Users/Chick/Vivado_Builds/traffic_light_controller/traffic_light_controller.srcs/sources_1/new/traffic_control.v" Line 44
Stopped at time : 1190 ns : File "C:/Users/Chick/Vivado_Builds/traffic_light_controller/traffic_light_controller.srcs/sources_1/new/traffic_control.v" Line 51
Stopped at time : 1190 ns : File "C:/Users/Chick/Vivado_Builds/traffic_light_controller/traffic_light_controller.srcs/sources_1/new/traffic_control.v" Line 96
Stopped at time : 1190 ns : File "C:/Users/Chick/Vivado_Builds/traffic_light_controller/traffic_light_controller.srcs/sources_1/new/traffic_control.v" Line 103
Stopped at time : 1190 ns : File "C:/Users/Chick/Vivado_Builds/traffic_light_controller/traffic_light_controller.srcs/sources_1/new/traffic_control.v" Line 104
Stopped at time : 1190 ns : File "C:/Users/Chick/Vivado_Builds/traffic_light_controller/traffic_light_controller.srcs/sources_1/new/traffic_control.v" Line 42
Stopped at time : 1195 ns : File "C:/Users/Chick/Vivado_Builds/traffic_light_controller/traffic_light_controller.srcs/sources_1/new/traffic_control_tb.v" Line 33
Stopped at time : 1195 ns : File "C:/Users/Chick/Vivado_Builds/traffic_light_controller/traffic_light_controller.srcs/sources_1/new/traffic_control_tb.v" Line 33
Stopped at time : 1195 ns : File "C:/Users/Chick/Vivado_Builds/traffic_light_controller/traffic_light_controller.srcs/sources_1/new/traffic_control_tb.v" Line 33
Stopped at time : 1200 ns : File "C:/Users/Chick/Vivado_Builds/traffic_light_controller/traffic_light_controller.srcs/sources_1/new/traffic_control_tb.v" Line 33
Stopped at time : 1200 ns : File "C:/Users/Chick/Vivado_Builds/traffic_light_controller/traffic_light_controller.srcs/sources_1/new/traffic_control_tb.v" Line 33
Stopped at time : 1200 ns : File "C:/Users/Chick/Vivado_Builds/traffic_light_controller/traffic_light_controller.srcs/sources_1/new/traffic_control_tb.v" Line 33
Stopped at time : 1200 ns : File "C:/Users/Chick/Vivado_Builds/traffic_light_controller/traffic_light_controller.srcs/sources_1/new/traffic_control.v" Line 44
Stopped at time : 1200 ns : File "C:/Users/Chick/Vivado_Builds/traffic_light_controller/traffic_light_controller.srcs/sources_1/new/traffic_control.v" Line 51
Stopped at time : 1200 ns : File "C:/Users/Chick/Vivado_Builds/traffic_light_controller/traffic_light_controller.srcs/sources_1/new/traffic_control.v" Line 96
Stopped at time : 1200 ns : File "C:/Users/Chick/Vivado_Builds/traffic_light_controller/traffic_light_controller.srcs/sources_1/new/traffic_control.v" Line 103
Stopped at time : 1200 ns : File "C:/Users/Chick/Vivado_Builds/traffic_light_controller/traffic_light_controller.srcs/sources_1/new/traffic_control.v" Line 104
Stopped at time : 1200 ns : File "C:/Users/Chick/Vivado_Builds/traffic_light_controller/traffic_light_controller.srcs/sources_1/new/traffic_control.v" Line 42
Stopped at time : 1205 ns : File "C:/Users/Chick/Vivado_Builds/traffic_light_controller/traffic_light_controller.srcs/sources_1/new/traffic_control_tb.v" Line 33
Stopped at time : 1205 ns : File "C:/Users/Chick/Vivado_Builds/traffic_light_controller/traffic_light_controller.srcs/sources_1/new/traffic_control_tb.v" Line 33
Stopped at time : 1205 ns : File "C:/Users/Chick/Vivado_Builds/traffic_light_controller/traffic_light_controller.srcs/sources_1/new/traffic_control_tb.v" Line 33
Stopped at time : 1210 ns : File "C:/Users/Chick/Vivado_Builds/traffic_light_controller/traffic_light_controller.srcs/sources_1/new/traffic_control_tb.v" Line 33
Stopped at time : 1210 ns : File "C:/Users/Chick/Vivado_Builds/traffic_light_controller/traffic_light_controller.srcs/sources_1/new/traffic_control_tb.v" Line 33
Stopped at time : 1210 ns : File "C:/Users/Chick/Vivado_Builds/traffic_light_controller/traffic_light_controller.srcs/sources_1/new/traffic_control_tb.v" Line 33
Stopped at time : 1210 ns : File "C:/Users/Chick/Vivado_Builds/traffic_light_controller/traffic_light_controller.srcs/sources_1/new/traffic_control.v" Line 44
Stopped at time : 1210 ns : File "C:/Users/Chick/Vivado_Builds/traffic_light_controller/traffic_light_controller.srcs/sources_1/new/traffic_control.v" Line 51
Stopped at time : 1210 ns : File "C:/Users/Chick/Vivado_Builds/traffic_light_controller/traffic_light_controller.srcs/sources_1/new/traffic_control.v" Line 96
Stopped at time : 1210 ns : File "C:/Users/Chick/Vivado_Builds/traffic_light_controller/traffic_light_controller.srcs/sources_1/new/traffic_control.v" Line 98
Stopped at time : 1210 ns : File "C:/Users/Chick/Vivado_Builds/traffic_light_controller/traffic_light_controller.srcs/sources_1/new/traffic_control.v" Line 99
Stopped at time : 1210 ns : File "C:/Users/Chick/Vivado_Builds/traffic_light_controller/traffic_light_controller.srcs/sources_1/new/traffic_control.v" Line 42
Stopped at time : 1210 ns : File "C:/Users/Chick/Vivado_Builds/traffic_light_controller/traffic_light_controller.srcs/sources_1/new/traffic_control.v" Line 169
Stopped at time : 1210 ns : File "C:/Users/Chick/Vivado_Builds/traffic_light_controller/traffic_light_controller.srcs/sources_1/new/traffic_control.v" Line 200
Stopped at time : 1210 ns : File "C:/Users/Chick/Vivado_Builds/traffic_light_controller/traffic_light_controller.srcs/sources_1/new/traffic_control.v" Line 201
Stopped at time : 1210 ns : File "C:/Users/Chick/Vivado_Builds/traffic_light_controller/traffic_light_controller.srcs/sources_1/new/traffic_control.v" Line 202
Stopped at time : 1210 ns : File "C:/Users/Chick/Vivado_Builds/traffic_light_controller/traffic_light_controller.srcs/sources_1/new/traffic_control.v" Line 203
Stopped at time : 1210 ns : File "C:/Users/Chick/Vivado_Builds/traffic_light_controller/traffic_light_controller.srcs/sources_1/new/traffic_control.v" Line 167
Stopped at time : 1215 ns : File "C:/Users/Chick/Vivado_Builds/traffic_light_controller/traffic_light_controller.srcs/sources_1/new/traffic_control_tb.v" Line 33
Stopped at time : 1215 ns : File "C:/Users/Chick/Vivado_Builds/traffic_light_controller/traffic_light_controller.srcs/sources_1/new/traffic_control_tb.v" Line 33
Stopped at time : 1215 ns : File "C:/Users/Chick/Vivado_Builds/traffic_light_controller/traffic_light_controller.srcs/sources_1/new/traffic_control_tb.v" Line 33
Stopped at time : 1220 ns : File "C:/Users/Chick/Vivado_Builds/traffic_light_controller/traffic_light_controller.srcs/sources_1/new/traffic_control_tb.v" Line 33
Stopped at time : 1220 ns : File "C:/Users/Chick/Vivado_Builds/traffic_light_controller/traffic_light_controller.srcs/sources_1/new/traffic_control_tb.v" Line 33
Stopped at time : 1220 ns : File "C:/Users/Chick/Vivado_Builds/traffic_light_controller/traffic_light_controller.srcs/sources_1/new/traffic_control_tb.v" Line 33
Stopped at time : 1220 ns : File "C:/Users/Chick/Vivado_Builds/traffic_light_controller/traffic_light_controller.srcs/sources_1/new/traffic_control.v" Line 44
Stopped at time : 1220 ns : File "C:/Users/Chick/Vivado_Builds/traffic_light_controller/traffic_light_controller.srcs/sources_1/new/traffic_control.v" Line 51
Stopped at time : 1220 ns : File "C:/Users/Chick/Vivado_Builds/traffic_light_controller/traffic_light_controller.srcs/sources_1/new/traffic_control.v" Line 110
Stopped at time : 1220 ns : File "C:/Users/Chick/Vivado_Builds/traffic_light_controller/traffic_light_controller.srcs/sources_1/new/traffic_control.v" Line 117
Stopped at time : 1220 ns : File "C:/Users/Chick/Vivado_Builds/traffic_light_controller/traffic_light_controller.srcs/sources_1/new/traffic_control.v" Line 118
Stopped at time : 1220 ns : File "C:/Users/Chick/Vivado_Builds/traffic_light_controller/traffic_light_controller.srcs/sources_1/new/traffic_control.v" Line 42
Stopped at time : 1225 ns : File "C:/Users/Chick/Vivado_Builds/traffic_light_controller/traffic_light_controller.srcs/sources_1/new/traffic_control_tb.v" Line 33
Stopped at time : 1225 ns : File "C:/Users/Chick/Vivado_Builds/traffic_light_controller/traffic_light_controller.srcs/sources_1/new/traffic_control_tb.v" Line 33
Stopped at time : 1225 ns : File "C:/Users/Chick/Vivado_Builds/traffic_light_controller/traffic_light_controller.srcs/sources_1/new/traffic_control_tb.v" Line 33
Stopped at time : 1230 ns : File "C:/Users/Chick/Vivado_Builds/traffic_light_controller/traffic_light_controller.srcs/sources_1/new/traffic_control_tb.v" Line 33
Stopped at time : 1230 ns : File "C:/Users/Chick/Vivado_Builds/traffic_light_controller/traffic_light_controller.srcs/sources_1/new/traffic_control_tb.v" Line 33
Stopped at time : 1230 ns : File "C:/Users/Chick/Vivado_Builds/traffic_light_controller/traffic_light_controller.srcs/sources_1/new/traffic_control_tb.v" Line 33
Stopped at time : 1230 ns : File "C:/Users/Chick/Vivado_Builds/traffic_light_controller/traffic_light_controller.srcs/sources_1/new/traffic_control.v" Line 44
Stopped at time : 1230 ns : File "C:/Users/Chick/Vivado_Builds/traffic_light_controller/traffic_light_controller.srcs/sources_1/new/traffic_control.v" Line 51
Stopped at time : 1230 ns : File "C:/Users/Chick/Vivado_Builds/traffic_light_controller/traffic_light_controller.srcs/sources_1/new/traffic_control.v" Line 110
Stopped at time : 1230 ns : File "C:/Users/Chick/Vivado_Builds/traffic_light_controller/traffic_light_controller.srcs/sources_1/new/traffic_control.v" Line 117
Stopped at time : 1230 ns : File "C:/Users/Chick/Vivado_Builds/traffic_light_controller/traffic_light_controller.srcs/sources_1/new/traffic_control.v" Line 118
Stopped at time : 1230 ns : File "C:/Users/Chick/Vivado_Builds/traffic_light_controller/traffic_light_controller.srcs/sources_1/new/traffic_control.v" Line 42
Stopped at time : 1235 ns : File "C:/Users/Chick/Vivado_Builds/traffic_light_controller/traffic_light_controller.srcs/sources_1/new/traffic_control_tb.v" Line 33
Stopped at time : 1235 ns : File "C:/Users/Chick/Vivado_Builds/traffic_light_controller/traffic_light_controller.srcs/sources_1/new/traffic_control_tb.v" Line 33
Stopped at time : 1235 ns : File "C:/Users/Chick/Vivado_Builds/traffic_light_controller/traffic_light_controller.srcs/sources_1/new/traffic_control_tb.v" Line 33
Stopped at time : 1240 ns : File "C:/Users/Chick/Vivado_Builds/traffic_light_controller/traffic_light_controller.srcs/sources_1/new/traffic_control_tb.v" Line 33
Stopped at time : 1240 ns : File "C:/Users/Chick/Vivado_Builds/traffic_light_controller/traffic_light_controller.srcs/sources_1/new/traffic_control_tb.v" Line 33
Stopped at time : 1240 ns : File "C:/Users/Chick/Vivado_Builds/traffic_light_controller/traffic_light_controller.srcs/sources_1/new/traffic_control_tb.v" Line 33
Stopped at time : 1240 ns : File "C:/Users/Chick/Vivado_Builds/traffic_light_controller/traffic_light_controller.srcs/sources_1/new/traffic_control.v" Line 44
Stopped at time : 1240 ns : File "C:/Users/Chick/Vivado_Builds/traffic_light_controller/traffic_light_controller.srcs/sources_1/new/traffic_control.v" Line 51
Stopped at time : 1240 ns : File "C:/Users/Chick/Vivado_Builds/traffic_light_controller/traffic_light_controller.srcs/sources_1/new/traffic_control.v" Line 110
Stopped at time : 1240 ns : File "C:/Users/Chick/Vivado_Builds/traffic_light_controller/traffic_light_controller.srcs/sources_1/new/traffic_control.v" Line 117
Stopped at time : 1240 ns : File "C:/Users/Chick/Vivado_Builds/traffic_light_controller/traffic_light_controller.srcs/sources_1/new/traffic_control.v" Line 118
Stopped at time : 1240 ns : File "C:/Users/Chick/Vivado_Builds/traffic_light_controller/traffic_light_controller.srcs/sources_1/new/traffic_control.v" Line 42
Stopped at time : 1245 ns : File "C:/Users/Chick/Vivado_Builds/traffic_light_controller/traffic_light_controller.srcs/sources_1/new/traffic_control_tb.v" Line 33
Stopped at time : 1245 ns : File "C:/Users/Chick/Vivado_Builds/traffic_light_controller/traffic_light_controller.srcs/sources_1/new/traffic_control_tb.v" Line 33
Stopped at time : 1245 ns : File "C:/Users/Chick/Vivado_Builds/traffic_light_controller/traffic_light_controller.srcs/sources_1/new/traffic_control_tb.v" Line 33
Stopped at time : 1250 ns : File "C:/Users/Chick/Vivado_Builds/traffic_light_controller/traffic_light_controller.srcs/sources_1/new/traffic_control_tb.v" Line 33
Stopped at time : 1250 ns : File "C:/Users/Chick/Vivado_Builds/traffic_light_controller/traffic_light_controller.srcs/sources_1/new/traffic_control_tb.v" Line 33
Stopped at time : 1250 ns : File "C:/Users/Chick/Vivado_Builds/traffic_light_controller/traffic_light_controller.srcs/sources_1/new/traffic_control_tb.v" Line 33
Stopped at time : 1250 ns : File "C:/Users/Chick/Vivado_Builds/traffic_light_controller/traffic_light_controller.srcs/sources_1/new/traffic_control.v" Line 44
Stopped at time : 1250 ns : File "C:/Users/Chick/Vivado_Builds/traffic_light_controller/traffic_light_controller.srcs/sources_1/new/traffic_control.v" Line 51
Stopped at time : 1250 ns : File "C:/Users/Chick/Vivado_Builds/traffic_light_controller/traffic_light_controller.srcs/sources_1/new/traffic_control.v" Line 110
Stopped at time : 1250 ns : File "C:/Users/Chick/Vivado_Builds/traffic_light_controller/traffic_light_controller.srcs/sources_1/new/traffic_control.v" Line 117
Stopped at time : 1250 ns : File "C:/Users/Chick/Vivado_Builds/traffic_light_controller/traffic_light_controller.srcs/sources_1/new/traffic_control.v" Line 118
Stopped at time : 1250 ns : File "C:/Users/Chick/Vivado_Builds/traffic_light_controller/traffic_light_controller.srcs/sources_1/new/traffic_control.v" Line 42
Stopped at time : 1255 ns : File "C:/Users/Chick/Vivado_Builds/traffic_light_controller/traffic_light_controller.srcs/sources_1/new/traffic_control_tb.v" Line 33
Stopped at time : 1255 ns : File "C:/Users/Chick/Vivado_Builds/traffic_light_controller/traffic_light_controller.srcs/sources_1/new/traffic_control_tb.v" Line 33
Stopped at time : 1255 ns : File "C:/Users/Chick/Vivado_Builds/traffic_light_controller/traffic_light_controller.srcs/sources_1/new/traffic_control_tb.v" Line 33
Stopped at time : 1260 ns : File "C:/Users/Chick/Vivado_Builds/traffic_light_controller/traffic_light_controller.srcs/sources_1/new/traffic_control_tb.v" Line 33
Stopped at time : 1260 ns : File "C:/Users/Chick/Vivado_Builds/traffic_light_controller/traffic_light_controller.srcs/sources_1/new/traffic_control_tb.v" Line 33
Stopped at time : 1260 ns : File "C:/Users/Chick/Vivado_Builds/traffic_light_controller/traffic_light_controller.srcs/sources_1/new/traffic_control_tb.v" Line 33
Stopped at time : 1260 ns : File "C:/Users/Chick/Vivado_Builds/traffic_light_controller/traffic_light_controller.srcs/sources_1/new/traffic_control.v" Line 44
Stopped at time : 1260 ns : File "C:/Users/Chick/Vivado_Builds/traffic_light_controller/traffic_light_controller.srcs/sources_1/new/traffic_control.v" Line 51
Stopped at time : 1260 ns : File "C:/Users/Chick/Vivado_Builds/traffic_light_controller/traffic_light_controller.srcs/sources_1/new/traffic_control.v" Line 110
Stopped at time : 1260 ns : File "C:/Users/Chick/Vivado_Builds/traffic_light_controller/traffic_light_controller.srcs/sources_1/new/traffic_control.v" Line 117
Stopped at time : 1260 ns : File "C:/Users/Chick/Vivado_Builds/traffic_light_controller/traffic_light_controller.srcs/sources_1/new/traffic_control.v" Line 118
Stopped at time : 1260 ns : File "C:/Users/Chick/Vivado_Builds/traffic_light_controller/traffic_light_controller.srcs/sources_1/new/traffic_control.v" Line 42
Stopped at time : 1265 ns : File "C:/Users/Chick/Vivado_Builds/traffic_light_controller/traffic_light_controller.srcs/sources_1/new/traffic_control_tb.v" Line 33
Stopped at time : 1265 ns : File "C:/Users/Chick/Vivado_Builds/traffic_light_controller/traffic_light_controller.srcs/sources_1/new/traffic_control_tb.v" Line 33
Stopped at time : 1265 ns : File "C:/Users/Chick/Vivado_Builds/traffic_light_controller/traffic_light_controller.srcs/sources_1/new/traffic_control_tb.v" Line 33
Stopped at time : 1270 ns : File "C:/Users/Chick/Vivado_Builds/traffic_light_controller/traffic_light_controller.srcs/sources_1/new/traffic_control_tb.v" Line 33
Stopped at time : 1270 ns : File "C:/Users/Chick/Vivado_Builds/traffic_light_controller/traffic_light_controller.srcs/sources_1/new/traffic_control_tb.v" Line 33
Stopped at time : 1270 ns : File "C:/Users/Chick/Vivado_Builds/traffic_light_controller/traffic_light_controller.srcs/sources_1/new/traffic_control_tb.v" Line 33
Stopped at time : 1270 ns : File "C:/Users/Chick/Vivado_Builds/traffic_light_controller/traffic_light_controller.srcs/sources_1/new/traffic_control.v" Line 44
Stopped at time : 1270 ns : File "C:/Users/Chick/Vivado_Builds/traffic_light_controller/traffic_light_controller.srcs/sources_1/new/traffic_control.v" Line 51
Stopped at time : 1270 ns : File "C:/Users/Chick/Vivado_Builds/traffic_light_controller/traffic_light_controller.srcs/sources_1/new/traffic_control.v" Line 110
Stopped at time : 1270 ns : File "C:/Users/Chick/Vivado_Builds/traffic_light_controller/traffic_light_controller.srcs/sources_1/new/traffic_control.v" Line 117
Stopped at time : 1270 ns : File "C:/Users/Chick/Vivado_Builds/traffic_light_controller/traffic_light_controller.srcs/sources_1/new/traffic_control.v" Line 118
Stopped at time : 1270 ns : File "C:/Users/Chick/Vivado_Builds/traffic_light_controller/traffic_light_controller.srcs/sources_1/new/traffic_control.v" Line 42
Stopped at time : 1275 ns : File "C:/Users/Chick/Vivado_Builds/traffic_light_controller/traffic_light_controller.srcs/sources_1/new/traffic_control_tb.v" Line 33
Stopped at time : 1275 ns : File "C:/Users/Chick/Vivado_Builds/traffic_light_controller/traffic_light_controller.srcs/sources_1/new/traffic_control_tb.v" Line 33
Stopped at time : 1275 ns : File "C:/Users/Chick/Vivado_Builds/traffic_light_controller/traffic_light_controller.srcs/sources_1/new/traffic_control_tb.v" Line 33
Stopped at time : 1280 ns : File "C:/Users/Chick/Vivado_Builds/traffic_light_controller/traffic_light_controller.srcs/sources_1/new/traffic_control_tb.v" Line 33
Stopped at time : 1280 ns : File "C:/Users/Chick/Vivado_Builds/traffic_light_controller/traffic_light_controller.srcs/sources_1/new/traffic_control_tb.v" Line 33
Stopped at time : 1280 ns : File "C:/Users/Chick/Vivado_Builds/traffic_light_controller/traffic_light_controller.srcs/sources_1/new/traffic_control_tb.v" Line 33
Stopped at time : 1280 ns : File "C:/Users/Chick/Vivado_Builds/traffic_light_controller/traffic_light_controller.srcs/sources_1/new/traffic_control.v" Line 44
Stopped at time : 1280 ns : File "C:/Users/Chick/Vivado_Builds/traffic_light_controller/traffic_light_controller.srcs/sources_1/new/traffic_control.v" Line 51
Stopped at time : 1280 ns : File "C:/Users/Chick/Vivado_Builds/traffic_light_controller/traffic_light_controller.srcs/sources_1/new/traffic_control.v" Line 110
Stopped at time : 1280 ns : File "C:/Users/Chick/Vivado_Builds/traffic_light_controller/traffic_light_controller.srcs/sources_1/new/traffic_control.v" Line 117
Stopped at time : 1280 ns : File "C:/Users/Chick/Vivado_Builds/traffic_light_controller/traffic_light_controller.srcs/sources_1/new/traffic_control.v" Line 118
Stopped at time : 1280 ns : File "C:/Users/Chick/Vivado_Builds/traffic_light_controller/traffic_light_controller.srcs/sources_1/new/traffic_control.v" Line 42
Stopped at time : 1285 ns : File "C:/Users/Chick/Vivado_Builds/traffic_light_controller/traffic_light_controller.srcs/sources_1/new/traffic_control_tb.v" Line 33
Stopped at time : 1285 ns : File "C:/Users/Chick/Vivado_Builds/traffic_light_controller/traffic_light_controller.srcs/sources_1/new/traffic_control_tb.v" Line 33
Stopped at time : 1285 ns : File "C:/Users/Chick/Vivado_Builds/traffic_light_controller/traffic_light_controller.srcs/sources_1/new/traffic_control_tb.v" Line 33
Stopped at time : 1290 ns : File "C:/Users/Chick/Vivado_Builds/traffic_light_controller/traffic_light_controller.srcs/sources_1/new/traffic_control_tb.v" Line 33
Stopped at time : 1290 ns : File "C:/Users/Chick/Vivado_Builds/traffic_light_controller/traffic_light_controller.srcs/sources_1/new/traffic_control_tb.v" Line 33
Stopped at time : 1290 ns : File "C:/Users/Chick/Vivado_Builds/traffic_light_controller/traffic_light_controller.srcs/sources_1/new/traffic_control_tb.v" Line 33
Stopped at time : 1290 ns : File "C:/Users/Chick/Vivado_Builds/traffic_light_controller/traffic_light_controller.srcs/sources_1/new/traffic_control.v" Line 44
Stopped at time : 1290 ns : File "C:/Users/Chick/Vivado_Builds/traffic_light_controller/traffic_light_controller.srcs/sources_1/new/traffic_control.v" Line 51
Stopped at time : 1290 ns : File "C:/Users/Chick/Vivado_Builds/traffic_light_controller/traffic_light_controller.srcs/sources_1/new/traffic_control.v" Line 110
Stopped at time : 1290 ns : File "C:/Users/Chick/Vivado_Builds/traffic_light_controller/traffic_light_controller.srcs/sources_1/new/traffic_control.v" Line 112
Stopped at time : 1290 ns : File "C:/Users/Chick/Vivado_Builds/traffic_light_controller/traffic_light_controller.srcs/sources_1/new/traffic_control.v" Line 113
Stopped at time : 1290 ns : File "C:/Users/Chick/Vivado_Builds/traffic_light_controller/traffic_light_controller.srcs/sources_1/new/traffic_control.v" Line 42
Stopped at time : 1290 ns : File "C:/Users/Chick/Vivado_Builds/traffic_light_controller/traffic_light_controller.srcs/sources_1/new/traffic_control.v" Line 169
Stopped at time : 1290 ns : File "C:/Users/Chick/Vivado_Builds/traffic_light_controller/traffic_light_controller.srcs/sources_1/new/traffic_control.v" Line 207
Stopped at time : 1290 ns : File "C:/Users/Chick/Vivado_Builds/traffic_light_controller/traffic_light_controller.srcs/sources_1/new/traffic_control.v" Line 208
Stopped at time : 1290 ns : File "C:/Users/Chick/Vivado_Builds/traffic_light_controller/traffic_light_controller.srcs/sources_1/new/traffic_control.v" Line 209
Stopped at time : 1290 ns : File "C:/Users/Chick/Vivado_Builds/traffic_light_controller/traffic_light_controller.srcs/sources_1/new/traffic_control.v" Line 210
Stopped at time : 1290 ns : File "C:/Users/Chick/Vivado_Builds/traffic_light_controller/traffic_light_controller.srcs/sources_1/new/traffic_control.v" Line 167
Stopped at time : 1295 ns : File "C:/Users/Chick/Vivado_Builds/traffic_light_controller/traffic_light_controller.srcs/sources_1/new/traffic_control_tb.v" Line 33
Stopped at time : 1295 ns : File "C:/Users/Chick/Vivado_Builds/traffic_light_controller/traffic_light_controller.srcs/sources_1/new/traffic_control_tb.v" Line 33
Stopped at time : 1295 ns : File "C:/Users/Chick/Vivado_Builds/traffic_light_controller/traffic_light_controller.srcs/sources_1/new/traffic_control_tb.v" Line 33
Stopped at time : 1300 ns : File "C:/Users/Chick/Vivado_Builds/traffic_light_controller/traffic_light_controller.srcs/sources_1/new/traffic_control_tb.v" Line 33
Stopped at time : 1300 ns : File "C:/Users/Chick/Vivado_Builds/traffic_light_controller/traffic_light_controller.srcs/sources_1/new/traffic_control_tb.v" Line 33
Stopped at time : 1300 ns : File "C:/Users/Chick/Vivado_Builds/traffic_light_controller/traffic_light_controller.srcs/sources_1/new/traffic_control_tb.v" Line 33
Stopped at time : 1300 ns : File "C:/Users/Chick/Vivado_Builds/traffic_light_controller/traffic_light_controller.srcs/sources_1/new/traffic_control.v" Line 44
Stopped at time : 1300 ns : File "C:/Users/Chick/Vivado_Builds/traffic_light_controller/traffic_light_controller.srcs/sources_1/new/traffic_control.v" Line 51
Stopped at time : 1300 ns : File "C:/Users/Chick/Vivado_Builds/traffic_light_controller/traffic_light_controller.srcs/sources_1/new/traffic_control.v" Line 124
Stopped at time : 1300 ns : File "C:/Users/Chick/Vivado_Builds/traffic_light_controller/traffic_light_controller.srcs/sources_1/new/traffic_control.v" Line 131
Stopped at time : 1300 ns : File "C:/Users/Chick/Vivado_Builds/traffic_light_controller/traffic_light_controller.srcs/sources_1/new/traffic_control.v" Line 132
Stopped at time : 1300 ns : File "C:/Users/Chick/Vivado_Builds/traffic_light_controller/traffic_light_controller.srcs/sources_1/new/traffic_control.v" Line 42
Stopped at time : 1305 ns : File "C:/Users/Chick/Vivado_Builds/traffic_light_controller/traffic_light_controller.srcs/sources_1/new/traffic_control_tb.v" Line 33
Stopped at time : 1305 ns : File "C:/Users/Chick/Vivado_Builds/traffic_light_controller/traffic_light_controller.srcs/sources_1/new/traffic_control_tb.v" Line 33
Stopped at time : 1305 ns : File "C:/Users/Chick/Vivado_Builds/traffic_light_controller/traffic_light_controller.srcs/sources_1/new/traffic_control_tb.v" Line 33
Stopped at time : 1310 ns : File "C:/Users/Chick/Vivado_Builds/traffic_light_controller/traffic_light_controller.srcs/sources_1/new/traffic_control_tb.v" Line 33
Stopped at time : 1310 ns : File "C:/Users/Chick/Vivado_Builds/traffic_light_controller/traffic_light_controller.srcs/sources_1/new/traffic_control_tb.v" Line 33
Stopped at time : 1310 ns : File "C:/Users/Chick/Vivado_Builds/traffic_light_controller/traffic_light_controller.srcs/sources_1/new/traffic_control_tb.v" Line 33
Stopped at time : 1310 ns : File "C:/Users/Chick/Vivado_Builds/traffic_light_controller/traffic_light_controller.srcs/sources_1/new/traffic_control.v" Line 44
Stopped at time : 1310 ns : File "C:/Users/Chick/Vivado_Builds/traffic_light_controller/traffic_light_controller.srcs/sources_1/new/traffic_control.v" Line 51
Stopped at time : 1310 ns : File "C:/Users/Chick/Vivado_Builds/traffic_light_controller/traffic_light_controller.srcs/sources_1/new/traffic_control.v" Line 124
Stopped at time : 1310 ns : File "C:/Users/Chick/Vivado_Builds/traffic_light_controller/traffic_light_controller.srcs/sources_1/new/traffic_control.v" Line 131
Stopped at time : 1310 ns : File "C:/Users/Chick/Vivado_Builds/traffic_light_controller/traffic_light_controller.srcs/sources_1/new/traffic_control.v" Line 132
Stopped at time : 1310 ns : File "C:/Users/Chick/Vivado_Builds/traffic_light_controller/traffic_light_controller.srcs/sources_1/new/traffic_control.v" Line 42
Stopped at time : 1315 ns : File "C:/Users/Chick/Vivado_Builds/traffic_light_controller/traffic_light_controller.srcs/sources_1/new/traffic_control_tb.v" Line 33
Stopped at time : 1315 ns : File "C:/Users/Chick/Vivado_Builds/traffic_light_controller/traffic_light_controller.srcs/sources_1/new/traffic_control_tb.v" Line 33
Stopped at time : 1315 ns : File "C:/Users/Chick/Vivado_Builds/traffic_light_controller/traffic_light_controller.srcs/sources_1/new/traffic_control_tb.v" Line 33
Stopped at time : 1320 ns : File "C:/Users/Chick/Vivado_Builds/traffic_light_controller/traffic_light_controller.srcs/sources_1/new/traffic_control_tb.v" Line 33
Stopped at time : 1320 ns : File "C:/Users/Chick/Vivado_Builds/traffic_light_controller/traffic_light_controller.srcs/sources_1/new/traffic_control_tb.v" Line 33
Stopped at time : 1320 ns : File "C:/Users/Chick/Vivado_Builds/traffic_light_controller/traffic_light_controller.srcs/sources_1/new/traffic_control_tb.v" Line 33
Stopped at time : 1320 ns : File "C:/Users/Chick/Vivado_Builds/traffic_light_controller/traffic_light_controller.srcs/sources_1/new/traffic_control.v" Line 44
Stopped at time : 1320 ns : File "C:/Users/Chick/Vivado_Builds/traffic_light_controller/traffic_light_controller.srcs/sources_1/new/traffic_control.v" Line 51
Stopped at time : 1320 ns : File "C:/Users/Chick/Vivado_Builds/traffic_light_controller/traffic_light_controller.srcs/sources_1/new/traffic_control.v" Line 124
Stopped at time : 1320 ns : File "C:/Users/Chick/Vivado_Builds/traffic_light_controller/traffic_light_controller.srcs/sources_1/new/traffic_control.v" Line 131
Stopped at time : 1320 ns : File "C:/Users/Chick/Vivado_Builds/traffic_light_controller/traffic_light_controller.srcs/sources_1/new/traffic_control.v" Line 132
Stopped at time : 1320 ns : File "C:/Users/Chick/Vivado_Builds/traffic_light_controller/traffic_light_controller.srcs/sources_1/new/traffic_control.v" Line 42
Stopped at time : 1325 ns : File "C:/Users/Chick/Vivado_Builds/traffic_light_controller/traffic_light_controller.srcs/sources_1/new/traffic_control_tb.v" Line 33
Stopped at time : 1325 ns : File "C:/Users/Chick/Vivado_Builds/traffic_light_controller/traffic_light_controller.srcs/sources_1/new/traffic_control_tb.v" Line 33
Stopped at time : 1325 ns : File "C:/Users/Chick/Vivado_Builds/traffic_light_controller/traffic_light_controller.srcs/sources_1/new/traffic_control_tb.v" Line 33
Stopped at time : 1330 ns : File "C:/Users/Chick/Vivado_Builds/traffic_light_controller/traffic_light_controller.srcs/sources_1/new/traffic_control_tb.v" Line 33
Stopped at time : 1330 ns : File "C:/Users/Chick/Vivado_Builds/traffic_light_controller/traffic_light_controller.srcs/sources_1/new/traffic_control_tb.v" Line 33
Stopped at time : 1330 ns : File "C:/Users/Chick/Vivado_Builds/traffic_light_controller/traffic_light_controller.srcs/sources_1/new/traffic_control_tb.v" Line 33
Stopped at time : 1330 ns : File "C:/Users/Chick/Vivado_Builds/traffic_light_controller/traffic_light_controller.srcs/sources_1/new/traffic_control.v" Line 44
Stopped at time : 1330 ns : File "C:/Users/Chick/Vivado_Builds/traffic_light_controller/traffic_light_controller.srcs/sources_1/new/traffic_control.v" Line 51
Stopped at time : 1330 ns : File "C:/Users/Chick/Vivado_Builds/traffic_light_controller/traffic_light_controller.srcs/sources_1/new/traffic_control.v" Line 124
Stopped at time : 1330 ns : File "C:/Users/Chick/Vivado_Builds/traffic_light_controller/traffic_light_controller.srcs/sources_1/new/traffic_control.v" Line 126
Stopped at time : 1330 ns : File "C:/Users/Chick/Vivado_Builds/traffic_light_controller/traffic_light_controller.srcs/sources_1/new/traffic_control.v" Line 127
Stopped at time : 1330 ns : File "C:/Users/Chick/Vivado_Builds/traffic_light_controller/traffic_light_controller.srcs/sources_1/new/traffic_control.v" Line 42
Stopped at time : 1330 ns : File "C:/Users/Chick/Vivado_Builds/traffic_light_controller/traffic_light_controller.srcs/sources_1/new/traffic_control.v" Line 169
Stopped at time : 1330 ns : File "C:/Users/Chick/Vivado_Builds/traffic_light_controller/traffic_light_controller.srcs/sources_1/new/traffic_control.v" Line 214
Stopped at time : 1330 ns : File "C:/Users/Chick/Vivado_Builds/traffic_light_controller/traffic_light_controller.srcs/sources_1/new/traffic_control.v" Line 215
Stopped at time : 1330 ns : File "C:/Users/Chick/Vivado_Builds/traffic_light_controller/traffic_light_controller.srcs/sources_1/new/traffic_control.v" Line 216
Stopped at time : 1330 ns : File "C:/Users/Chick/Vivado_Builds/traffic_light_controller/traffic_light_controller.srcs/sources_1/new/traffic_control.v" Line 217
Stopped at time : 1330 ns : File "C:/Users/Chick/Vivado_Builds/traffic_light_controller/traffic_light_controller.srcs/sources_1/new/traffic_control.v" Line 167
Stopped at time : 1335 ns : File "C:/Users/Chick/Vivado_Builds/traffic_light_controller/traffic_light_controller.srcs/sources_1/new/traffic_control_tb.v" Line 33
Stopped at time : 1335 ns : File "C:/Users/Chick/Vivado_Builds/traffic_light_controller/traffic_light_controller.srcs/sources_1/new/traffic_control_tb.v" Line 33
Stopped at time : 1335 ns : File "C:/Users/Chick/Vivado_Builds/traffic_light_controller/traffic_light_controller.srcs/sources_1/new/traffic_control_tb.v" Line 33
Stopped at time : 1340 ns : File "C:/Users/Chick/Vivado_Builds/traffic_light_controller/traffic_light_controller.srcs/sources_1/new/traffic_control_tb.v" Line 33
Stopped at time : 1340 ns : File "C:/Users/Chick/Vivado_Builds/traffic_light_controller/traffic_light_controller.srcs/sources_1/new/traffic_control_tb.v" Line 33
Stopped at time : 1340 ns : File "C:/Users/Chick/Vivado_Builds/traffic_light_controller/traffic_light_controller.srcs/sources_1/new/traffic_control_tb.v" Line 33
Stopped at time : 1340 ns : File "C:/Users/Chick/Vivado_Builds/traffic_light_controller/traffic_light_controller.srcs/sources_1/new/traffic_control.v" Line 44
Stopped at time : 1340 ns : File "C:/Users/Chick/Vivado_Builds/traffic_light_controller/traffic_light_controller.srcs/sources_1/new/traffic_control.v" Line 51
Stopped at time : 1340 ns : File "C:/Users/Chick/Vivado_Builds/traffic_light_controller/traffic_light_controller.srcs/sources_1/new/traffic_control.v" Line 138
Stopped at time : 1340 ns : File "C:/Users/Chick/Vivado_Builds/traffic_light_controller/traffic_light_controller.srcs/sources_1/new/traffic_control.v" Line 145
Stopped at time : 1340 ns : File "C:/Users/Chick/Vivado_Builds/traffic_light_controller/traffic_light_controller.srcs/sources_1/new/traffic_control.v" Line 146
Stopped at time : 1340 ns : File "C:/Users/Chick/Vivado_Builds/traffic_light_controller/traffic_light_controller.srcs/sources_1/new/traffic_control.v" Line 42
Stopped at time : 1345 ns : File "C:/Users/Chick/Vivado_Builds/traffic_light_controller/traffic_light_controller.srcs/sources_1/new/traffic_control_tb.v" Line 33
Stopped at time : 1345 ns : File "C:/Users/Chick/Vivado_Builds/traffic_light_controller/traffic_light_controller.srcs/sources_1/new/traffic_control_tb.v" Line 33
Stopped at time : 1345 ns : File "C:/Users/Chick/Vivado_Builds/traffic_light_controller/traffic_light_controller.srcs/sources_1/new/traffic_control_tb.v" Line 33
Stopped at time : 1350 ns : File "C:/Users/Chick/Vivado_Builds/traffic_light_controller/traffic_light_controller.srcs/sources_1/new/traffic_control_tb.v" Line 33
Stopped at time : 1350 ns : File "C:/Users/Chick/Vivado_Builds/traffic_light_controller/traffic_light_controller.srcs/sources_1/new/traffic_control_tb.v" Line 33
Stopped at time : 1350 ns : File "C:/Users/Chick/Vivado_Builds/traffic_light_controller/traffic_light_controller.srcs/sources_1/new/traffic_control_tb.v" Line 33
Stopped at time : 1350 ns : File "C:/Users/Chick/Vivado_Builds/traffic_light_controller/traffic_light_controller.srcs/sources_1/new/traffic_control.v" Line 44
Stopped at time : 1350 ns : File "C:/Users/Chick/Vivado_Builds/traffic_light_controller/traffic_light_controller.srcs/sources_1/new/traffic_control.v" Line 51
Stopped at time : 1350 ns : File "C:/Users/Chick/Vivado_Builds/traffic_light_controller/traffic_light_controller.srcs/sources_1/new/traffic_control.v" Line 138
Stopped at time : 1350 ns : File "C:/Users/Chick/Vivado_Builds/traffic_light_controller/traffic_light_controller.srcs/sources_1/new/traffic_control.v" Line 145
Stopped at time : 1350 ns : File "C:/Users/Chick/Vivado_Builds/traffic_light_controller/traffic_light_controller.srcs/sources_1/new/traffic_control.v" Line 146
Stopped at time : 1350 ns : File "C:/Users/Chick/Vivado_Builds/traffic_light_controller/traffic_light_controller.srcs/sources_1/new/traffic_control.v" Line 42
Stopped at time : 1355 ns : File "C:/Users/Chick/Vivado_Builds/traffic_light_controller/traffic_light_controller.srcs/sources_1/new/traffic_control_tb.v" Line 33
Stopped at time : 1355 ns : File "C:/Users/Chick/Vivado_Builds/traffic_light_controller/traffic_light_controller.srcs/sources_1/new/traffic_control_tb.v" Line 33
Stopped at time : 1355 ns : File "C:/Users/Chick/Vivado_Builds/traffic_light_controller/traffic_light_controller.srcs/sources_1/new/traffic_control_tb.v" Line 33
Stopped at time : 1360 ns : File "C:/Users/Chick/Vivado_Builds/traffic_light_controller/traffic_light_controller.srcs/sources_1/new/traffic_control_tb.v" Line 33
Stopped at time : 1360 ns : File "C:/Users/Chick/Vivado_Builds/traffic_light_controller/traffic_light_controller.srcs/sources_1/new/traffic_control_tb.v" Line 33
Stopped at time : 1360 ns : File "C:/Users/Chick/Vivado_Builds/traffic_light_controller/traffic_light_controller.srcs/sources_1/new/traffic_control_tb.v" Line 33
Stopped at time : 1360 ns : File "C:/Users/Chick/Vivado_Builds/traffic_light_controller/traffic_light_controller.srcs/sources_1/new/traffic_control.v" Line 44
Stopped at time : 1360 ns : File "C:/Users/Chick/Vivado_Builds/traffic_light_controller/traffic_light_controller.srcs/sources_1/new/traffic_control.v" Line 51
Stopped at time : 1360 ns : File "C:/Users/Chick/Vivado_Builds/traffic_light_controller/traffic_light_controller.srcs/sources_1/new/traffic_control.v" Line 138
Stopped at time : 1360 ns : File "C:/Users/Chick/Vivado_Builds/traffic_light_controller/traffic_light_controller.srcs/sources_1/new/traffic_control.v" Line 145
Stopped at time : 1360 ns : File "C:/Users/Chick/Vivado_Builds/traffic_light_controller/traffic_light_controller.srcs/sources_1/new/traffic_control.v" Line 146
Stopped at time : 1360 ns : File "C:/Users/Chick/Vivado_Builds/traffic_light_controller/traffic_light_controller.srcs/sources_1/new/traffic_control.v" Line 42
Stopped at time : 1365 ns : File "C:/Users/Chick/Vivado_Builds/traffic_light_controller/traffic_light_controller.srcs/sources_1/new/traffic_control_tb.v" Line 33
Stopped at time : 1365 ns : File "C:/Users/Chick/Vivado_Builds/traffic_light_controller/traffic_light_controller.srcs/sources_1/new/traffic_control_tb.v" Line 33
Stopped at time : 1365 ns : File "C:/Users/Chick/Vivado_Builds/traffic_light_controller/traffic_light_controller.srcs/sources_1/new/traffic_control_tb.v" Line 33
Stopped at time : 1370 ns : File "C:/Users/Chick/Vivado_Builds/traffic_light_controller/traffic_light_controller.srcs/sources_1/new/traffic_control_tb.v" Line 33
Stopped at time : 1370 ns : File "C:/Users/Chick/Vivado_Builds/traffic_light_controller/traffic_light_controller.srcs/sources_1/new/traffic_control_tb.v" Line 33
Stopped at time : 1370 ns : File "C:/Users/Chick/Vivado_Builds/traffic_light_controller/traffic_light_controller.srcs/sources_1/new/traffic_control_tb.v" Line 33
Stopped at time : 1370 ns : File "C:/Users/Chick/Vivado_Builds/traffic_light_controller/traffic_light_controller.srcs/sources_1/new/traffic_control.v" Line 44
Stopped at time : 1370 ns : File "C:/Users/Chick/Vivado_Builds/traffic_light_controller/traffic_light_controller.srcs/sources_1/new/traffic_control.v" Line 51
Stopped at time : 1370 ns : File "C:/Users/Chick/Vivado_Builds/traffic_light_controller/traffic_light_controller.srcs/sources_1/new/traffic_control.v" Line 138
Stopped at time : 1370 ns : File "C:/Users/Chick/Vivado_Builds/traffic_light_controller/traffic_light_controller.srcs/sources_1/new/traffic_control.v" Line 145
Stopped at time : 1370 ns : File "C:/Users/Chick/Vivado_Builds/traffic_light_controller/traffic_light_controller.srcs/sources_1/new/traffic_control.v" Line 146
Stopped at time : 1370 ns : File "C:/Users/Chick/Vivado_Builds/traffic_light_controller/traffic_light_controller.srcs/sources_1/new/traffic_control.v" Line 42
Stopped at time : 1375 ns : File "C:/Users/Chick/Vivado_Builds/traffic_light_controller/traffic_light_controller.srcs/sources_1/new/traffic_control_tb.v" Line 33
Stopped at time : 1375 ns : File "C:/Users/Chick/Vivado_Builds/traffic_light_controller/traffic_light_controller.srcs/sources_1/new/traffic_control_tb.v" Line 33
Stopped at time : 1375 ns : File "C:/Users/Chick/Vivado_Builds/traffic_light_controller/traffic_light_controller.srcs/sources_1/new/traffic_control_tb.v" Line 33
Stopped at time : 1380 ns : File "C:/Users/Chick/Vivado_Builds/traffic_light_controller/traffic_light_controller.srcs/sources_1/new/traffic_control_tb.v" Line 33
Stopped at time : 1380 ns : File "C:/Users/Chick/Vivado_Builds/traffic_light_controller/traffic_light_controller.srcs/sources_1/new/traffic_control_tb.v" Line 33
Stopped at time : 1380 ns : File "C:/Users/Chick/Vivado_Builds/traffic_light_controller/traffic_light_controller.srcs/sources_1/new/traffic_control_tb.v" Line 33
Stopped at time : 1380 ns : File "C:/Users/Chick/Vivado_Builds/traffic_light_controller/traffic_light_controller.srcs/sources_1/new/traffic_control.v" Line 44
Stopped at time : 1380 ns : File "C:/Users/Chick/Vivado_Builds/traffic_light_controller/traffic_light_controller.srcs/sources_1/new/traffic_control.v" Line 51
Stopped at time : 1380 ns : File "C:/Users/Chick/Vivado_Builds/traffic_light_controller/traffic_light_controller.srcs/sources_1/new/traffic_control.v" Line 138
Stopped at time : 1380 ns : File "C:/Users/Chick/Vivado_Builds/traffic_light_controller/traffic_light_controller.srcs/sources_1/new/traffic_control.v" Line 145
Stopped at time : 1380 ns : File "C:/Users/Chick/Vivado_Builds/traffic_light_controller/traffic_light_controller.srcs/sources_1/new/traffic_control.v" Line 146
Stopped at time : 1380 ns : File "C:/Users/Chick/Vivado_Builds/traffic_light_controller/traffic_light_controller.srcs/sources_1/new/traffic_control.v" Line 42
Stopped at time : 1385 ns : File "C:/Users/Chick/Vivado_Builds/traffic_light_controller/traffic_light_controller.srcs/sources_1/new/traffic_control_tb.v" Line 33
Stopped at time : 1385 ns : File "C:/Users/Chick/Vivado_Builds/traffic_light_controller/traffic_light_controller.srcs/sources_1/new/traffic_control_tb.v" Line 33
Stopped at time : 1385 ns : File "C:/Users/Chick/Vivado_Builds/traffic_light_controller/traffic_light_controller.srcs/sources_1/new/traffic_control_tb.v" Line 33
Stopped at time : 1390 ns : File "C:/Users/Chick/Vivado_Builds/traffic_light_controller/traffic_light_controller.srcs/sources_1/new/traffic_control_tb.v" Line 33
Stopped at time : 1390 ns : File "C:/Users/Chick/Vivado_Builds/traffic_light_controller/traffic_light_controller.srcs/sources_1/new/traffic_control_tb.v" Line 33
Stopped at time : 1390 ns : File "C:/Users/Chick/Vivado_Builds/traffic_light_controller/traffic_light_controller.srcs/sources_1/new/traffic_control_tb.v" Line 33
Stopped at time : 1390 ns : File "C:/Users/Chick/Vivado_Builds/traffic_light_controller/traffic_light_controller.srcs/sources_1/new/traffic_control.v" Line 44
Stopped at time : 1390 ns : File "C:/Users/Chick/Vivado_Builds/traffic_light_controller/traffic_light_controller.srcs/sources_1/new/traffic_control.v" Line 51
Stopped at time : 1390 ns : File "C:/Users/Chick/Vivado_Builds/traffic_light_controller/traffic_light_controller.srcs/sources_1/new/traffic_control.v" Line 138
Stopped at time : 1390 ns : File "C:/Users/Chick/Vivado_Builds/traffic_light_controller/traffic_light_controller.srcs/sources_1/new/traffic_control.v" Line 145
Stopped at time : 1390 ns : File "C:/Users/Chick/Vivado_Builds/traffic_light_controller/traffic_light_controller.srcs/sources_1/new/traffic_control.v" Line 146
Stopped at time : 1390 ns : File "C:/Users/Chick/Vivado_Builds/traffic_light_controller/traffic_light_controller.srcs/sources_1/new/traffic_control.v" Line 42
Stopped at time : 1395 ns : File "C:/Users/Chick/Vivado_Builds/traffic_light_controller/traffic_light_controller.srcs/sources_1/new/traffic_control_tb.v" Line 33
Stopped at time : 1395 ns : File "C:/Users/Chick/Vivado_Builds/traffic_light_controller/traffic_light_controller.srcs/sources_1/new/traffic_control_tb.v" Line 33
Stopped at time : 1395 ns : File "C:/Users/Chick/Vivado_Builds/traffic_light_controller/traffic_light_controller.srcs/sources_1/new/traffic_control_tb.v" Line 33
Stopped at time : 1400 ns : File "C:/Users/Chick/Vivado_Builds/traffic_light_controller/traffic_light_controller.srcs/sources_1/new/traffic_control_tb.v" Line 33
Stopped at time : 1400 ns : File "C:/Users/Chick/Vivado_Builds/traffic_light_controller/traffic_light_controller.srcs/sources_1/new/traffic_control_tb.v" Line 33
Stopped at time : 1400 ns : File "C:/Users/Chick/Vivado_Builds/traffic_light_controller/traffic_light_controller.srcs/sources_1/new/traffic_control_tb.v" Line 33
Stopped at time : 1400 ns : File "C:/Users/Chick/Vivado_Builds/traffic_light_controller/traffic_light_controller.srcs/sources_1/new/traffic_control.v" Line 44
Stopped at time : 1400 ns : File "C:/Users/Chick/Vivado_Builds/traffic_light_controller/traffic_light_controller.srcs/sources_1/new/traffic_control.v" Line 51
Stopped at time : 1400 ns : File "C:/Users/Chick/Vivado_Builds/traffic_light_controller/traffic_light_controller.srcs/sources_1/new/traffic_control.v" Line 138
Stopped at time : 1400 ns : File "C:/Users/Chick/Vivado_Builds/traffic_light_controller/traffic_light_controller.srcs/sources_1/new/traffic_control.v" Line 145
Stopped at time : 1400 ns : File "C:/Users/Chick/Vivado_Builds/traffic_light_controller/traffic_light_controller.srcs/sources_1/new/traffic_control.v" Line 146
Stopped at time : 1400 ns : File "C:/Users/Chick/Vivado_Builds/traffic_light_controller/traffic_light_controller.srcs/sources_1/new/traffic_control.v" Line 42
Stopped at time : 1405 ns : File "C:/Users/Chick/Vivado_Builds/traffic_light_controller/traffic_light_controller.srcs/sources_1/new/traffic_control_tb.v" Line 33
Stopped at time : 1405 ns : File "C:/Users/Chick/Vivado_Builds/traffic_light_controller/traffic_light_controller.srcs/sources_1/new/traffic_control_tb.v" Line 33
Stopped at time : 1405 ns : File "C:/Users/Chick/Vivado_Builds/traffic_light_controller/traffic_light_controller.srcs/sources_1/new/traffic_control_tb.v" Line 33
Stopped at time : 1410 ns : File "C:/Users/Chick/Vivado_Builds/traffic_light_controller/traffic_light_controller.srcs/sources_1/new/traffic_control_tb.v" Line 33
Stopped at time : 1410 ns : File "C:/Users/Chick/Vivado_Builds/traffic_light_controller/traffic_light_controller.srcs/sources_1/new/traffic_control_tb.v" Line 33
Stopped at time : 1410 ns : File "C:/Users/Chick/Vivado_Builds/traffic_light_controller/traffic_light_controller.srcs/sources_1/new/traffic_control_tb.v" Line 33
Stopped at time : 1410 ns : File "C:/Users/Chick/Vivado_Builds/traffic_light_controller/traffic_light_controller.srcs/sources_1/new/traffic_control.v" Line 44
Stopped at time : 1410 ns : File "C:/Users/Chick/Vivado_Builds/traffic_light_controller/traffic_light_controller.srcs/sources_1/new/traffic_control.v" Line 51
Stopped at time : 1410 ns : File "C:/Users/Chick/Vivado_Builds/traffic_light_controller/traffic_light_controller.srcs/sources_1/new/traffic_control.v" Line 138
Stopped at time : 1410 ns : File "C:/Users/Chick/Vivado_Builds/traffic_light_controller/traffic_light_controller.srcs/sources_1/new/traffic_control.v" Line 140
Stopped at time : 1410 ns : File "C:/Users/Chick/Vivado_Builds/traffic_light_controller/traffic_light_controller.srcs/sources_1/new/traffic_control.v" Line 141
Stopped at time : 1410 ns : File "C:/Users/Chick/Vivado_Builds/traffic_light_controller/traffic_light_controller.srcs/sources_1/new/traffic_control.v" Line 42
Stopped at time : 1410 ns : File "C:/Users/Chick/Vivado_Builds/traffic_light_controller/traffic_light_controller.srcs/sources_1/new/traffic_control.v" Line 169
Stopped at time : 1410 ns : File "C:/Users/Chick/Vivado_Builds/traffic_light_controller/traffic_light_controller.srcs/sources_1/new/traffic_control.v" Line 221
Stopped at time : 1410 ns : File "C:/Users/Chick/Vivado_Builds/traffic_light_controller/traffic_light_controller.srcs/sources_1/new/traffic_control.v" Line 222
Stopped at time : 1410 ns : File "C:/Users/Chick/Vivado_Builds/traffic_light_controller/traffic_light_controller.srcs/sources_1/new/traffic_control.v" Line 223
Stopped at time : 1410 ns : File "C:/Users/Chick/Vivado_Builds/traffic_light_controller/traffic_light_controller.srcs/sources_1/new/traffic_control.v" Line 224
Stopped at time : 1410 ns : File "C:/Users/Chick/Vivado_Builds/traffic_light_controller/traffic_light_controller.srcs/sources_1/new/traffic_control.v" Line 167
Stopped at time : 1415 ns : File "C:/Users/Chick/Vivado_Builds/traffic_light_controller/traffic_light_controller.srcs/sources_1/new/traffic_control_tb.v" Line 33
Stopped at time : 1415 ns : File "C:/Users/Chick/Vivado_Builds/traffic_light_controller/traffic_light_controller.srcs/sources_1/new/traffic_control_tb.v" Line 33
Stopped at time : 1415 ns : File "C:/Users/Chick/Vivado_Builds/traffic_light_controller/traffic_light_controller.srcs/sources_1/new/traffic_control_tb.v" Line 33
Stopped at time : 1420 ns : File "C:/Users/Chick/Vivado_Builds/traffic_light_controller/traffic_light_controller.srcs/sources_1/new/traffic_control_tb.v" Line 33
Stopped at time : 1420 ns : File "C:/Users/Chick/Vivado_Builds/traffic_light_controller/traffic_light_controller.srcs/sources_1/new/traffic_control_tb.v" Line 33
Stopped at time : 1420 ns : File "C:/Users/Chick/Vivado_Builds/traffic_light_controller/traffic_light_controller.srcs/sources_1/new/traffic_control_tb.v" Line 33
Stopped at time : 1420 ns : File "C:/Users/Chick/Vivado_Builds/traffic_light_controller/traffic_light_controller.srcs/sources_1/new/traffic_control.v" Line 44
Stopped at time : 1420 ns : File "C:/Users/Chick/Vivado_Builds/traffic_light_controller/traffic_light_controller.srcs/sources_1/new/traffic_control.v" Line 51
Stopped at time : 1420 ns : File "C:/Users/Chick/Vivado_Builds/traffic_light_controller/traffic_light_controller.srcs/sources_1/new/traffic_control.v" Line 152
Stopped at time : 1420 ns : File "C:/Users/Chick/Vivado_Builds/traffic_light_controller/traffic_light_controller.srcs/sources_1/new/traffic_control.v" Line 159
Stopped at time : 1420 ns : File "C:/Users/Chick/Vivado_Builds/traffic_light_controller/traffic_light_controller.srcs/sources_1/new/traffic_control.v" Line 160
Stopped at time : 1420 ns : File "C:/Users/Chick/Vivado_Builds/traffic_light_controller/traffic_light_controller.srcs/sources_1/new/traffic_control.v" Line 42
Stopped at time : 1425 ns : File "C:/Users/Chick/Vivado_Builds/traffic_light_controller/traffic_light_controller.srcs/sources_1/new/traffic_control_tb.v" Line 33
Stopped at time : 1425 ns : File "C:/Users/Chick/Vivado_Builds/traffic_light_controller/traffic_light_controller.srcs/sources_1/new/traffic_control_tb.v" Line 33
Stopped at time : 1425 ns : File "C:/Users/Chick/Vivado_Builds/traffic_light_controller/traffic_light_controller.srcs/sources_1/new/traffic_control_tb.v" Line 33
Stopped at time : 1430 ns : File "C:/Users/Chick/Vivado_Builds/traffic_light_controller/traffic_light_controller.srcs/sources_1/new/traffic_control_tb.v" Line 33
Stopped at time : 1430 ns : File "C:/Users/Chick/Vivado_Builds/traffic_light_controller/traffic_light_controller.srcs/sources_1/new/traffic_control_tb.v" Line 33
Stopped at time : 1430 ns : File "C:/Users/Chick/Vivado_Builds/traffic_light_controller/traffic_light_controller.srcs/sources_1/new/traffic_control_tb.v" Line 33
Stopped at time : 1430 ns : File "C:/Users/Chick/Vivado_Builds/traffic_light_controller/traffic_light_controller.srcs/sources_1/new/traffic_control.v" Line 44
Stopped at time : 1430 ns : File "C:/Users/Chick/Vivado_Builds/traffic_light_controller/traffic_light_controller.srcs/sources_1/new/traffic_control.v" Line 51
Stopped at time : 1430 ns : File "C:/Users/Chick/Vivado_Builds/traffic_light_controller/traffic_light_controller.srcs/sources_1/new/traffic_control.v" Line 152
Stopped at time : 1430 ns : File "C:/Users/Chick/Vivado_Builds/traffic_light_controller/traffic_light_controller.srcs/sources_1/new/traffic_control.v" Line 159
Stopped at time : 1430 ns : File "C:/Users/Chick/Vivado_Builds/traffic_light_controller/traffic_light_controller.srcs/sources_1/new/traffic_control.v" Line 160
Stopped at time : 1430 ns : File "C:/Users/Chick/Vivado_Builds/traffic_light_controller/traffic_light_controller.srcs/sources_1/new/traffic_control.v" Line 42
Stopped at time : 1435 ns : File "C:/Users/Chick/Vivado_Builds/traffic_light_controller/traffic_light_controller.srcs/sources_1/new/traffic_control_tb.v" Line 33
Stopped at time : 1435 ns : File "C:/Users/Chick/Vivado_Builds/traffic_light_controller/traffic_light_controller.srcs/sources_1/new/traffic_control_tb.v" Line 33
Stopped at time : 1435 ns : File "C:/Users/Chick/Vivado_Builds/traffic_light_controller/traffic_light_controller.srcs/sources_1/new/traffic_control_tb.v" Line 33
Stopped at time : 1440 ns : File "C:/Users/Chick/Vivado_Builds/traffic_light_controller/traffic_light_controller.srcs/sources_1/new/traffic_control_tb.v" Line 33
Stopped at time : 1440 ns : File "C:/Users/Chick/Vivado_Builds/traffic_light_controller/traffic_light_controller.srcs/sources_1/new/traffic_control_tb.v" Line 33
Stopped at time : 1440 ns : File "C:/Users/Chick/Vivado_Builds/traffic_light_controller/traffic_light_controller.srcs/sources_1/new/traffic_control_tb.v" Line 33
Stopped at time : 1440 ns : File "C:/Users/Chick/Vivado_Builds/traffic_light_controller/traffic_light_controller.srcs/sources_1/new/traffic_control.v" Line 44
Stopped at time : 1440 ns : File "C:/Users/Chick/Vivado_Builds/traffic_light_controller/traffic_light_controller.srcs/sources_1/new/traffic_control.v" Line 51
Stopped at time : 1440 ns : File "C:/Users/Chick/Vivado_Builds/traffic_light_controller/traffic_light_controller.srcs/sources_1/new/traffic_control.v" Line 152
Stopped at time : 1440 ns : File "C:/Users/Chick/Vivado_Builds/traffic_light_controller/traffic_light_controller.srcs/sources_1/new/traffic_control.v" Line 159
Stopped at time : 1440 ns : File "C:/Users/Chick/Vivado_Builds/traffic_light_controller/traffic_light_controller.srcs/sources_1/new/traffic_control.v" Line 160
Stopped at time : 1440 ns : File "C:/Users/Chick/Vivado_Builds/traffic_light_controller/traffic_light_controller.srcs/sources_1/new/traffic_control.v" Line 42
Stopped at time : 1445 ns : File "C:/Users/Chick/Vivado_Builds/traffic_light_controller/traffic_light_controller.srcs/sources_1/new/traffic_control_tb.v" Line 33
Stopped at time : 1445 ns : File "C:/Users/Chick/Vivado_Builds/traffic_light_controller/traffic_light_controller.srcs/sources_1/new/traffic_control_tb.v" Line 33
Stopped at time : 1445 ns : File "C:/Users/Chick/Vivado_Builds/traffic_light_controller/traffic_light_controller.srcs/sources_1/new/traffic_control_tb.v" Line 33
Stopped at time : 1450 ns : File "C:/Users/Chick/Vivado_Builds/traffic_light_controller/traffic_light_controller.srcs/sources_1/new/traffic_control_tb.v" Line 33
Stopped at time : 1450 ns : File "C:/Users/Chick/Vivado_Builds/traffic_light_controller/traffic_light_controller.srcs/sources_1/new/traffic_control_tb.v" Line 33
Stopped at time : 1450 ns : File "C:/Users/Chick/Vivado_Builds/traffic_light_controller/traffic_light_controller.srcs/sources_1/new/traffic_control_tb.v" Line 33
Stopped at time : 1450 ns : File "C:/Users/Chick/Vivado_Builds/traffic_light_controller/traffic_light_controller.srcs/sources_1/new/traffic_control.v" Line 44
Stopped at time : 1450 ns : File "C:/Users/Chick/Vivado_Builds/traffic_light_controller/traffic_light_controller.srcs/sources_1/new/traffic_control.v" Line 51
Stopped at time : 1450 ns : File "C:/Users/Chick/Vivado_Builds/traffic_light_controller/traffic_light_controller.srcs/sources_1/new/traffic_control.v" Line 152
Stopped at time : 1450 ns : File "C:/Users/Chick/Vivado_Builds/traffic_light_controller/traffic_light_controller.srcs/sources_1/new/traffic_control.v" Line 154
Stopped at time : 1450 ns : File "C:/Users/Chick/Vivado_Builds/traffic_light_controller/traffic_light_controller.srcs/sources_1/new/traffic_control.v" Line 155
Stopped at time : 1450 ns : File "C:/Users/Chick/Vivado_Builds/traffic_light_controller/traffic_light_controller.srcs/sources_1/new/traffic_control.v" Line 42
Stopped at time : 1450 ns : File "C:/Users/Chick/Vivado_Builds/traffic_light_controller/traffic_light_controller.srcs/sources_1/new/traffic_control.v" Line 169
Stopped at time : 1450 ns : File "C:/Users/Chick/Vivado_Builds/traffic_light_controller/traffic_light_controller.srcs/sources_1/new/traffic_control.v" Line 172
Stopped at time : 1450 ns : File "C:/Users/Chick/Vivado_Builds/traffic_light_controller/traffic_light_controller.srcs/sources_1/new/traffic_control.v" Line 173
Stopped at time : 1450 ns : File "C:/Users/Chick/Vivado_Builds/traffic_light_controller/traffic_light_controller.srcs/sources_1/new/traffic_control.v" Line 174
Stopped at time : 1450 ns : File "C:/Users/Chick/Vivado_Builds/traffic_light_controller/traffic_light_controller.srcs/sources_1/new/traffic_control.v" Line 175
Stopped at time : 1450 ns : File "C:/Users/Chick/Vivado_Builds/traffic_light_controller/traffic_light_controller.srcs/sources_1/new/traffic_control.v" Line 167
Stopped at time : 1455 ns : File "C:/Users/Chick/Vivado_Builds/traffic_light_controller/traffic_light_controller.srcs/sources_1/new/traffic_control_tb.v" Line 33
Stopped at time : 1455 ns : File "C:/Users/Chick/Vivado_Builds/traffic_light_controller/traffic_light_controller.srcs/sources_1/new/traffic_control_tb.v" Line 33
Stopped at time : 1455 ns : File "C:/Users/Chick/Vivado_Builds/traffic_light_controller/traffic_light_controller.srcs/sources_1/new/traffic_control_tb.v" Line 33
Stopped at time : 1460 ns : File "C:/Users/Chick/Vivado_Builds/traffic_light_controller/traffic_light_controller.srcs/sources_1/new/traffic_control_tb.v" Line 33
Stopped at time : 1460 ns : File "C:/Users/Chick/Vivado_Builds/traffic_light_controller/traffic_light_controller.srcs/sources_1/new/traffic_control_tb.v" Line 33
Stopped at time : 1460 ns : File "C:/Users/Chick/Vivado_Builds/traffic_light_controller/traffic_light_controller.srcs/sources_1/new/traffic_control_tb.v" Line 33
Stopped at time : 1460 ns : File "C:/Users/Chick/Vivado_Builds/traffic_light_controller/traffic_light_controller.srcs/sources_1/new/traffic_control.v" Line 44
Stopped at time : 1460 ns : File "C:/Users/Chick/Vivado_Builds/traffic_light_controller/traffic_light_controller.srcs/sources_1/new/traffic_control.v" Line 51
Stopped at time : 1460 ns : File "C:/Users/Chick/Vivado_Builds/traffic_light_controller/traffic_light_controller.srcs/sources_1/new/traffic_control.v" Line 54
Stopped at time : 1460 ns : File "C:/Users/Chick/Vivado_Builds/traffic_light_controller/traffic_light_controller.srcs/sources_1/new/traffic_control.v" Line 61
Stopped at time : 1460 ns : File "C:/Users/Chick/Vivado_Builds/traffic_light_controller/traffic_light_controller.srcs/sources_1/new/traffic_control.v" Line 62
Stopped at time : 1460 ns : File "C:/Users/Chick/Vivado_Builds/traffic_light_controller/traffic_light_controller.srcs/sources_1/new/traffic_control.v" Line 42
Stopped at time : 1465 ns : File "C:/Users/Chick/Vivado_Builds/traffic_light_controller/traffic_light_controller.srcs/sources_1/new/traffic_control_tb.v" Line 33
Stopped at time : 1465 ns : File "C:/Users/Chick/Vivado_Builds/traffic_light_controller/traffic_light_controller.srcs/sources_1/new/traffic_control_tb.v" Line 33
Stopped at time : 1465 ns : File "C:/Users/Chick/Vivado_Builds/traffic_light_controller/traffic_light_controller.srcs/sources_1/new/traffic_control_tb.v" Line 33
Stopped at time : 1470 ns : File "C:/Users/Chick/Vivado_Builds/traffic_light_controller/traffic_light_controller.srcs/sources_1/new/traffic_control_tb.v" Line 33
Stopped at time : 1470 ns : File "C:/Users/Chick/Vivado_Builds/traffic_light_controller/traffic_light_controller.srcs/sources_1/new/traffic_control_tb.v" Line 33
Stopped at time : 1470 ns : File "C:/Users/Chick/Vivado_Builds/traffic_light_controller/traffic_light_controller.srcs/sources_1/new/traffic_control_tb.v" Line 33
Stopped at time : 1470 ns : File "C:/Users/Chick/Vivado_Builds/traffic_light_controller/traffic_light_controller.srcs/sources_1/new/traffic_control.v" Line 44
Stopped at time : 1470 ns : File "C:/Users/Chick/Vivado_Builds/traffic_light_controller/traffic_light_controller.srcs/sources_1/new/traffic_control.v" Line 51
Stopped at time : 1470 ns : File "C:/Users/Chick/Vivado_Builds/traffic_light_controller/traffic_light_controller.srcs/sources_1/new/traffic_control.v" Line 54
