TRACE::2022-08-16.22:57:07::SCWPlatform::Trying to open the hw design at C:/Users/Chick/Vivado_Builds/FPGAPCIE/wksp/design_1_wrapper/hw/design_1_wrapper.xsa
TRACE::2022-08-16.22:57:07::SCWPlatform::DSA given C:/Users/Chick/Vivado_Builds/FPGAPCIE/wksp/design_1_wrapper/hw/design_1_wrapper.xsa
TRACE::2022-08-16.22:57:07::SCWPlatform::DSA absoulate path C:/Users/Chick/Vivado_Builds/FPGAPCIE/wksp/design_1_wrapper/hw/design_1_wrapper.xsa
TRACE::2022-08-16.22:57:07::SCWPlatform::DSA directory C:/Users/Chick/Vivado_Builds/FPGAPCIE/wksp/design_1_wrapper/hw
TRACE::2022-08-16.22:57:07::SCWPlatform:: Platform Path C:/Users/Chick/Vivado_Builds/FPGAPCIE/wksp/design_1_wrapper/hw/design_1_wrapper.xsa
TRACE::2022-08-16.22:57:07::SCWPlatform:: Unique name xilinx:kcu105::0.0
TRACE::2022-08-16.22:57:07::SCWPlatform::Do not have an existing db opened. 
TRACE::2022-08-16.22:57:08::SCWPlatform::Opened new HwDB with name design_1_wrapper_0
TRACE::2022-08-16.22:57:08::SCWWriter::formatted JSON is {
	"platformName":	"design_1_wrapper",
	"sprVersion":	"2.0",
	"mode":	"gui",
	"dsaType":	"Fixed",
	"platformDesc":	"design_1_wrapper",
	"platHandOff":	"C:/Users/Chick/Vivado_Builds/FPGAPCIE/design_1_wrapper.xsa",
	"platIntHandOff":	"<platformDir>/hw/design_1_wrapper.xsa",
	"deviceType":	"FPGA",
	"platIsPrebuiltAutogen":	"false",
	"platIsNoBootBsp":	"false",
	"hasFsblMakeHasChanges":	"false",
	"hasPmufwMakeHasChanges":	"false",
	"platPreBuiltFlag":	false,
	"platformSamplesDir":	""
}
TRACE::2022-08-16.22:57:08::SCWWriter::formatted JSON is {
	"platformName":	"design_1_wrapper",
	"sprVersion":	"2.0",
	"mode":	"gui",
	"dsaType":	"Fixed",
	"platformDesc":	"design_1_wrapper",
	"platHandOff":	"C:/Users/Chick/Vivado_Builds/FPGAPCIE/design_1_wrapper.xsa",
	"platIntHandOff":	"<platformDir>/hw/design_1_wrapper.xsa",
	"deviceType":	"FPGA",
	"platIsPrebuiltAutogen":	"false",
	"platIsNoBootBsp":	"false",
	"hasFsblMakeHasChanges":	"false",
	"hasPmufwMakeHasChanges":	"false",
	"platPreBuiltFlag":	false,
	"platformSamplesDir":	"",
	"platActiveSys":	"design_1_wrapper",
	"systems":	[{
			"systemName":	"design_1_wrapper",
			"systemDesc":	"design_1_wrapper",
			"sysIsBootAutoGen":	"true",
			"systemDispName":	"design_1_wrapper"
		}]
}
TRACE::2022-08-16.22:57:08::SCWPlatform::Boot application domains not present, creating them
TRACE::2022-08-16.22:57:08::SCWPlatform::Pure FPGA device, no boot application will be created.
TRACE::2022-08-16.22:57:08::SCWWriter::formatted JSON is {
	"platformName":	"design_1_wrapper",
	"sprVersion":	"2.0",
	"mode":	"gui",
	"dsaType":	"Fixed",
	"platformDesc":	"design_1_wrapper",
	"platHandOff":	"C:/Users/Chick/Vivado_Builds/FPGAPCIE/design_1_wrapper.xsa",
	"platIntHandOff":	"<platformDir>/hw/design_1_wrapper.xsa",
	"deviceType":	"FPGA",
	"platIsPrebuiltAutogen":	"false",
	"platIsNoBootBsp":	"false",
	"hasFsblMakeHasChanges":	"false",
	"hasPmufwMakeHasChanges":	"false",
	"platPreBuiltFlag":	false,
	"platformSamplesDir":	"",
	"platActiveSys":	"design_1_wrapper",
	"systems":	[{
			"systemName":	"design_1_wrapper",
			"systemDesc":	"design_1_wrapper",
			"sysIsBootAutoGen":	"true",
			"systemDispName":	"design_1_wrapper"
		}]
}
TRACE::2022-08-16.22:57:08::SCWWriter::formatted JSON is {
	"platformName":	"design_1_wrapper",
	"sprVersion":	"2.0",
	"mode":	"gui",
	"dsaType":	"Fixed",
	"platformDesc":	"design_1_wrapper",
	"platHandOff":	"C:/Users/Chick/Vivado_Builds/FPGAPCIE/design_1_wrapper.xsa",
	"platIntHandOff":	"<platformDir>/hw/design_1_wrapper.xsa",
	"deviceType":	"FPGA",
	"platIsPrebuiltAutogen":	"false",
	"platIsNoBootBsp":	"false",
	"hasFsblMakeHasChanges":	"false",
	"hasPmufwMakeHasChanges":	"false",
	"platPreBuiltFlag":	false,
	"platformSamplesDir":	"",
	"platActiveSys":	"design_1_wrapper",
	"systems":	[{
			"systemName":	"design_1_wrapper",
			"systemDesc":	"design_1_wrapper",
			"sysIsBootAutoGen":	"true",
			"systemDispName":	"design_1_wrapper"
		}]
}
TRACE::2022-08-16.22:57:08::SCWPlatform::Trying to open the hw design at C:/Users/Chick/Vivado_Builds/FPGAPCIE/wksp/design_1_wrapper/hw/design_1_wrapper.xsa
TRACE::2022-08-16.22:57:08::SCWPlatform::DSA given C:/Users/Chick/Vivado_Builds/FPGAPCIE/wksp/design_1_wrapper/hw/design_1_wrapper.xsa
TRACE::2022-08-16.22:57:08::SCWPlatform::DSA absoulate path C:/Users/Chick/Vivado_Builds/FPGAPCIE/wksp/design_1_wrapper/hw/design_1_wrapper.xsa
TRACE::2022-08-16.22:57:08::SCWPlatform::DSA directory C:/Users/Chick/Vivado_Builds/FPGAPCIE/wksp/design_1_wrapper/hw
TRACE::2022-08-16.22:57:08::SCWPlatform:: Platform Path C:/Users/Chick/Vivado_Builds/FPGAPCIE/wksp/design_1_wrapper/hw/design_1_wrapper.xsa
TRACE::2022-08-16.22:57:08::SCWPlatform:: Unique name xilinx:kcu105::0.0
TRACE::2022-08-16.22:57:08::SCWPlatform::Trying to set the existing hwdb with name design_1_wrapper_0
TRACE::2022-08-16.22:57:08::SCWPlatform::Opened existing hwdb design_1_wrapper_0
TRACE::2022-08-16.22:57:08::SCWPlatform::Found the Hw Db part of the input DSA
TRACE::2022-08-16.22:57:08::SCWPlatform::Trying to open the hw design at C:/Users/Chick/Vivado_Builds/FPGAPCIE/wksp/design_1_wrapper/hw/design_1_wrapper.xsa
TRACE::2022-08-16.22:57:08::SCWPlatform::DSA given C:/Users/Chick/Vivado_Builds/FPGAPCIE/wksp/design_1_wrapper/hw/design_1_wrapper.xsa
TRACE::2022-08-16.22:57:08::SCWPlatform::DSA absoulate path C:/Users/Chick/Vivado_Builds/FPGAPCIE/wksp/design_1_wrapper/hw/design_1_wrapper.xsa
TRACE::2022-08-16.22:57:08::SCWPlatform::DSA directory C:/Users/Chick/Vivado_Builds/FPGAPCIE/wksp/design_1_wrapper/hw
TRACE::2022-08-16.22:57:08::SCWPlatform:: Platform Path C:/Users/Chick/Vivado_Builds/FPGAPCIE/wksp/design_1_wrapper/hw/design_1_wrapper.xsa
TRACE::2022-08-16.22:57:08::SCWPlatform:: Unique name xilinx:kcu105::0.0
TRACE::2022-08-16.22:57:08::SCWPlatform::Trying to set the existing hwdb with name design_1_wrapper_0
TRACE::2022-08-16.22:57:08::SCWPlatform::Opened existing hwdb design_1_wrapper_0
TRACE::2022-08-16.22:57:08::SCWPlatform::Found the Hw Db part of the input DSA
TRACE::2022-08-16.22:57:08::SCWDomain::checking for install qemu data   : 
TRACE::2022-08-16.22:57:08::SCWPlatform::Trying to open the hw design at C:/Users/Chick/Vivado_Builds/FPGAPCIE/wksp/design_1_wrapper/hw/design_1_wrapper.xsa
TRACE::2022-08-16.22:57:08::SCWPlatform::DSA given C:/Users/Chick/Vivado_Builds/FPGAPCIE/wksp/design_1_wrapper/hw/design_1_wrapper.xsa
TRACE::2022-08-16.22:57:08::SCWPlatform::DSA absoulate path C:/Users/Chick/Vivado_Builds/FPGAPCIE/wksp/design_1_wrapper/hw/design_1_wrapper.xsa
TRACE::2022-08-16.22:57:08::SCWPlatform::DSA directory C:/Users/Chick/Vivado_Builds/FPGAPCIE/wksp/design_1_wrapper/hw
TRACE::2022-08-16.22:57:08::SCWPlatform:: Platform Path C:/Users/Chick/Vivado_Builds/FPGAPCIE/wksp/design_1_wrapper/hw/design_1_wrapper.xsa
TRACE::2022-08-16.22:57:08::SCWPlatform:: Unique name xilinx:kcu105::0.0
TRACE::2022-08-16.22:57:08::SCWPlatform::Trying to set the existing hwdb with name design_1_wrapper_0
TRACE::2022-08-16.22:57:08::SCWPlatform::Opened existing hwdb design_1_wrapper_0
TRACE::2022-08-16.22:57:08::SCWPlatform::Found the Hw Db part of the input DSA
TRACE::2022-08-16.22:57:08::SCWPlatform::Trying to open the hw design at C:/Users/Chick/Vivado_Builds/FPGAPCIE/wksp/design_1_wrapper/hw/design_1_wrapper.xsa
TRACE::2022-08-16.22:57:08::SCWPlatform::DSA given C:/Users/Chick/Vivado_Builds/FPGAPCIE/wksp/design_1_wrapper/hw/design_1_wrapper.xsa
TRACE::2022-08-16.22:57:08::SCWPlatform::DSA absoulate path C:/Users/Chick/Vivado_Builds/FPGAPCIE/wksp/design_1_wrapper/hw/design_1_wrapper.xsa
TRACE::2022-08-16.22:57:08::SCWPlatform::DSA directory C:/Users/Chick/Vivado_Builds/FPGAPCIE/wksp/design_1_wrapper/hw
TRACE::2022-08-16.22:57:08::SCWPlatform:: Platform Path C:/Users/Chick/Vivado_Builds/FPGAPCIE/wksp/design_1_wrapper/hw/design_1_wrapper.xsa
TRACE::2022-08-16.22:57:08::SCWPlatform:: Unique name xilinx:kcu105::0.0
TRACE::2022-08-16.22:57:08::SCWPlatform::Trying to set the existing hwdb with name design_1_wrapper_0
TRACE::2022-08-16.22:57:08::SCWPlatform::Opened existing hwdb design_1_wrapper_0
TRACE::2022-08-16.22:57:08::SCWPlatform::Found the Hw Db part of the input DSA
TRACE::2022-08-16.22:57:08::SCWPlatform::Trying to open the hw design at C:/Users/Chick/Vivado_Builds/FPGAPCIE/wksp/design_1_wrapper/hw/design_1_wrapper.xsa
TRACE::2022-08-16.22:57:08::SCWPlatform::DSA given C:/Users/Chick/Vivado_Builds/FPGAPCIE/wksp/design_1_wrapper/hw/design_1_wrapper.xsa
TRACE::2022-08-16.22:57:08::SCWPlatform::DSA absoulate path C:/Users/Chick/Vivado_Builds/FPGAPCIE/wksp/design_1_wrapper/hw/design_1_wrapper.xsa
TRACE::2022-08-16.22:57:08::SCWPlatform::DSA directory C:/Users/Chick/Vivado_Builds/FPGAPCIE/wksp/design_1_wrapper/hw
TRACE::2022-08-16.22:57:08::SCWPlatform:: Platform Path C:/Users/Chick/Vivado_Builds/FPGAPCIE/wksp/design_1_wrapper/hw/design_1_wrapper.xsa
TRACE::2022-08-16.22:57:08::SCWPlatform:: Unique name xilinx:kcu105::0.0
TRACE::2022-08-16.22:57:08::SCWPlatform::Trying to set the existing hwdb with name design_1_wrapper_0
TRACE::2022-08-16.22:57:08::SCWPlatform::Opened existing hwdb design_1_wrapper_0
TRACE::2022-08-16.22:57:08::SCWPlatform::Found the Hw Db part of the input DSA
TRACE::2022-08-16.22:57:08::SCWMssOS::Checking the sw design at  C:/Users/Chick/Vivado_Builds/FPGAPCIE/wksp/design_1_wrapper/microblaze_0/standalone_microblaze_0/bsp/system.mss
TRACE::2022-08-16.22:57:08::SCWMssOS::DEBUG:  swdes dump  
TRACE::2022-08-16.22:57:08::SCWMssOS::No sw design opened at  C:/Users/Chick/Vivado_Builds/FPGAPCIE/wksp/design_1_wrapper/microblaze_0/standalone_microblaze_0/bsp/system.mss
TRACE::2022-08-16.22:57:08::SCWMssOS::mss does not exists at C:/Users/Chick/Vivado_Builds/FPGAPCIE/wksp/design_1_wrapper/microblaze_0/standalone_microblaze_0/bsp/system.mss
TRACE::2022-08-16.22:57:08::SCWMssOS::Creating sw design at  C:/Users/Chick/Vivado_Builds/FPGAPCIE/wksp/design_1_wrapper/microblaze_0/standalone_microblaze_0/bsp/system.mss
TRACE::2022-08-16.22:57:08::SCWMssOS::Adding the swdes entry, created swdb C:/Users/Chick/Vivado_Builds/FPGAPCIE/wksp/design_1_wrapper/microblaze_0/standalone_microblaze_0/bsp/system.mss with des name C:/Users/Chick/Vivado_Builds/FPGAPCIE/wksp/design_1_wrapper/microblaze_0/standalone_microblaze_0/bsp/system.mss
TRACE::2022-08-16.22:57:08::SCWMssOS::updating the scw layer changes to swdes at   C:/Users/Chick/Vivado_Builds/FPGAPCIE/wksp/design_1_wrapper/microblaze_0/standalone_microblaze_0/bsp/system.mss
TRACE::2022-08-16.22:57:08::SCWMssOS::Writing mss at C:/Users/Chick/Vivado_Builds/FPGAPCIE/wksp/design_1_wrapper/microblaze_0/standalone_microblaze_0/bsp/system.mss
TRACE::2022-08-16.22:57:08::SCWMssOS::Completed writing the mss file at C:/Users/Chick/Vivado_Builds/FPGAPCIE/wksp/design_1_wrapper/microblaze_0/standalone_microblaze_0/bsp
TRACE::2022-08-16.22:57:08::SCWMssOS::Picking up changes from newly written mss file into SCW Layer. 
TRACE::2022-08-16.22:57:08::SCWMssOS::Updated the changes from newly written mss file into SCW Layer. 
TRACE::2022-08-16.22:57:08::SCWMssOS::Completed writing the mss file at C:/Users/Chick/Vivado_Builds/FPGAPCIE/wksp/design_1_wrapper/microblaze_0/standalone_microblaze_0/bsp
TRACE::2022-08-16.22:57:08::SCWMssOS::Forcing BSP Sources regeneration.
TRACE::2022-08-16.22:57:09::SCWMssOS::Saving the mss changes C:/Users/Chick/Vivado_Builds/FPGAPCIE/wksp/design_1_wrapper/microblaze_0/standalone_microblaze_0/bsp/system.mss
TRACE::2022-08-16.22:57:09::SCWMssOS::Adding the swdes entry, mss present, able to open swdb C:/Users/Chick/Vivado_Builds/FPGAPCIE/wksp/design_1_wrapper/microblaze_0/standalone_microblaze_0/bsp/system.mss with des name system
TRACE::2022-08-16.22:57:09::SCWMssOS::Writing the mss file completed C:/Users/Chick/Vivado_Builds/FPGAPCIE/wksp/design_1_wrapper/microblaze_0/standalone_microblaze_0/bsp/system.mss
TRACE::2022-08-16.22:57:09::SCWMssOS::Commit changes completed.
TRACE::2022-08-16.22:57:09::SCWPlatform::Trying to open the hw design at C:/Users/Chick/Vivado_Builds/FPGAPCIE/wksp/design_1_wrapper/hw/design_1_wrapper.xsa
TRACE::2022-08-16.22:57:09::SCWPlatform::DSA given C:/Users/Chick/Vivado_Builds/FPGAPCIE/wksp/design_1_wrapper/hw/design_1_wrapper.xsa
TRACE::2022-08-16.22:57:09::SCWPlatform::DSA absoulate path C:/Users/Chick/Vivado_Builds/FPGAPCIE/wksp/design_1_wrapper/hw/design_1_wrapper.xsa
TRACE::2022-08-16.22:57:09::SCWPlatform::DSA directory C:/Users/Chick/Vivado_Builds/FPGAPCIE/wksp/design_1_wrapper/hw
TRACE::2022-08-16.22:57:09::SCWPlatform:: Platform Path C:/Users/Chick/Vivado_Builds/FPGAPCIE/wksp/design_1_wrapper/hw/design_1_wrapper.xsa
TRACE::2022-08-16.22:57:09::SCWPlatform:: Unique name xilinx:kcu105::0.0
TRACE::2022-08-16.22:57:09::SCWPlatform::Trying to set the existing hwdb with name design_1_wrapper_0
TRACE::2022-08-16.22:57:09::SCWPlatform::Opened existing hwdb design_1_wrapper_0
TRACE::2022-08-16.22:57:09::SCWPlatform::Found the Hw Db part of the input DSA
TRACE::2022-08-16.22:57:09::SCWMssOS::Checking the sw design at  C:/Users/Chick/Vivado_Builds/FPGAPCIE/wksp/design_1_wrapper/microblaze_0/standalone_microblaze_0/bsp/system.mss
TRACE::2022-08-16.22:57:09::SCWMssOS::DEBUG:  swdes dump  C:/Users/Chick/Vivado_Builds/FPGAPCIE/wksp/design_1_wrapper/microblaze_0/standalone_microblaze_0/bsp/system.mss|system||

TRACE::2022-08-16.22:57:09::SCWMssOS::Sw design exists and opened at  C:/Users/Chick/Vivado_Builds/FPGAPCIE/wksp/design_1_wrapper/microblaze_0/standalone_microblaze_0/bsp/system.mss
TRACE::2022-08-16.22:57:09::SCWPlatform::Trying to open the hw design at C:/Users/Chick/Vivado_Builds/FPGAPCIE/wksp/design_1_wrapper/hw/design_1_wrapper.xsa
TRACE::2022-08-16.22:57:09::SCWPlatform::DSA given C:/Users/Chick/Vivado_Builds/FPGAPCIE/wksp/design_1_wrapper/hw/design_1_wrapper.xsa
TRACE::2022-08-16.22:57:09::SCWPlatform::DSA absoulate path C:/Users/Chick/Vivado_Builds/FPGAPCIE/wksp/design_1_wrapper/hw/design_1_wrapper.xsa
TRACE::2022-08-16.22:57:09::SCWPlatform::DSA directory C:/Users/Chick/Vivado_Builds/FPGAPCIE/wksp/design_1_wrapper/hw
TRACE::2022-08-16.22:57:09::SCWPlatform:: Platform Path C:/Users/Chick/Vivado_Builds/FPGAPCIE/wksp/design_1_wrapper/hw/design_1_wrapper.xsa
TRACE::2022-08-16.22:57:09::SCWPlatform:: Unique name xilinx:kcu105::0.0
TRACE::2022-08-16.22:57:09::SCWPlatform::Trying to set the existing hwdb with name design_1_wrapper_0
TRACE::2022-08-16.22:57:09::SCWPlatform::Opened existing hwdb design_1_wrapper_0
TRACE::2022-08-16.22:57:09::SCWPlatform::Found the Hw Db part of the input DSA
TRACE::2022-08-16.22:57:09::SCWMssOS::Checking the sw design at  C:/Users/Chick/Vivado_Builds/FPGAPCIE/wksp/design_1_wrapper/microblaze_0/standalone_microblaze_0/bsp/system.mss
TRACE::2022-08-16.22:57:09::SCWMssOS::DEBUG:  swdes dump  C:/Users/Chick/Vivado_Builds/FPGAPCIE/wksp/design_1_wrapper/microblaze_0/standalone_microblaze_0/bsp/system.mss|system||

TRACE::2022-08-16.22:57:09::SCWMssOS::Sw design exists and opened at  C:/Users/Chick/Vivado_Builds/FPGAPCIE/wksp/design_1_wrapper/microblaze_0/standalone_microblaze_0/bsp/system.mss
TRACE::2022-08-16.22:57:09::SCWPlatform::Trying to open the hw design at C:/Users/Chick/Vivado_Builds/FPGAPCIE/wksp/design_1_wrapper/hw/design_1_wrapper.xsa
TRACE::2022-08-16.22:57:09::SCWPlatform::DSA given C:/Users/Chick/Vivado_Builds/FPGAPCIE/wksp/design_1_wrapper/hw/design_1_wrapper.xsa
TRACE::2022-08-16.22:57:09::SCWPlatform::DSA absoulate path C:/Users/Chick/Vivado_Builds/FPGAPCIE/wksp/design_1_wrapper/hw/design_1_wrapper.xsa
TRACE::2022-08-16.22:57:09::SCWPlatform::DSA directory C:/Users/Chick/Vivado_Builds/FPGAPCIE/wksp/design_1_wrapper/hw
TRACE::2022-08-16.22:57:09::SCWPlatform:: Platform Path C:/Users/Chick/Vivado_Builds/FPGAPCIE/wksp/design_1_wrapper/hw/design_1_wrapper.xsa
TRACE::2022-08-16.22:57:09::SCWPlatform:: Unique name xilinx:kcu105::0.0
TRACE::2022-08-16.22:57:09::SCWPlatform::Trying to set the existing hwdb with name design_1_wrapper_0
TRACE::2022-08-16.22:57:09::SCWPlatform::Opened existing hwdb design_1_wrapper_0
TRACE::2022-08-16.22:57:09::SCWPlatform::Found the Hw Db part of the input DSA
TRACE::2022-08-16.22:57:09::SCWMssOS::Checking the sw design at  C:/Users/Chick/Vivado_Builds/FPGAPCIE/wksp/design_1_wrapper/microblaze_0/standalone_microblaze_0/bsp/system.mss
TRACE::2022-08-16.22:57:09::SCWMssOS::DEBUG:  swdes dump  C:/Users/Chick/Vivado_Builds/FPGAPCIE/wksp/design_1_wrapper/microblaze_0/standalone_microblaze_0/bsp/system.mss|system||

TRACE::2022-08-16.22:57:09::SCWMssOS::Sw design exists and opened at  C:/Users/Chick/Vivado_Builds/FPGAPCIE/wksp/design_1_wrapper/microblaze_0/standalone_microblaze_0/bsp/system.mss
TRACE::2022-08-16.22:57:09::SCWWriter::formatted JSON is {
	"platformName":	"design_1_wrapper",
	"sprVersion":	"2.0",
	"mode":	"gui",
	"dsaType":	"Fixed",
	"platformDesc":	"design_1_wrapper",
	"platHandOff":	"C:/Users/Chick/Vivado_Builds/FPGAPCIE/design_1_wrapper.xsa",
	"platIntHandOff":	"<platformDir>/hw/design_1_wrapper.xsa",
	"deviceType":	"FPGA",
	"platIsPrebuiltAutogen":	"false",
	"platIsNoBootBsp":	"false",
	"hasFsblMakeHasChanges":	"false",
	"hasPmufwMakeHasChanges":	"false",
	"platPreBuiltFlag":	false,
	"platformSamplesDir":	"",
	"platActiveSys":	"design_1_wrapper",
	"systems":	[{
			"systemName":	"design_1_wrapper",
			"systemDesc":	"design_1_wrapper",
			"sysIsBootAutoGen":	"true",
			"systemDispName":	"design_1_wrapper",
			"sysActiveDom":	"standalone_microblaze_0",
			"sysDefaultDom":	"standalone_microblaze_0",
			"domains":	[{
					"domainName":	"standalone_microblaze_0",
					"domainDispName":	"standalone_microblaze_0",
					"domainDesc":	"standalone_microblaze_0",
					"processors":	"microblaze_0",
					"os":	"standalone",
					"sdxOs":	"standalone",
					"debugEnable":	"False",
					"domRuntimes":	["cpp"],
					"swRepo":	"",
					"mssOsVer":	"7.7",
					"mssFile":	"",
					"md5Digest":	"a4969e11cad05b38401c6059c0042b5e",
					"compatibleApp":	"empty_application",
					"domType":	"mssDomain",
					"arch":	"32-bit",
					"appSettings":	{
						"appCompilerFlags":	"",
						"appLinkerFlags":	""
					},
					"addedLibs":	[],
					"libOptions":	{
						"libsContainingOptions":	[]
					},
					"prebuiltLibs":	{
						"prebuiltIncPath":	[],
						"prebuiltLibPath":	[]
					},
					"isolation":	{
					}
				}]
		}]
}
LOG::2022-08-16.22:57:09::SCWPlatform::Started generating the artifacts platform design_1_wrapper
TRACE::2022-08-16.22:57:09::SCWPlatform::Sanity checking of platform is completed
LOG::2022-08-16.22:57:09::SCWPlatform::Started generating the artifacts for system configuration design_1_wrapper
LOG::2022-08-16.22:57:09::SCWSystem::Checking the domain standalone_microblaze_0
LOG::2022-08-16.22:57:09::SCWSystem::Not a boot domain 
LOG::2022-08-16.22:57:09::SCWSystem::Started Processing the domain standalone_microblaze_0
TRACE::2022-08-16.22:57:09::SCWDomain::Generating domain artifcats
TRACE::2022-08-16.22:57:09::SCWMssOS::Generating standalone artifcats
TRACE::2022-08-16.22:57:09::SCWMssOS:: Copying the user libraries. 
TRACE::2022-08-16.22:57:09::SCWPlatform::Trying to open the hw design at C:/Users/Chick/Vivado_Builds/FPGAPCIE/wksp/design_1_wrapper/hw/design_1_wrapper.xsa
TRACE::2022-08-16.22:57:09::SCWPlatform::DSA given C:/Users/Chick/Vivado_Builds/FPGAPCIE/wksp/design_1_wrapper/hw/design_1_wrapper.xsa
TRACE::2022-08-16.22:57:09::SCWPlatform::DSA absoulate path C:/Users/Chick/Vivado_Builds/FPGAPCIE/wksp/design_1_wrapper/hw/design_1_wrapper.xsa
TRACE::2022-08-16.22:57:09::SCWPlatform::DSA directory C:/Users/Chick/Vivado_Builds/FPGAPCIE/wksp/design_1_wrapper/hw
TRACE::2022-08-16.22:57:09::SCWPlatform:: Platform Path C:/Users/Chick/Vivado_Builds/FPGAPCIE/wksp/design_1_wrapper/hw/design_1_wrapper.xsa
TRACE::2022-08-16.22:57:09::SCWPlatform:: Unique name xilinx:kcu105::0.0
TRACE::2022-08-16.22:57:09::SCWPlatform::Trying to set the existing hwdb with name design_1_wrapper_0
TRACE::2022-08-16.22:57:09::SCWPlatform::Opened existing hwdb design_1_wrapper_0
TRACE::2022-08-16.22:57:09::SCWPlatform::Found the Hw Db part of the input DSA
TRACE::2022-08-16.22:57:09::SCWMssOS::Checking the sw design at  C:/Users/Chick/Vivado_Builds/FPGAPCIE/wksp/design_1_wrapper/microblaze_0/standalone_microblaze_0/bsp/system.mss
TRACE::2022-08-16.22:57:09::SCWMssOS::DEBUG:  swdes dump  C:/Users/Chick/Vivado_Builds/FPGAPCIE/wksp/design_1_wrapper/microblaze_0/standalone_microblaze_0/bsp/system.mss|system||

TRACE::2022-08-16.22:57:09::SCWMssOS::Sw design exists and opened at  C:/Users/Chick/Vivado_Builds/FPGAPCIE/wksp/design_1_wrapper/microblaze_0/standalone_microblaze_0/bsp/system.mss
TRACE::2022-08-16.22:57:09::SCWMssOS::Completed writing the mss file at C:/Users/Chick/Vivado_Builds/FPGAPCIE/wksp/design_1_wrapper/microblaze_0/standalone_microblaze_0/bsp
TRACE::2022-08-16.22:57:09::SCWMssOS::Mss edits present, copying mssfile into export location C:/Users/Chick/Vivado_Builds/FPGAPCIE/wksp/design_1_wrapper/microblaze_0/standalone_microblaze_0/bsp/system.mss
TRACE::2022-08-16.22:57:09::SCWMssOS::bsp generated is upto date with the mss file. Skipping bsp generation.
TRACE::2022-08-16.22:57:09::SCWMssOS::BSP is already built. skipping the bsp build ... 
TRACE::2022-08-16.22:57:09::SCWDomain::Skipping the build for domain :  standalone_microblaze_0
TRACE::2022-08-16.22:57:09::SCWMssOS::skipping the bsp build ... 
TRACE::2022-08-16.22:57:09::SCWMssOS::Copying to export directory.
TRACE::2022-08-16.22:57:09::SCWMssOS:: Checking if to create the Supporting Applications
TRACE::2022-08-16.22:57:09::SCWMssOS:: No Linux domain exists, trying to generate FSBL 
LOG::2022-08-16.22:57:09::SCWSystem::Completed Processing the domain standalone_microblaze_0
LOG::2022-08-16.22:57:09::SCWSystem::Completed Processing the sysconfig design_1_wrapper
LOG::2022-08-16.22:57:09::SCWPlatform::Completed generating the artifacts for system configuration design_1_wrapper
TRACE::2022-08-16.22:57:09::SCWPlatform::Started preparing the platform 
TRACE::2022-08-16.22:57:09::SCWSystem::Writing the bif file for system config design_1_wrapper
TRACE::2022-08-16.22:57:09::SCWSystem::dir created 
TRACE::2022-08-16.22:57:09::SCWSystem::Writing the bif 
TRACE::2022-08-16.22:57:09::SCWPlatform::Started writing the spfm file 
TRACE::2022-08-16.22:57:09::SCWPlatform::Started writing the xpfm file 
TRACE::2022-08-16.22:57:09::SCWPlatform::Completed generating the platform
TRACE::2022-08-16.22:57:09::SCWMssOS::Saving the mss changes C:/Users/Chick/Vivado_Builds/FPGAPCIE/wksp/design_1_wrapper/microblaze_0/standalone_microblaze_0/bsp/system.mss
TRACE::2022-08-16.22:57:09::SCWMssOS::Found a swdesign opened with the mssfile.
TRACE::2022-08-16.22:57:09::SCWMssOS::Completed writemss as part of save.
TRACE::2022-08-16.22:57:09::SCWMssOS::Commit changes completed.
TRACE::2022-08-16.22:57:09::SCWPlatform::Trying to open the hw design at C:/Users/Chick/Vivado_Builds/FPGAPCIE/wksp/design_1_wrapper/hw/design_1_wrapper.xsa
TRACE::2022-08-16.22:57:09::SCWPlatform::DSA given C:/Users/Chick/Vivado_Builds/FPGAPCIE/wksp/design_1_wrapper/hw/design_1_wrapper.xsa
TRACE::2022-08-16.22:57:09::SCWPlatform::DSA absoulate path C:/Users/Chick/Vivado_Builds/FPGAPCIE/wksp/design_1_wrapper/hw/design_1_wrapper.xsa
TRACE::2022-08-16.22:57:09::SCWPlatform::DSA directory C:/Users/Chick/Vivado_Builds/FPGAPCIE/wksp/design_1_wrapper/hw
TRACE::2022-08-16.22:57:09::SCWPlatform:: Platform Path C:/Users/Chick/Vivado_Builds/FPGAPCIE/wksp/design_1_wrapper/hw/design_1_wrapper.xsa
TRACE::2022-08-16.22:57:09::SCWPlatform:: Unique name xilinx:kcu105::0.0
TRACE::2022-08-16.22:57:09::SCWPlatform::Trying to set the existing hwdb with name design_1_wrapper_0
TRACE::2022-08-16.22:57:09::SCWPlatform::Opened existing hwdb design_1_wrapper_0
TRACE::2022-08-16.22:57:09::SCWPlatform::Found the Hw Db part of the input DSA
TRACE::2022-08-16.22:57:09::SCWMssOS::Checking the sw design at  C:/Users/Chick/Vivado_Builds/FPGAPCIE/wksp/design_1_wrapper/microblaze_0/standalone_microblaze_0/bsp/system.mss
TRACE::2022-08-16.22:57:09::SCWMssOS::DEBUG:  swdes dump  C:/Users/Chick/Vivado_Builds/FPGAPCIE/wksp/design_1_wrapper/microblaze_0/standalone_microblaze_0/bsp/system.mss|system||

TRACE::2022-08-16.22:57:09::SCWMssOS::Sw design exists and opened at  C:/Users/Chick/Vivado_Builds/FPGAPCIE/wksp/design_1_wrapper/microblaze_0/standalone_microblaze_0/bsp/system.mss
TRACE::2022-08-16.22:57:09::SCWPlatform::Trying to open the hw design at C:/Users/Chick/Vivado_Builds/FPGAPCIE/wksp/design_1_wrapper/hw/design_1_wrapper.xsa
TRACE::2022-08-16.22:57:09::SCWPlatform::DSA given C:/Users/Chick/Vivado_Builds/FPGAPCIE/wksp/design_1_wrapper/hw/design_1_wrapper.xsa
TRACE::2022-08-16.22:57:09::SCWPlatform::DSA absoulate path C:/Users/Chick/Vivado_Builds/FPGAPCIE/wksp/design_1_wrapper/hw/design_1_wrapper.xsa
TRACE::2022-08-16.22:57:09::SCWPlatform::DSA directory C:/Users/Chick/Vivado_Builds/FPGAPCIE/wksp/design_1_wrapper/hw
TRACE::2022-08-16.22:57:09::SCWPlatform:: Platform Path C:/Users/Chick/Vivado_Builds/FPGAPCIE/wksp/design_1_wrapper/hw/design_1_wrapper.xsa
TRACE::2022-08-16.22:57:09::SCWPlatform:: Unique name xilinx:kcu105::0.0
TRACE::2022-08-16.22:57:09::SCWPlatform::Trying to set the existing hwdb with name design_1_wrapper_0
TRACE::2022-08-16.22:57:09::SCWPlatform::Opened existing hwdb design_1_wrapper_0
TRACE::2022-08-16.22:57:09::SCWPlatform::Found the Hw Db part of the input DSA
TRACE::2022-08-16.22:57:09::SCWMssOS::Checking the sw design at  C:/Users/Chick/Vivado_Builds/FPGAPCIE/wksp/design_1_wrapper/microblaze_0/standalone_microblaze_0/bsp/system.mss
TRACE::2022-08-16.22:57:09::SCWMssOS::DEBUG:  swdes dump  C:/Users/Chick/Vivado_Builds/FPGAPCIE/wksp/design_1_wrapper/microblaze_0/standalone_microblaze_0/bsp/system.mss|system||

TRACE::2022-08-16.22:57:09::SCWMssOS::Sw design exists and opened at  C:/Users/Chick/Vivado_Builds/FPGAPCIE/wksp/design_1_wrapper/microblaze_0/standalone_microblaze_0/bsp/system.mss
TRACE::2022-08-16.22:57:09::SCWPlatform::Trying to open the hw design at C:/Users/Chick/Vivado_Builds/FPGAPCIE/wksp/design_1_wrapper/hw/design_1_wrapper.xsa
TRACE::2022-08-16.22:57:09::SCWPlatform::DSA given C:/Users/Chick/Vivado_Builds/FPGAPCIE/wksp/design_1_wrapper/hw/design_1_wrapper.xsa
TRACE::2022-08-16.22:57:09::SCWPlatform::DSA absoulate path C:/Users/Chick/Vivado_Builds/FPGAPCIE/wksp/design_1_wrapper/hw/design_1_wrapper.xsa
TRACE::2022-08-16.22:57:09::SCWPlatform::DSA directory C:/Users/Chick/Vivado_Builds/FPGAPCIE/wksp/design_1_wrapper/hw
TRACE::2022-08-16.22:57:09::SCWPlatform:: Platform Path C:/Users/Chick/Vivado_Builds/FPGAPCIE/wksp/design_1_wrapper/hw/design_1_wrapper.xsa
TRACE::2022-08-16.22:57:09::SCWPlatform:: Unique name xilinx:kcu105::0.0
TRACE::2022-08-16.22:57:09::SCWPlatform::Trying to set the existing hwdb with name design_1_wrapper_0
TRACE::2022-08-16.22:57:09::SCWPlatform::Opened existing hwdb design_1_wrapper_0
TRACE::2022-08-16.22:57:09::SCWPlatform::Found the Hw Db part of the input DSA
TRACE::2022-08-16.22:57:09::SCWMssOS::Checking the sw design at  C:/Users/Chick/Vivado_Builds/FPGAPCIE/wksp/design_1_wrapper/microblaze_0/standalone_microblaze_0/bsp/system.mss
TRACE::2022-08-16.22:57:09::SCWMssOS::DEBUG:  swdes dump  C:/Users/Chick/Vivado_Builds/FPGAPCIE/wksp/design_1_wrapper/microblaze_0/standalone_microblaze_0/bsp/system.mss|system||

TRACE::2022-08-16.22:57:09::SCWMssOS::Sw design exists and opened at  C:/Users/Chick/Vivado_Builds/FPGAPCIE/wksp/design_1_wrapper/microblaze_0/standalone_microblaze_0/bsp/system.mss
TRACE::2022-08-16.22:57:09::SCWWriter::formatted JSON is {
	"platformName":	"design_1_wrapper",
	"sprVersion":	"2.0",
	"mode":	"gui",
	"dsaType":	"Fixed",
	"platformDesc":	"design_1_wrapper",
	"platHandOff":	"C:/Users/Chick/Vivado_Builds/FPGAPCIE/design_1_wrapper.xsa",
	"platIntHandOff":	"<platformDir>/hw/design_1_wrapper.xsa",
	"deviceType":	"FPGA",
	"platIsPrebuiltAutogen":	"false",
	"platIsNoBootBsp":	"false",
	"hasFsblMakeHasChanges":	"false",
	"hasPmufwMakeHasChanges":	"false",
	"platPreBuiltFlag":	false,
	"platformSamplesDir":	"",
	"platActiveSys":	"design_1_wrapper",
	"systems":	[{
			"systemName":	"design_1_wrapper",
			"systemDesc":	"design_1_wrapper",
			"sysIsBootAutoGen":	"true",
			"systemDispName":	"design_1_wrapper",
			"sysActiveDom":	"standalone_microblaze_0",
			"sysDefaultDom":	"standalone_microblaze_0",
			"domains":	[{
					"domainName":	"standalone_microblaze_0",
					"domainDispName":	"standalone_microblaze_0",
					"domainDesc":	"standalone_microblaze_0",
					"processors":	"microblaze_0",
					"os":	"standalone",
					"sdxOs":	"standalone",
					"debugEnable":	"False",
					"domRuntimes":	["cpp"],
					"swRepo":	"",
					"mssOsVer":	"7.7",
					"mssFile":	"",
					"md5Digest":	"a4969e11cad05b38401c6059c0042b5e",
					"compatibleApp":	"empty_application",
					"domType":	"mssDomain",
					"arch":	"32-bit",
					"appSettings":	{
						"appCompilerFlags":	"",
						"appLinkerFlags":	""
					},
					"addedLibs":	[],
					"libOptions":	{
						"libsContainingOptions":	[]
					},
					"prebuiltLibs":	{
						"prebuiltIncPath":	[],
						"prebuiltLibPath":	[]
					},
					"isolation":	{
					}
				}]
		}]
}
KEYINFO::2022-08-16.22:57:09::SCWPlatform::updated the xpfm file.
TRACE::2022-08-16.22:57:10::SCWPlatform::Trying to open the hw design at C:/Users/Chick/Vivado_Builds/FPGAPCIE/wksp/design_1_wrapper/hw/design_1_wrapper.xsa
TRACE::2022-08-16.22:57:10::SCWPlatform::DSA given C:/Users/Chick/Vivado_Builds/FPGAPCIE/wksp/design_1_wrapper/hw/design_1_wrapper.xsa
TRACE::2022-08-16.22:57:10::SCWPlatform::DSA absoulate path C:/Users/Chick/Vivado_Builds/FPGAPCIE/wksp/design_1_wrapper/hw/design_1_wrapper.xsa
TRACE::2022-08-16.22:57:10::SCWPlatform::DSA directory C:/Users/Chick/Vivado_Builds/FPGAPCIE/wksp/design_1_wrapper/hw
TRACE::2022-08-16.22:57:10::SCWPlatform:: Platform Path C:/Users/Chick/Vivado_Builds/FPGAPCIE/wksp/design_1_wrapper/hw/design_1_wrapper.xsa
TRACE::2022-08-16.22:57:10::SCWPlatform:: Unique name xilinx:kcu105::0.0
TRACE::2022-08-16.22:57:10::SCWPlatform::Trying to set the existing hwdb with name design_1_wrapper_0
TRACE::2022-08-16.22:57:10::SCWPlatform::Opened existing hwdb design_1_wrapper_0
TRACE::2022-08-16.22:57:10::SCWPlatform::Found the Hw Db part of the input DSA
TRACE::2022-08-16.22:57:10::SCWMssOS::Checking the sw design at  C:/Users/Chick/Vivado_Builds/FPGAPCIE/wksp/design_1_wrapper/microblaze_0/standalone_microblaze_0/bsp/system.mss
TRACE::2022-08-16.22:57:10::SCWMssOS::DEBUG:  swdes dump  C:/Users/Chick/Vivado_Builds/FPGAPCIE/wksp/design_1_wrapper/microblaze_0/standalone_microblaze_0/bsp/system.mss|system||

TRACE::2022-08-16.22:57:10::SCWMssOS::Sw design exists and opened at  C:/Users/Chick/Vivado_Builds/FPGAPCIE/wksp/design_1_wrapper/microblaze_0/standalone_microblaze_0/bsp/system.mss
TRACE::2022-08-16.22:57:10::SCWMssOS::Saving the mss changes C:/Users/Chick/Vivado_Builds/FPGAPCIE/wksp/design_1_wrapper/microblaze_0/standalone_microblaze_0/bsp/system.mss
TRACE::2022-08-16.22:57:10::SCWMssOS::Found a swdesign opened with the mssfile.
TRACE::2022-08-16.22:57:10::SCWMssOS::Completed writemss as part of save.
TRACE::2022-08-16.22:57:10::SCWMssOS::Commit changes completed.
TRACE::2022-08-16.22:57:10::SCWPlatform::Trying to open the hw design at C:/Users/Chick/Vivado_Builds/FPGAPCIE/wksp/design_1_wrapper/hw/design_1_wrapper.xsa
TRACE::2022-08-16.22:57:10::SCWPlatform::DSA given C:/Users/Chick/Vivado_Builds/FPGAPCIE/wksp/design_1_wrapper/hw/design_1_wrapper.xsa
TRACE::2022-08-16.22:57:10::SCWPlatform::DSA absoulate path C:/Users/Chick/Vivado_Builds/FPGAPCIE/wksp/design_1_wrapper/hw/design_1_wrapper.xsa
TRACE::2022-08-16.22:57:10::SCWPlatform::DSA directory C:/Users/Chick/Vivado_Builds/FPGAPCIE/wksp/design_1_wrapper/hw
TRACE::2022-08-16.22:57:10::SCWPlatform:: Platform Path C:/Users/Chick/Vivado_Builds/FPGAPCIE/wksp/design_1_wrapper/hw/design_1_wrapper.xsa
TRACE::2022-08-16.22:57:10::SCWPlatform:: Unique name xilinx:kcu105::0.0
TRACE::2022-08-16.22:57:10::SCWPlatform::Trying to set the existing hwdb with name design_1_wrapper_0
TRACE::2022-08-16.22:57:10::SCWPlatform::Opened existing hwdb design_1_wrapper_0
TRACE::2022-08-16.22:57:10::SCWPlatform::Found the Hw Db part of the input DSA
TRACE::2022-08-16.22:57:10::SCWMssOS::Checking the sw design at  C:/Users/Chick/Vivado_Builds/FPGAPCIE/wksp/design_1_wrapper/microblaze_0/standalone_microblaze_0/bsp/system.mss
TRACE::2022-08-16.22:57:10::SCWMssOS::DEBUG:  swdes dump  C:/Users/Chick/Vivado_Builds/FPGAPCIE/wksp/design_1_wrapper/microblaze_0/standalone_microblaze_0/bsp/system.mss|system||

TRACE::2022-08-16.22:57:10::SCWMssOS::Sw design exists and opened at  C:/Users/Chick/Vivado_Builds/FPGAPCIE/wksp/design_1_wrapper/microblaze_0/standalone_microblaze_0/bsp/system.mss
TRACE::2022-08-16.22:57:10::SCWPlatform::Trying to open the hw design at C:/Users/Chick/Vivado_Builds/FPGAPCIE/wksp/design_1_wrapper/hw/design_1_wrapper.xsa
TRACE::2022-08-16.22:57:10::SCWPlatform::DSA given C:/Users/Chick/Vivado_Builds/FPGAPCIE/wksp/design_1_wrapper/hw/design_1_wrapper.xsa
TRACE::2022-08-16.22:57:10::SCWPlatform::DSA absoulate path C:/Users/Chick/Vivado_Builds/FPGAPCIE/wksp/design_1_wrapper/hw/design_1_wrapper.xsa
TRACE::2022-08-16.22:57:10::SCWPlatform::DSA directory C:/Users/Chick/Vivado_Builds/FPGAPCIE/wksp/design_1_wrapper/hw
TRACE::2022-08-16.22:57:10::SCWPlatform:: Platform Path C:/Users/Chick/Vivado_Builds/FPGAPCIE/wksp/design_1_wrapper/hw/design_1_wrapper.xsa
TRACE::2022-08-16.22:57:10::SCWPlatform:: Unique name xilinx:kcu105::0.0
TRACE::2022-08-16.22:57:10::SCWPlatform::Trying to set the existing hwdb with name design_1_wrapper_0
TRACE::2022-08-16.22:57:10::SCWPlatform::Opened existing hwdb design_1_wrapper_0
TRACE::2022-08-16.22:57:10::SCWPlatform::Found the Hw Db part of the input DSA
TRACE::2022-08-16.22:57:10::SCWMssOS::Checking the sw design at  C:/Users/Chick/Vivado_Builds/FPGAPCIE/wksp/design_1_wrapper/microblaze_0/standalone_microblaze_0/bsp/system.mss
TRACE::2022-08-16.22:57:10::SCWMssOS::DEBUG:  swdes dump  C:/Users/Chick/Vivado_Builds/FPGAPCIE/wksp/design_1_wrapper/microblaze_0/standalone_microblaze_0/bsp/system.mss|system||

TRACE::2022-08-16.22:57:10::SCWMssOS::Sw design exists and opened at  C:/Users/Chick/Vivado_Builds/FPGAPCIE/wksp/design_1_wrapper/microblaze_0/standalone_microblaze_0/bsp/system.mss
TRACE::2022-08-16.22:57:10::SCWPlatform::Trying to open the hw design at C:/Users/Chick/Vivado_Builds/FPGAPCIE/wksp/design_1_wrapper/hw/design_1_wrapper.xsa
TRACE::2022-08-16.22:57:10::SCWPlatform::DSA given C:/Users/Chick/Vivado_Builds/FPGAPCIE/wksp/design_1_wrapper/hw/design_1_wrapper.xsa
TRACE::2022-08-16.22:57:10::SCWPlatform::DSA absoulate path C:/Users/Chick/Vivado_Builds/FPGAPCIE/wksp/design_1_wrapper/hw/design_1_wrapper.xsa
TRACE::2022-08-16.22:57:10::SCWPlatform::DSA directory C:/Users/Chick/Vivado_Builds/FPGAPCIE/wksp/design_1_wrapper/hw
TRACE::2022-08-16.22:57:10::SCWPlatform:: Platform Path C:/Users/Chick/Vivado_Builds/FPGAPCIE/wksp/design_1_wrapper/hw/design_1_wrapper.xsa
TRACE::2022-08-16.22:57:10::SCWPlatform:: Unique name xilinx:kcu105::0.0
TRACE::2022-08-16.22:57:10::SCWPlatform::Trying to set the existing hwdb with name design_1_wrapper_0
TRACE::2022-08-16.22:57:10::SCWPlatform::Opened existing hwdb design_1_wrapper_0
TRACE::2022-08-16.22:57:10::SCWPlatform::Found the Hw Db part of the input DSA
TRACE::2022-08-16.22:57:10::SCWMssOS::Checking the sw design at  C:/Users/Chick/Vivado_Builds/FPGAPCIE/wksp/design_1_wrapper/microblaze_0/standalone_microblaze_0/bsp/system.mss
TRACE::2022-08-16.22:57:10::SCWMssOS::DEBUG:  swdes dump  C:/Users/Chick/Vivado_Builds/FPGAPCIE/wksp/design_1_wrapper/microblaze_0/standalone_microblaze_0/bsp/system.mss|system||

TRACE::2022-08-16.22:57:10::SCWMssOS::Sw design exists and opened at  C:/Users/Chick/Vivado_Builds/FPGAPCIE/wksp/design_1_wrapper/microblaze_0/standalone_microblaze_0/bsp/system.mss
TRACE::2022-08-16.22:57:10::SCWWriter::formatted JSON is {
	"platformName":	"design_1_wrapper",
	"sprVersion":	"2.0",
	"mode":	"gui",
	"dsaType":	"Fixed",
	"platformDesc":	"design_1_wrapper",
	"platHandOff":	"C:/Users/Chick/Vivado_Builds/FPGAPCIE/design_1_wrapper.xsa",
	"platIntHandOff":	"<platformDir>/hw/design_1_wrapper.xsa",
	"deviceType":	"FPGA",
	"platIsPrebuiltAutogen":	"false",
	"platIsNoBootBsp":	"false",
	"hasFsblMakeHasChanges":	"false",
	"hasPmufwMakeHasChanges":	"false",
	"platPreBuiltFlag":	false,
	"platformSamplesDir":	"",
	"platActiveSys":	"design_1_wrapper",
	"systems":	[{
			"systemName":	"design_1_wrapper",
			"systemDesc":	"design_1_wrapper",
			"sysIsBootAutoGen":	"true",
			"systemDispName":	"design_1_wrapper",
			"sysActiveDom":	"standalone_microblaze_0",
			"sysDefaultDom":	"standalone_microblaze_0",
			"domains":	[{
					"domainName":	"standalone_microblaze_0",
					"domainDispName":	"standalone_microblaze_0",
					"domainDesc":	"standalone_microblaze_0",
					"processors":	"microblaze_0",
					"os":	"standalone",
					"sdxOs":	"standalone",
					"debugEnable":	"False",
					"domRuntimes":	["cpp"],
					"swRepo":	"",
					"mssOsVer":	"7.7",
					"mssFile":	"",
					"md5Digest":	"a4969e11cad05b38401c6059c0042b5e",
					"compatibleApp":	"empty_application",
					"domType":	"mssDomain",
					"arch":	"32-bit",
					"appSettings":	{
						"appCompilerFlags":	"",
						"appLinkerFlags":	""
					},
					"addedLibs":	[],
					"libOptions":	{
						"libsContainingOptions":	[]
					},
					"prebuiltLibs":	{
						"prebuiltIncPath":	[],
						"prebuiltLibPath":	[]
					},
					"isolation":	{
					}
				}]
		}]
}
TRACE::2022-08-16.22:57:10::SCWPlatform::Trying to open the hw design at C:/Users/Chick/Vivado_Builds/FPGAPCIE/wksp/design_1_wrapper/hw/design_1_wrapper.xsa
TRACE::2022-08-16.22:57:10::SCWPlatform::DSA given C:/Users/Chick/Vivado_Builds/FPGAPCIE/wksp/design_1_wrapper/hw/design_1_wrapper.xsa
TRACE::2022-08-16.22:57:10::SCWPlatform::DSA absoulate path C:/Users/Chick/Vivado_Builds/FPGAPCIE/wksp/design_1_wrapper/hw/design_1_wrapper.xsa
TRACE::2022-08-16.22:57:10::SCWPlatform::DSA directory C:/Users/Chick/Vivado_Builds/FPGAPCIE/wksp/design_1_wrapper/hw
TRACE::2022-08-16.22:57:10::SCWPlatform:: Platform Path C:/Users/Chick/Vivado_Builds/FPGAPCIE/wksp/design_1_wrapper/hw/design_1_wrapper.xsa
TRACE::2022-08-16.22:57:10::SCWPlatform:: Unique name xilinx:kcu105::0.0
TRACE::2022-08-16.22:57:10::SCWPlatform::Trying to set the existing hwdb with name design_1_wrapper_0
TRACE::2022-08-16.22:57:10::SCWPlatform::Opened existing hwdb design_1_wrapper_0
TRACE::2022-08-16.22:57:10::SCWPlatform::Found the Hw Db part of the input DSA
TRACE::2022-08-16.22:57:10::SCWMssOS::Checking the sw design at  C:/Users/Chick/Vivado_Builds/FPGAPCIE/wksp/design_1_wrapper/microblaze_0/standalone_microblaze_0/bsp/system.mss
TRACE::2022-08-16.22:57:10::SCWMssOS::DEBUG:  swdes dump  C:/Users/Chick/Vivado_Builds/FPGAPCIE/wksp/design_1_wrapper/microblaze_0/standalone_microblaze_0/bsp/system.mss|system||

TRACE::2022-08-16.22:57:10::SCWMssOS::Sw design exists and opened at  C:/Users/Chick/Vivado_Builds/FPGAPCIE/wksp/design_1_wrapper/microblaze_0/standalone_microblaze_0/bsp/system.mss
TRACE::2022-08-16.22:57:10::SCWPlatform::Trying to open the hw design at C:/Users/Chick/Vivado_Builds/FPGAPCIE/wksp/design_1_wrapper/hw/design_1_wrapper.xsa
TRACE::2022-08-16.22:57:10::SCWPlatform::DSA given C:/Users/Chick/Vivado_Builds/FPGAPCIE/wksp/design_1_wrapper/hw/design_1_wrapper.xsa
TRACE::2022-08-16.22:57:10::SCWPlatform::DSA absoulate path C:/Users/Chick/Vivado_Builds/FPGAPCIE/wksp/design_1_wrapper/hw/design_1_wrapper.xsa
TRACE::2022-08-16.22:57:10::SCWPlatform::DSA directory C:/Users/Chick/Vivado_Builds/FPGAPCIE/wksp/design_1_wrapper/hw
TRACE::2022-08-16.22:57:10::SCWPlatform:: Platform Path C:/Users/Chick/Vivado_Builds/FPGAPCIE/wksp/design_1_wrapper/hw/design_1_wrapper.xsa
TRACE::2022-08-16.22:57:10::SCWPlatform:: Unique name xilinx:kcu105::0.0
TRACE::2022-08-16.22:57:10::SCWPlatform::Trying to set the existing hwdb with name design_1_wrapper_0
TRACE::2022-08-16.22:57:10::SCWPlatform::Opened existing hwdb design_1_wrapper_0
TRACE::2022-08-16.22:57:10::SCWPlatform::Found the Hw Db part of the input DSA
TRACE::2022-08-16.22:57:10::SCWMssOS::Checking the sw design at  C:/Users/Chick/Vivado_Builds/FPGAPCIE/wksp/design_1_wrapper/microblaze_0/standalone_microblaze_0/bsp/system.mss
TRACE::2022-08-16.22:57:10::SCWMssOS::DEBUG:  swdes dump  C:/Users/Chick/Vivado_Builds/FPGAPCIE/wksp/design_1_wrapper/microblaze_0/standalone_microblaze_0/bsp/system.mss|system||

TRACE::2022-08-16.22:57:10::SCWMssOS::Sw design exists and opened at  C:/Users/Chick/Vivado_Builds/FPGAPCIE/wksp/design_1_wrapper/microblaze_0/standalone_microblaze_0/bsp/system.mss
TRACE::2022-08-16.22:57:10::SCWMssOS::Saving the mss changes C:/Users/Chick/Vivado_Builds/FPGAPCIE/wksp/design_1_wrapper/microblaze_0/standalone_microblaze_0/bsp/system.mss
TRACE::2022-08-16.22:57:10::SCWMssOS::Found a swdesign opened with the mssfile.
TRACE::2022-08-16.22:57:10::SCWMssOS::Completed writemss as part of save.
TRACE::2022-08-16.22:57:10::SCWMssOS::Commit changes completed.
TRACE::2022-08-16.22:57:10::SCWPlatform::Trying to open the hw design at C:/Users/Chick/Vivado_Builds/FPGAPCIE/wksp/design_1_wrapper/hw/design_1_wrapper.xsa
TRACE::2022-08-16.22:57:10::SCWPlatform::DSA given C:/Users/Chick/Vivado_Builds/FPGAPCIE/wksp/design_1_wrapper/hw/design_1_wrapper.xsa
TRACE::2022-08-16.22:57:10::SCWPlatform::DSA absoulate path C:/Users/Chick/Vivado_Builds/FPGAPCIE/wksp/design_1_wrapper/hw/design_1_wrapper.xsa
TRACE::2022-08-16.22:57:10::SCWPlatform::DSA directory C:/Users/Chick/Vivado_Builds/FPGAPCIE/wksp/design_1_wrapper/hw
TRACE::2022-08-16.22:57:10::SCWPlatform:: Platform Path C:/Users/Chick/Vivado_Builds/FPGAPCIE/wksp/design_1_wrapper/hw/design_1_wrapper.xsa
TRACE::2022-08-16.22:57:10::SCWPlatform:: Unique name xilinx:kcu105::0.0
TRACE::2022-08-16.22:57:10::SCWPlatform::Trying to set the existing hwdb with name design_1_wrapper_0
TRACE::2022-08-16.22:57:10::SCWPlatform::Opened existing hwdb design_1_wrapper_0
TRACE::2022-08-16.22:57:10::SCWPlatform::Found the Hw Db part of the input DSA
TRACE::2022-08-16.22:57:10::SCWMssOS::Checking the sw design at  C:/Users/Chick/Vivado_Builds/FPGAPCIE/wksp/design_1_wrapper/microblaze_0/standalone_microblaze_0/bsp/system.mss
TRACE::2022-08-16.22:57:10::SCWMssOS::DEBUG:  swdes dump  C:/Users/Chick/Vivado_Builds/FPGAPCIE/wksp/design_1_wrapper/microblaze_0/standalone_microblaze_0/bsp/system.mss|system||

TRACE::2022-08-16.22:57:10::SCWMssOS::Sw design exists and opened at  C:/Users/Chick/Vivado_Builds/FPGAPCIE/wksp/design_1_wrapper/microblaze_0/standalone_microblaze_0/bsp/system.mss
TRACE::2022-08-16.22:57:10::SCWPlatform::Trying to open the hw design at C:/Users/Chick/Vivado_Builds/FPGAPCIE/wksp/design_1_wrapper/hw/design_1_wrapper.xsa
TRACE::2022-08-16.22:57:10::SCWPlatform::DSA given C:/Users/Chick/Vivado_Builds/FPGAPCIE/wksp/design_1_wrapper/hw/design_1_wrapper.xsa
TRACE::2022-08-16.22:57:10::SCWPlatform::DSA absoulate path C:/Users/Chick/Vivado_Builds/FPGAPCIE/wksp/design_1_wrapper/hw/design_1_wrapper.xsa
TRACE::2022-08-16.22:57:10::SCWPlatform::DSA directory C:/Users/Chick/Vivado_Builds/FPGAPCIE/wksp/design_1_wrapper/hw
TRACE::2022-08-16.22:57:10::SCWPlatform:: Platform Path C:/Users/Chick/Vivado_Builds/FPGAPCIE/wksp/design_1_wrapper/hw/design_1_wrapper.xsa
TRACE::2022-08-16.22:57:10::SCWPlatform:: Unique name xilinx:kcu105::0.0
TRACE::2022-08-16.22:57:10::SCWPlatform::Trying to set the existing hwdb with name design_1_wrapper_0
TRACE::2022-08-16.22:57:10::SCWPlatform::Opened existing hwdb design_1_wrapper_0
TRACE::2022-08-16.22:57:10::SCWPlatform::Found the Hw Db part of the input DSA
TRACE::2022-08-16.22:57:10::SCWMssOS::Checking the sw design at  C:/Users/Chick/Vivado_Builds/FPGAPCIE/wksp/design_1_wrapper/microblaze_0/standalone_microblaze_0/bsp/system.mss
TRACE::2022-08-16.22:57:10::SCWMssOS::DEBUG:  swdes dump  C:/Users/Chick/Vivado_Builds/FPGAPCIE/wksp/design_1_wrapper/microblaze_0/standalone_microblaze_0/bsp/system.mss|system||

TRACE::2022-08-16.22:57:10::SCWMssOS::Sw design exists and opened at  C:/Users/Chick/Vivado_Builds/FPGAPCIE/wksp/design_1_wrapper/microblaze_0/standalone_microblaze_0/bsp/system.mss
TRACE::2022-08-16.22:57:10::SCWPlatform::Trying to open the hw design at C:/Users/Chick/Vivado_Builds/FPGAPCIE/wksp/design_1_wrapper/hw/design_1_wrapper.xsa
TRACE::2022-08-16.22:57:10::SCWPlatform::DSA given C:/Users/Chick/Vivado_Builds/FPGAPCIE/wksp/design_1_wrapper/hw/design_1_wrapper.xsa
TRACE::2022-08-16.22:57:10::SCWPlatform::DSA absoulate path C:/Users/Chick/Vivado_Builds/FPGAPCIE/wksp/design_1_wrapper/hw/design_1_wrapper.xsa
TRACE::2022-08-16.22:57:10::SCWPlatform::DSA directory C:/Users/Chick/Vivado_Builds/FPGAPCIE/wksp/design_1_wrapper/hw
TRACE::2022-08-16.22:57:10::SCWPlatform:: Platform Path C:/Users/Chick/Vivado_Builds/FPGAPCIE/wksp/design_1_wrapper/hw/design_1_wrapper.xsa
TRACE::2022-08-16.22:57:10::SCWPlatform:: Unique name xilinx:kcu105::0.0
TRACE::2022-08-16.22:57:10::SCWPlatform::Trying to set the existing hwdb with name design_1_wrapper_0
TRACE::2022-08-16.22:57:10::SCWPlatform::Opened existing hwdb design_1_wrapper_0
TRACE::2022-08-16.22:57:10::SCWPlatform::Found the Hw Db part of the input DSA
TRACE::2022-08-16.22:57:10::SCWMssOS::Checking the sw design at  C:/Users/Chick/Vivado_Builds/FPGAPCIE/wksp/design_1_wrapper/microblaze_0/standalone_microblaze_0/bsp/system.mss
TRACE::2022-08-16.22:57:10::SCWMssOS::DEBUG:  swdes dump  C:/Users/Chick/Vivado_Builds/FPGAPCIE/wksp/design_1_wrapper/microblaze_0/standalone_microblaze_0/bsp/system.mss|system||

TRACE::2022-08-16.22:57:10::SCWMssOS::Sw design exists and opened at  C:/Users/Chick/Vivado_Builds/FPGAPCIE/wksp/design_1_wrapper/microblaze_0/standalone_microblaze_0/bsp/system.mss
TRACE::2022-08-16.22:57:10::SCWWriter::formatted JSON is {
	"platformName":	"design_1_wrapper",
	"sprVersion":	"2.0",
	"mode":	"gui",
	"dsaType":	"Fixed",
	"platformDesc":	"design_1_wrapper",
	"platHandOff":	"C:/Users/Chick/Vivado_Builds/FPGAPCIE/design_1_wrapper.xsa",
	"platIntHandOff":	"<platformDir>/hw/design_1_wrapper.xsa",
	"deviceType":	"FPGA",
	"platIsPrebuiltAutogen":	"false",
	"platIsNoBootBsp":	"false",
	"hasFsblMakeHasChanges":	"false",
	"hasPmufwMakeHasChanges":	"false",
	"platPreBuiltFlag":	false,
	"platformSamplesDir":	"",
	"platActiveSys":	"design_1_wrapper",
	"systems":	[{
			"systemName":	"design_1_wrapper",
			"systemDesc":	"design_1_wrapper",
			"sysIsBootAutoGen":	"true",
			"systemDispName":	"design_1_wrapper",
			"sysActiveDom":	"standalone_microblaze_0",
			"sysDefaultDom":	"standalone_microblaze_0",
			"domains":	[{
					"domainName":	"standalone_microblaze_0",
					"domainDispName":	"standalone_microblaze_0",
					"domainDesc":	"standalone_microblaze_0",
					"processors":	"microblaze_0",
					"os":	"standalone",
					"sdxOs":	"standalone",
					"debugEnable":	"False",
					"domRuntimes":	["cpp"],
					"swRepo":	"",
					"mssOsVer":	"7.7",
					"mssFile":	"",
					"md5Digest":	"a4969e11cad05b38401c6059c0042b5e",
					"compatibleApp":	"empty_application",
					"domType":	"mssDomain",
					"arch":	"32-bit",
					"appSettings":	{
						"appCompilerFlags":	"",
						"appLinkerFlags":	""
					},
					"addedLibs":	[],
					"libOptions":	{
						"libsContainingOptions":	[]
					},
					"prebuiltLibs":	{
						"prebuiltIncPath":	[],
						"prebuiltLibPath":	[]
					},
					"isolation":	{
					}
				}]
		}]
}
LOG::2022-08-16.22:57:10::SCWPlatform::Started generating the artifacts platform design_1_wrapper
TRACE::2022-08-16.22:57:10::SCWPlatform::Sanity checking of platform is completed
LOG::2022-08-16.22:57:10::SCWPlatform::Started generating the artifacts for system configuration design_1_wrapper
LOG::2022-08-16.22:57:10::SCWSystem::Started Processing the domain standalone_microblaze_0
TRACE::2022-08-16.22:57:10::SCWDomain::Generating domain artifcats
TRACE::2022-08-16.22:57:10::SCWMssOS::Generating standalone artifcats
TRACE::2022-08-16.22:57:10::SCWMssOS:: Copying the user libraries. 
TRACE::2022-08-16.22:57:10::SCWPlatform::Trying to open the hw design at C:/Users/Chick/Vivado_Builds/FPGAPCIE/wksp/design_1_wrapper/hw/design_1_wrapper.xsa
TRACE::2022-08-16.22:57:10::SCWPlatform::DSA given C:/Users/Chick/Vivado_Builds/FPGAPCIE/wksp/design_1_wrapper/hw/design_1_wrapper.xsa
TRACE::2022-08-16.22:57:10::SCWPlatform::DSA absoulate path C:/Users/Chick/Vivado_Builds/FPGAPCIE/wksp/design_1_wrapper/hw/design_1_wrapper.xsa
TRACE::2022-08-16.22:57:10::SCWPlatform::DSA directory C:/Users/Chick/Vivado_Builds/FPGAPCIE/wksp/design_1_wrapper/hw
TRACE::2022-08-16.22:57:10::SCWPlatform:: Platform Path C:/Users/Chick/Vivado_Builds/FPGAPCIE/wksp/design_1_wrapper/hw/design_1_wrapper.xsa
TRACE::2022-08-16.22:57:10::SCWPlatform:: Unique name xilinx:kcu105::0.0
TRACE::2022-08-16.22:57:10::SCWPlatform::Trying to set the existing hwdb with name design_1_wrapper_0
TRACE::2022-08-16.22:57:10::SCWPlatform::Opened existing hwdb design_1_wrapper_0
TRACE::2022-08-16.22:57:10::SCWPlatform::Found the Hw Db part of the input DSA
TRACE::2022-08-16.22:57:10::SCWMssOS::Checking the sw design at  C:/Users/Chick/Vivado_Builds/FPGAPCIE/wksp/design_1_wrapper/microblaze_0/standalone_microblaze_0/bsp/system.mss
TRACE::2022-08-16.22:57:10::SCWMssOS::DEBUG:  swdes dump  C:/Users/Chick/Vivado_Builds/FPGAPCIE/wksp/design_1_wrapper/microblaze_0/standalone_microblaze_0/bsp/system.mss|system||

TRACE::2022-08-16.22:57:10::SCWMssOS::Sw design exists and opened at  C:/Users/Chick/Vivado_Builds/FPGAPCIE/wksp/design_1_wrapper/microblaze_0/standalone_microblaze_0/bsp/system.mss
TRACE::2022-08-16.22:57:10::SCWMssOS::Completed writing the mss file at C:/Users/Chick/Vivado_Builds/FPGAPCIE/wksp/design_1_wrapper/microblaze_0/standalone_microblaze_0/bsp
TRACE::2022-08-16.22:57:10::SCWMssOS::Mss edits present, copying mssfile into export location C:/Users/Chick/Vivado_Builds/FPGAPCIE/wksp/design_1_wrapper/microblaze_0/standalone_microblaze_0/bsp/system.mss
TRACE::2022-08-16.22:57:10::SCWMssOS::bsp generated is upto date with the mss file. Skipping bsp generation.
TRACE::2022-08-16.22:57:10::SCWMssOS::BSP is already built. skipping the bsp build ... 
TRACE::2022-08-16.22:57:10::SCWDomain::Building the domain as part of full build :  standalone_microblaze_0
TRACE::2022-08-16.22:57:10::SCWMssOS::skipping the bsp build ... 
TRACE::2022-08-16.22:57:10::SCWMssOS::Copying to export directory.
TRACE::2022-08-16.22:57:10::SCWMssOS:: Checking if to create the Supporting Applications
TRACE::2022-08-16.22:57:10::SCWMssOS:: No Linux domain exists, trying to generate FSBL 
LOG::2022-08-16.22:57:10::SCWSystem::Completed Processing the domain standalone_microblaze_0
LOG::2022-08-16.22:57:10::SCWSystem::Completed Processing the sysconfig design_1_wrapper
LOG::2022-08-16.22:57:10::SCWPlatform::Completed generating the artifacts for system configuration design_1_wrapper
TRACE::2022-08-16.22:57:10::SCWPlatform::Started preparing the platform 
TRACE::2022-08-16.22:57:10::SCWSystem::Writing the bif file for system config design_1_wrapper
TRACE::2022-08-16.22:57:10::SCWSystem::dir created 
TRACE::2022-08-16.22:57:10::SCWSystem::Writing the bif 
TRACE::2022-08-16.22:57:10::SCWPlatform::Started writing the spfm file 
TRACE::2022-08-16.22:57:10::SCWPlatform::Started writing the xpfm file 
TRACE::2022-08-16.22:57:10::SCWPlatform::Completed generating the platform
TRACE::2022-08-16.22:57:10::SCWMssOS::Saving the mss changes C:/Users/Chick/Vivado_Builds/FPGAPCIE/wksp/design_1_wrapper/microblaze_0/standalone_microblaze_0/bsp/system.mss
TRACE::2022-08-16.22:57:10::SCWMssOS::Found a swdesign opened with the mssfile.
TRACE::2022-08-16.22:57:10::SCWMssOS::Completed writemss as part of save.
TRACE::2022-08-16.22:57:10::SCWMssOS::Commit changes completed.
TRACE::2022-08-16.22:57:10::SCWPlatform::Trying to open the hw design at C:/Users/Chick/Vivado_Builds/FPGAPCIE/wksp/design_1_wrapper/hw/design_1_wrapper.xsa
TRACE::2022-08-16.22:57:10::SCWPlatform::DSA given C:/Users/Chick/Vivado_Builds/FPGAPCIE/wksp/design_1_wrapper/hw/design_1_wrapper.xsa
TRACE::2022-08-16.22:57:10::SCWPlatform::DSA absoulate path C:/Users/Chick/Vivado_Builds/FPGAPCIE/wksp/design_1_wrapper/hw/design_1_wrapper.xsa
TRACE::2022-08-16.22:57:10::SCWPlatform::DSA directory C:/Users/Chick/Vivado_Builds/FPGAPCIE/wksp/design_1_wrapper/hw
TRACE::2022-08-16.22:57:10::SCWPlatform:: Platform Path C:/Users/Chick/Vivado_Builds/FPGAPCIE/wksp/design_1_wrapper/hw/design_1_wrapper.xsa
TRACE::2022-08-16.22:57:10::SCWPlatform:: Unique name xilinx:kcu105::0.0
TRACE::2022-08-16.22:57:10::SCWPlatform::Trying to set the existing hwdb with name design_1_wrapper_0
TRACE::2022-08-16.22:57:10::SCWPlatform::Opened existing hwdb design_1_wrapper_0
TRACE::2022-08-16.22:57:10::SCWPlatform::Found the Hw Db part of the input DSA
TRACE::2022-08-16.22:57:10::SCWMssOS::Checking the sw design at  C:/Users/Chick/Vivado_Builds/FPGAPCIE/wksp/design_1_wrapper/microblaze_0/standalone_microblaze_0/bsp/system.mss
TRACE::2022-08-16.22:57:10::SCWMssOS::DEBUG:  swdes dump  C:/Users/Chick/Vivado_Builds/FPGAPCIE/wksp/design_1_wrapper/microblaze_0/standalone_microblaze_0/bsp/system.mss|system||

TRACE::2022-08-16.22:57:10::SCWMssOS::Sw design exists and opened at  C:/Users/Chick/Vivado_Builds/FPGAPCIE/wksp/design_1_wrapper/microblaze_0/standalone_microblaze_0/bsp/system.mss
TRACE::2022-08-16.22:57:10::SCWPlatform::Trying to open the hw design at C:/Users/Chick/Vivado_Builds/FPGAPCIE/wksp/design_1_wrapper/hw/design_1_wrapper.xsa
TRACE::2022-08-16.22:57:10::SCWPlatform::DSA given C:/Users/Chick/Vivado_Builds/FPGAPCIE/wksp/design_1_wrapper/hw/design_1_wrapper.xsa
TRACE::2022-08-16.22:57:10::SCWPlatform::DSA absoulate path C:/Users/Chick/Vivado_Builds/FPGAPCIE/wksp/design_1_wrapper/hw/design_1_wrapper.xsa
TRACE::2022-08-16.22:57:10::SCWPlatform::DSA directory C:/Users/Chick/Vivado_Builds/FPGAPCIE/wksp/design_1_wrapper/hw
TRACE::2022-08-16.22:57:10::SCWPlatform:: Platform Path C:/Users/Chick/Vivado_Builds/FPGAPCIE/wksp/design_1_wrapper/hw/design_1_wrapper.xsa
TRACE::2022-08-16.22:57:10::SCWPlatform:: Unique name xilinx:kcu105::0.0
TRACE::2022-08-16.22:57:10::SCWPlatform::Trying to set the existing hwdb with name design_1_wrapper_0
TRACE::2022-08-16.22:57:10::SCWPlatform::Opened existing hwdb design_1_wrapper_0
TRACE::2022-08-16.22:57:10::SCWPlatform::Found the Hw Db part of the input DSA
TRACE::2022-08-16.22:57:10::SCWMssOS::Checking the sw design at  C:/Users/Chick/Vivado_Builds/FPGAPCIE/wksp/design_1_wrapper/microblaze_0/standalone_microblaze_0/bsp/system.mss
TRACE::2022-08-16.22:57:10::SCWMssOS::DEBUG:  swdes dump  C:/Users/Chick/Vivado_Builds/FPGAPCIE/wksp/design_1_wrapper/microblaze_0/standalone_microblaze_0/bsp/system.mss|system||

TRACE::2022-08-16.22:57:10::SCWMssOS::Sw design exists and opened at  C:/Users/Chick/Vivado_Builds/FPGAPCIE/wksp/design_1_wrapper/microblaze_0/standalone_microblaze_0/bsp/system.mss
TRACE::2022-08-16.22:57:10::SCWPlatform::Trying to open the hw design at C:/Users/Chick/Vivado_Builds/FPGAPCIE/wksp/design_1_wrapper/hw/design_1_wrapper.xsa
TRACE::2022-08-16.22:57:10::SCWPlatform::DSA given C:/Users/Chick/Vivado_Builds/FPGAPCIE/wksp/design_1_wrapper/hw/design_1_wrapper.xsa
TRACE::2022-08-16.22:57:10::SCWPlatform::DSA absoulate path C:/Users/Chick/Vivado_Builds/FPGAPCIE/wksp/design_1_wrapper/hw/design_1_wrapper.xsa
TRACE::2022-08-16.22:57:10::SCWPlatform::DSA directory C:/Users/Chick/Vivado_Builds/FPGAPCIE/wksp/design_1_wrapper/hw
TRACE::2022-08-16.22:57:10::SCWPlatform:: Platform Path C:/Users/Chick/Vivado_Builds/FPGAPCIE/wksp/design_1_wrapper/hw/design_1_wrapper.xsa
TRACE::2022-08-16.22:57:10::SCWPlatform:: Unique name xilinx:kcu105::0.0
TRACE::2022-08-16.22:57:10::SCWPlatform::Trying to set the existing hwdb with name design_1_wrapper_0
TRACE::2022-08-16.22:57:10::SCWPlatform::Opened existing hwdb design_1_wrapper_0
TRACE::2022-08-16.22:57:10::SCWPlatform::Found the Hw Db part of the input DSA
TRACE::2022-08-16.22:57:10::SCWMssOS::Checking the sw design at  C:/Users/Chick/Vivado_Builds/FPGAPCIE/wksp/design_1_wrapper/microblaze_0/standalone_microblaze_0/bsp/system.mss
TRACE::2022-08-16.22:57:10::SCWMssOS::DEBUG:  swdes dump  C:/Users/Chick/Vivado_Builds/FPGAPCIE/wksp/design_1_wrapper/microblaze_0/standalone_microblaze_0/bsp/system.mss|system||

TRACE::2022-08-16.22:57:10::SCWMssOS::Sw design exists and opened at  C:/Users/Chick/Vivado_Builds/FPGAPCIE/wksp/design_1_wrapper/microblaze_0/standalone_microblaze_0/bsp/system.mss
TRACE::2022-08-16.22:57:10::SCWWriter::formatted JSON is {
	"platformName":	"design_1_wrapper",
	"sprVersion":	"2.0",
	"mode":	"gui",
	"dsaType":	"Fixed",
	"platformDesc":	"design_1_wrapper",
	"platHandOff":	"C:/Users/Chick/Vivado_Builds/FPGAPCIE/design_1_wrapper.xsa",
	"platIntHandOff":	"<platformDir>/hw/design_1_wrapper.xsa",
	"deviceType":	"FPGA",
	"platIsPrebuiltAutogen":	"false",
	"platIsNoBootBsp":	"false",
	"hasFsblMakeHasChanges":	"false",
	"hasPmufwMakeHasChanges":	"false",
	"platPreBuiltFlag":	false,
	"platformSamplesDir":	"",
	"platActiveSys":	"design_1_wrapper",
	"systems":	[{
			"systemName":	"design_1_wrapper",
			"systemDesc":	"design_1_wrapper",
			"sysIsBootAutoGen":	"true",
			"systemDispName":	"design_1_wrapper",
			"sysActiveDom":	"standalone_microblaze_0",
			"sysDefaultDom":	"standalone_microblaze_0",
			"domains":	[{
					"domainName":	"standalone_microblaze_0",
					"domainDispName":	"standalone_microblaze_0",
					"domainDesc":	"standalone_microblaze_0",
					"processors":	"microblaze_0",
					"os":	"standalone",
					"sdxOs":	"standalone",
					"debugEnable":	"False",
					"domRuntimes":	["cpp"],
					"swRepo":	"",
					"mssOsVer":	"7.7",
					"mssFile":	"",
					"md5Digest":	"a4969e11cad05b38401c6059c0042b5e",
					"compatibleApp":	"empty_application",
					"domType":	"mssDomain",
					"arch":	"32-bit",
					"appSettings":	{
						"appCompilerFlags":	"",
						"appLinkerFlags":	""
					},
					"addedLibs":	[],
					"libOptions":	{
						"libsContainingOptions":	[]
					},
					"prebuiltLibs":	{
						"prebuiltIncPath":	[],
						"prebuiltLibPath":	[]
					},
					"isolation":	{
					}
				}]
		}]
}
KEYINFO::2022-08-16.22:57:10::SCWPlatform::updated the xpfm file.
TRACE::2022-08-16.22:58:28::SCWPlatform::Clearing the existing platform
TRACE::2022-08-16.22:58:28::SCWSystem::Clearing the existing sysconfig
TRACE::2022-08-16.22:58:28::SCWMssOS::Removing the swdes entry for  C:/Users/Chick/Vivado_Builds/FPGAPCIE/wksp/design_1_wrapper/microblaze_0/standalone_microblaze_0/bsp/system.mss
TRACE::2022-08-16.22:58:28::SCWSystem::Clearing the domains completed.
TRACE::2022-08-16.22:58:28::SCWPlatform::Clearing the opened hw db.
TRACE::2022-08-16.22:58:28::SCWPlatform::DSA given C:/Users/Chick/Vivado_Builds/FPGAPCIE/wksp/design_1_wrapper/hw/design_1_wrapper.xsa
TRACE::2022-08-16.22:58:28::SCWPlatform::DSA absoulate path C:/Users/Chick/Vivado_Builds/FPGAPCIE/wksp/design_1_wrapper/hw/design_1_wrapper.xsa
TRACE::2022-08-16.22:58:28::SCWPlatform:: Platform location is C:/Users/Chick/Vivado_Builds/FPGAPCIE/wksp/design_1_wrapper/hw
TRACE::2022-08-16.22:58:28::SCWPlatform:: Platform Path C:/Users/Chick/Vivado_Builds/FPGAPCIE/wksp/design_1_wrapper/hw/design_1_wrapper.xsa
TRACE::2022-08-16.22:58:28::SCWPlatform:: Unique name xilinx:kcu105::0.0
TRACE::2022-08-16.22:58:28::SCWPlatform::Removing the HwDB with name C:/Users/Chick/Vivado_Builds/FPGAPCIE/wksp/design_1_wrapper/hw/design_1_wrapper.xsa
TRACE::2022-08-16.22:58:28::SCWPlatform::Trying to open the hw design at C:/Users/Chick/Vivado_Builds/FPGAPCIE/wksp/design_1_wrapper/hw/design_1_wrapper.xsa
TRACE::2022-08-16.22:58:28::SCWPlatform::DSA given C:/Users/Chick/Vivado_Builds/FPGAPCIE/wksp/design_1_wrapper/hw/design_1_wrapper.xsa
TRACE::2022-08-16.22:58:28::SCWPlatform::DSA absoulate path C:/Users/Chick/Vivado_Builds/FPGAPCIE/wksp/design_1_wrapper/hw/design_1_wrapper.xsa
TRACE::2022-08-16.22:58:28::SCWPlatform::DSA directory C:/Users/Chick/Vivado_Builds/FPGAPCIE/wksp/design_1_wrapper/hw
TRACE::2022-08-16.22:58:28::SCWPlatform:: Platform Path C:/Users/Chick/Vivado_Builds/FPGAPCIE/wksp/design_1_wrapper/hw/design_1_wrapper.xsa
TRACE::2022-08-16.22:58:28::SCWPlatform:: Unique name xilinx:kcu105::0.0
TRACE::2022-08-16.22:58:28::SCWPlatform::Do not have an existing db opened. 
TRACE::2022-08-16.22:58:29::SCWPlatform::Opened new HwDB with name design_1_wrapper_2
TRACE::2022-08-16.22:58:29::SCWReader::Active system found as  design_1_wrapper
TRACE::2022-08-16.22:58:29::SCWReader::Handling sysconfig design_1_wrapper
TRACE::2022-08-16.22:58:29::SCWDomain::checking for install qemu data   : 
TRACE::2022-08-16.22:58:29::SCWPlatform::Trying to open the hw design at C:/Users/Chick/Vivado_Builds/FPGAPCIE/wksp/design_1_wrapper/hw/design_1_wrapper.xsa
TRACE::2022-08-16.22:58:29::SCWPlatform::DSA given C:/Users/Chick/Vivado_Builds/FPGAPCIE/wksp/design_1_wrapper/hw/design_1_wrapper.xsa
TRACE::2022-08-16.22:58:29::SCWPlatform::DSA absoulate path C:/Users/Chick/Vivado_Builds/FPGAPCIE/wksp/design_1_wrapper/hw/design_1_wrapper.xsa
TRACE::2022-08-16.22:58:29::SCWPlatform::DSA directory C:/Users/Chick/Vivado_Builds/FPGAPCIE/wksp/design_1_wrapper/hw
TRACE::2022-08-16.22:58:29::SCWPlatform:: Platform Path C:/Users/Chick/Vivado_Builds/FPGAPCIE/wksp/design_1_wrapper/hw/design_1_wrapper.xsa
TRACE::2022-08-16.22:58:29::SCWPlatform:: Unique name xilinx:kcu105::0.0
TRACE::2022-08-16.22:58:29::SCWPlatform::Trying to set the existing hwdb with name design_1_wrapper_2
TRACE::2022-08-16.22:58:29::SCWPlatform::Opened existing hwdb design_1_wrapper_2
TRACE::2022-08-16.22:58:29::SCWPlatform::Found the Hw Db part of the input DSA
TRACE::2022-08-16.22:58:29::SCWPlatform::Trying to open the hw design at C:/Users/Chick/Vivado_Builds/FPGAPCIE/wksp/design_1_wrapper/hw/design_1_wrapper.xsa
TRACE::2022-08-16.22:58:29::SCWPlatform::DSA given C:/Users/Chick/Vivado_Builds/FPGAPCIE/wksp/design_1_wrapper/hw/design_1_wrapper.xsa
TRACE::2022-08-16.22:58:29::SCWPlatform::DSA absoulate path C:/Users/Chick/Vivado_Builds/FPGAPCIE/wksp/design_1_wrapper/hw/design_1_wrapper.xsa
TRACE::2022-08-16.22:58:29::SCWPlatform::DSA directory C:/Users/Chick/Vivado_Builds/FPGAPCIE/wksp/design_1_wrapper/hw
TRACE::2022-08-16.22:58:29::SCWPlatform:: Platform Path C:/Users/Chick/Vivado_Builds/FPGAPCIE/wksp/design_1_wrapper/hw/design_1_wrapper.xsa
TRACE::2022-08-16.22:58:29::SCWPlatform:: Unique name xilinx:kcu105::0.0
TRACE::2022-08-16.22:58:29::SCWPlatform::Trying to set the existing hwdb with name design_1_wrapper_2
TRACE::2022-08-16.22:58:29::SCWPlatform::Opened existing hwdb design_1_wrapper_2
TRACE::2022-08-16.22:58:29::SCWPlatform::Found the Hw Db part of the input DSA
TRACE::2022-08-16.22:58:29::SCWPlatform::Trying to open the hw design at C:/Users/Chick/Vivado_Builds/FPGAPCIE/wksp/design_1_wrapper/hw/design_1_wrapper.xsa
TRACE::2022-08-16.22:58:29::SCWPlatform::DSA given C:/Users/Chick/Vivado_Builds/FPGAPCIE/wksp/design_1_wrapper/hw/design_1_wrapper.xsa
TRACE::2022-08-16.22:58:29::SCWPlatform::DSA absoulate path C:/Users/Chick/Vivado_Builds/FPGAPCIE/wksp/design_1_wrapper/hw/design_1_wrapper.xsa
TRACE::2022-08-16.22:58:29::SCWPlatform::DSA directory C:/Users/Chick/Vivado_Builds/FPGAPCIE/wksp/design_1_wrapper/hw
TRACE::2022-08-16.22:58:29::SCWPlatform:: Platform Path C:/Users/Chick/Vivado_Builds/FPGAPCIE/wksp/design_1_wrapper/hw/design_1_wrapper.xsa
TRACE::2022-08-16.22:58:29::SCWPlatform:: Unique name xilinx:kcu105::0.0
TRACE::2022-08-16.22:58:29::SCWPlatform::Trying to set the existing hwdb with name design_1_wrapper_2
TRACE::2022-08-16.22:58:29::SCWPlatform::Opened existing hwdb design_1_wrapper_2
TRACE::2022-08-16.22:58:29::SCWPlatform::Found the Hw Db part of the input DSA
TRACE::2022-08-16.22:58:29::SCWPlatform::Trying to open the hw design at C:/Users/Chick/Vivado_Builds/FPGAPCIE/wksp/design_1_wrapper/hw/design_1_wrapper.xsa
TRACE::2022-08-16.22:58:29::SCWPlatform::DSA given C:/Users/Chick/Vivado_Builds/FPGAPCIE/wksp/design_1_wrapper/hw/design_1_wrapper.xsa
TRACE::2022-08-16.22:58:29::SCWPlatform::DSA absoulate path C:/Users/Chick/Vivado_Builds/FPGAPCIE/wksp/design_1_wrapper/hw/design_1_wrapper.xsa
TRACE::2022-08-16.22:58:29::SCWPlatform::DSA directory C:/Users/Chick/Vivado_Builds/FPGAPCIE/wksp/design_1_wrapper/hw
TRACE::2022-08-16.22:58:29::SCWPlatform:: Platform Path C:/Users/Chick/Vivado_Builds/FPGAPCIE/wksp/design_1_wrapper/hw/design_1_wrapper.xsa
TRACE::2022-08-16.22:58:29::SCWPlatform:: Unique name xilinx:kcu105::0.0
TRACE::2022-08-16.22:58:29::SCWPlatform::Trying to set the existing hwdb with name design_1_wrapper_2
TRACE::2022-08-16.22:58:29::SCWPlatform::Opened existing hwdb design_1_wrapper_2
TRACE::2022-08-16.22:58:29::SCWPlatform::Found the Hw Db part of the input DSA
TRACE::2022-08-16.22:58:29::SCWMssOS::Checking the sw design at  C:/Users/Chick/Vivado_Builds/FPGAPCIE/wksp/design_1_wrapper/microblaze_0/standalone_microblaze_0/bsp/system.mss
TRACE::2022-08-16.22:58:29::SCWMssOS::DEBUG:  swdes dump  
TRACE::2022-08-16.22:58:29::SCWMssOS::No sw design opened at  C:/Users/Chick/Vivado_Builds/FPGAPCIE/wksp/design_1_wrapper/microblaze_0/standalone_microblaze_0/bsp/system.mss
TRACE::2022-08-16.22:58:29::SCWMssOS::mss exists loading the mss file  C:/Users/Chick/Vivado_Builds/FPGAPCIE/wksp/design_1_wrapper/microblaze_0/standalone_microblaze_0/bsp/system.mss
TRACE::2022-08-16.22:58:29::SCWMssOS::Opened the sw design from mss  C:/Users/Chick/Vivado_Builds/FPGAPCIE/wksp/design_1_wrapper/microblaze_0/standalone_microblaze_0/bsp/system.mss
TRACE::2022-08-16.22:58:29::SCWMssOS::Adding the swdes entry C:/Users/Chick/Vivado_Builds/FPGAPCIE/wksp/design_1_wrapper/microblaze_0/standalone_microblaze_0/bsp/system.mss with des name system
TRACE::2022-08-16.22:58:29::SCWMssOS::updating the scw layer about changes
TRACE::2022-08-16.22:58:29::SCWMssOS::Opened the sw design.  C:/Users/Chick/Vivado_Builds/FPGAPCIE/wksp/design_1_wrapper/microblaze_0/standalone_microblaze_0/bsp/system.mss
TRACE::2022-08-16.22:58:29::SCWMssOS::Saving the mss changes C:/Users/Chick/Vivado_Builds/FPGAPCIE/wksp/design_1_wrapper/microblaze_0/standalone_microblaze_0/bsp/system.mss
TRACE::2022-08-16.22:58:29::SCWMssOS::Found a swdesign opened with the mssfile.
TRACE::2022-08-16.22:58:29::SCWMssOS::Completed writemss as part of save.
TRACE::2022-08-16.22:58:29::SCWMssOS::Commit changes completed.
TRACE::2022-08-16.22:58:29::SCWReader::Adding prebuilt librarypaths as   
TRACE::2022-08-16.22:58:29::SCWReader::Adding prebuilt incpaths  as   
TRACE::2022-08-16.22:58:29::SCWPlatform::Trying to open the hw design at C:/Users/Chick/Vivado_Builds/FPGAPCIE/wksp/design_1_wrapper/hw/design_1_wrapper.xsa
TRACE::2022-08-16.22:58:29::SCWPlatform::DSA given C:/Users/Chick/Vivado_Builds/FPGAPCIE/wksp/design_1_wrapper/hw/design_1_wrapper.xsa
TRACE::2022-08-16.22:58:29::SCWPlatform::DSA absoulate path C:/Users/Chick/Vivado_Builds/FPGAPCIE/wksp/design_1_wrapper/hw/design_1_wrapper.xsa
TRACE::2022-08-16.22:58:29::SCWPlatform::DSA directory C:/Users/Chick/Vivado_Builds/FPGAPCIE/wksp/design_1_wrapper/hw
TRACE::2022-08-16.22:58:29::SCWPlatform:: Platform Path C:/Users/Chick/Vivado_Builds/FPGAPCIE/wksp/design_1_wrapper/hw/design_1_wrapper.xsa
TRACE::2022-08-16.22:58:29::SCWPlatform:: Unique name xilinx:kcu105::0.0
TRACE::2022-08-16.22:58:29::SCWPlatform::Trying to set the existing hwdb with name design_1_wrapper_2
TRACE::2022-08-16.22:58:29::SCWPlatform::Opened existing hwdb design_1_wrapper_2
TRACE::2022-08-16.22:58:29::SCWPlatform::Found the Hw Db part of the input DSA
TRACE::2022-08-16.22:58:29::SCWMssOS::Checking the sw design at  C:/Users/Chick/Vivado_Builds/FPGAPCIE/wksp/design_1_wrapper/microblaze_0/standalone_microblaze_0/bsp/system.mss
TRACE::2022-08-16.22:58:29::SCWMssOS::DEBUG:  swdes dump  C:/Users/Chick/Vivado_Builds/FPGAPCIE/wksp/design_1_wrapper/microblaze_0/standalone_microblaze_0/bsp/system.mss|system||

TRACE::2022-08-16.22:58:29::SCWMssOS::Sw design exists and opened at  C:/Users/Chick/Vivado_Builds/FPGAPCIE/wksp/design_1_wrapper/microblaze_0/standalone_microblaze_0/bsp/system.mss
TRACE::2022-08-16.22:58:29::SCWReader::No isolation master present  
TRACE::2022-08-16.22:58:29::SCWPlatform::Trying to open the hw design at C:/Users/Chick/Vivado_Builds/FPGAPCIE/wksp/design_1_wrapper/hw/design_1_wrapper.xsa
TRACE::2022-08-16.22:58:29::SCWPlatform::DSA given C:/Users/Chick/Vivado_Builds/FPGAPCIE/wksp/design_1_wrapper/hw/design_1_wrapper.xsa
TRACE::2022-08-16.22:58:29::SCWPlatform::DSA absoulate path C:/Users/Chick/Vivado_Builds/FPGAPCIE/wksp/design_1_wrapper/hw/design_1_wrapper.xsa
TRACE::2022-08-16.22:58:29::SCWPlatform::DSA directory C:/Users/Chick/Vivado_Builds/FPGAPCIE/wksp/design_1_wrapper/hw
TRACE::2022-08-16.22:58:29::SCWPlatform:: Platform Path C:/Users/Chick/Vivado_Builds/FPGAPCIE/wksp/design_1_wrapper/hw/design_1_wrapper.xsa
TRACE::2022-08-16.22:58:29::SCWPlatform:: Unique name xilinx:kcu105::0.0
TRACE::2022-08-16.22:58:29::SCWPlatform::Trying to set the existing hwdb with name design_1_wrapper_2
TRACE::2022-08-16.22:58:29::SCWPlatform::Opened existing hwdb design_1_wrapper_2
TRACE::2022-08-16.22:58:29::SCWPlatform::Found the Hw Db part of the input DSA
TRACE::2022-08-16.22:58:29::SCWMssOS::Checking the sw design at  C:/Users/Chick/Vivado_Builds/FPGAPCIE/wksp/design_1_wrapper/microblaze_0/standalone_microblaze_0/bsp/system.mss
TRACE::2022-08-16.22:58:29::SCWMssOS::DEBUG:  swdes dump  C:/Users/Chick/Vivado_Builds/FPGAPCIE/wksp/design_1_wrapper/microblaze_0/standalone_microblaze_0/bsp/system.mss|system||

TRACE::2022-08-16.22:58:29::SCWMssOS::Sw design exists and opened at  C:/Users/Chick/Vivado_Builds/FPGAPCIE/wksp/design_1_wrapper/microblaze_0/standalone_microblaze_0/bsp/system.mss
TRACE::2022-08-16.22:58:30::SCWMssOS::In reload Mss file.
TRACE::2022-08-16.22:58:30::SCWPlatform::Trying to open the hw design at C:/Users/Chick/Vivado_Builds/FPGAPCIE/wksp/design_1_wrapper/hw/design_1_wrapper.xsa
TRACE::2022-08-16.22:58:30::SCWPlatform::DSA given C:/Users/Chick/Vivado_Builds/FPGAPCIE/wksp/design_1_wrapper/hw/design_1_wrapper.xsa
TRACE::2022-08-16.22:58:30::SCWPlatform::DSA absoulate path C:/Users/Chick/Vivado_Builds/FPGAPCIE/wksp/design_1_wrapper/hw/design_1_wrapper.xsa
TRACE::2022-08-16.22:58:30::SCWPlatform::DSA directory C:/Users/Chick/Vivado_Builds/FPGAPCIE/wksp/design_1_wrapper/hw
TRACE::2022-08-16.22:58:30::SCWPlatform:: Platform Path C:/Users/Chick/Vivado_Builds/FPGAPCIE/wksp/design_1_wrapper/hw/design_1_wrapper.xsa
TRACE::2022-08-16.22:58:30::SCWPlatform:: Unique name xilinx:kcu105::0.0
TRACE::2022-08-16.22:58:30::SCWPlatform::Trying to set the existing hwdb with name design_1_wrapper_2
TRACE::2022-08-16.22:58:30::SCWPlatform::Opened existing hwdb design_1_wrapper_2
TRACE::2022-08-16.22:58:30::SCWPlatform::Found the Hw Db part of the input DSA
TRACE::2022-08-16.22:58:30::SCWMssOS::Checking the sw design at  C:/Users/Chick/Vivado_Builds/FPGAPCIE/wksp/design_1_wrapper/microblaze_0/standalone_microblaze_0/bsp/system.mss
TRACE::2022-08-16.22:58:30::SCWMssOS::DEBUG:  swdes dump  
TRACE::2022-08-16.22:58:30::SCWMssOS::No sw design opened at  C:/Users/Chick/Vivado_Builds/FPGAPCIE/wksp/design_1_wrapper/microblaze_0/standalone_microblaze_0/bsp/system.mss
TRACE::2022-08-16.22:58:30::SCWMssOS::mss exists loading the mss file  C:/Users/Chick/Vivado_Builds/FPGAPCIE/wksp/design_1_wrapper/microblaze_0/standalone_microblaze_0/bsp/system.mss
TRACE::2022-08-16.22:58:30::SCWMssOS::Opened the sw design from mss  C:/Users/Chick/Vivado_Builds/FPGAPCIE/wksp/design_1_wrapper/microblaze_0/standalone_microblaze_0/bsp/system.mss
TRACE::2022-08-16.22:58:30::SCWMssOS::Adding the swdes entry C:/Users/Chick/Vivado_Builds/FPGAPCIE/wksp/design_1_wrapper/microblaze_0/standalone_microblaze_0/bsp/system.mss with des name system
TRACE::2022-08-16.22:58:30::SCWMssOS::updating the scw layer about changes
TRACE::2022-08-16.22:58:30::SCWMssOS::Opened the sw design.  C:/Users/Chick/Vivado_Builds/FPGAPCIE/wksp/design_1_wrapper/microblaze_0/standalone_microblaze_0/bsp/system.mss
TRACE::2022-08-16.22:58:30::SCWMssOS::Saving the mss changes C:/Users/Chick/Vivado_Builds/FPGAPCIE/wksp/design_1_wrapper/microblaze_0/standalone_microblaze_0/bsp/system.mss
TRACE::2022-08-16.22:58:30::SCWMssOS::Found a swdesign opened with the mssfile.
TRACE::2022-08-16.22:58:30::SCWMssOS::Completed writemss as part of save.
TRACE::2022-08-16.22:58:30::SCWMssOS::Commit changes completed.
TRACE::2022-08-16.22:58:30::SCWPlatform::Trying to open the hw design at C:/Users/Chick/Vivado_Builds/FPGAPCIE/wksp/design_1_wrapper/hw/design_1_wrapper.xsa
TRACE::2022-08-16.22:58:30::SCWPlatform::DSA given C:/Users/Chick/Vivado_Builds/FPGAPCIE/wksp/design_1_wrapper/hw/design_1_wrapper.xsa
TRACE::2022-08-16.22:58:30::SCWPlatform::DSA absoulate path C:/Users/Chick/Vivado_Builds/FPGAPCIE/wksp/design_1_wrapper/hw/design_1_wrapper.xsa
TRACE::2022-08-16.22:58:30::SCWPlatform::DSA directory C:/Users/Chick/Vivado_Builds/FPGAPCIE/wksp/design_1_wrapper/hw
TRACE::2022-08-16.22:58:30::SCWPlatform:: Platform Path C:/Users/Chick/Vivado_Builds/FPGAPCIE/wksp/design_1_wrapper/hw/design_1_wrapper.xsa
TRACE::2022-08-16.22:58:30::SCWPlatform:: Unique name xilinx:kcu105::0.0
TRACE::2022-08-16.22:58:30::SCWPlatform::Trying to set the existing hwdb with name design_1_wrapper_2
TRACE::2022-08-16.22:58:30::SCWPlatform::Opened existing hwdb design_1_wrapper_2
TRACE::2022-08-16.22:58:30::SCWPlatform::Found the Hw Db part of the input DSA
TRACE::2022-08-16.22:58:30::SCWMssOS::Checking the sw design at  C:/Users/Chick/Vivado_Builds/FPGAPCIE/wksp/design_1_wrapper/microblaze_0/standalone_microblaze_0/bsp/system.mss
TRACE::2022-08-16.22:58:30::SCWMssOS::DEBUG:  swdes dump  C:/Users/Chick/Vivado_Builds/FPGAPCIE/wksp/design_1_wrapper/microblaze_0/standalone_microblaze_0/bsp/system.mss|system||

TRACE::2022-08-16.22:58:30::SCWMssOS::Sw design exists and opened at  C:/Users/Chick/Vivado_Builds/FPGAPCIE/wksp/design_1_wrapper/microblaze_0/standalone_microblaze_0/bsp/system.mss
TRACE::2022-08-16.22:58:30::SCWMssOS::Removing the swdes entry for  C:/Users/Chick/Vivado_Builds/FPGAPCIE/wksp/design_1_wrapper/microblaze_0/standalone_microblaze_0/bsp/system.mss
TRACE::2022-08-16.22:58:35::SCWPlatform::Trying to open the hw design at C:/Users/Chick/Vivado_Builds/FPGAPCIE/wksp/design_1_wrapper/hw/design_1_wrapper.xsa
TRACE::2022-08-16.22:58:35::SCWPlatform::DSA given C:/Users/Chick/Vivado_Builds/FPGAPCIE/wksp/design_1_wrapper/hw/design_1_wrapper.xsa
TRACE::2022-08-16.22:58:35::SCWPlatform::DSA absoulate path C:/Users/Chick/Vivado_Builds/FPGAPCIE/wksp/design_1_wrapper/hw/design_1_wrapper.xsa
TRACE::2022-08-16.22:58:35::SCWPlatform::DSA directory C:/Users/Chick/Vivado_Builds/FPGAPCIE/wksp/design_1_wrapper/hw
TRACE::2022-08-16.22:58:35::SCWPlatform:: Platform Path C:/Users/Chick/Vivado_Builds/FPGAPCIE/wksp/design_1_wrapper/hw/design_1_wrapper.xsa
TRACE::2022-08-16.22:58:35::SCWPlatform:: Unique name xilinx:kcu105::0.0
TRACE::2022-08-16.22:58:35::SCWPlatform::Trying to set the existing hwdb with name design_1_wrapper_2
TRACE::2022-08-16.22:58:35::SCWPlatform::Opened existing hwdb design_1_wrapper_2
TRACE::2022-08-16.22:58:35::SCWPlatform::Found the Hw Db part of the input DSA
TRACE::2022-08-16.22:58:35::SCWMssOS::Checking the sw design at  C:/Users/Chick/Vivado_Builds/FPGAPCIE/wksp/design_1_wrapper/microblaze_0/standalone_microblaze_0/bsp/system.mss
TRACE::2022-08-16.22:58:35::SCWMssOS::DEBUG:  swdes dump  
TRACE::2022-08-16.22:58:35::SCWMssOS::No sw design opened at  C:/Users/Chick/Vivado_Builds/FPGAPCIE/wksp/design_1_wrapper/microblaze_0/standalone_microblaze_0/bsp/system.mss
TRACE::2022-08-16.22:58:35::SCWMssOS::mss exists loading the mss file  C:/Users/Chick/Vivado_Builds/FPGAPCIE/wksp/design_1_wrapper/microblaze_0/standalone_microblaze_0/bsp/system.mss
TRACE::2022-08-16.22:58:35::SCWMssOS::Opened the sw design from mss  C:/Users/Chick/Vivado_Builds/FPGAPCIE/wksp/design_1_wrapper/microblaze_0/standalone_microblaze_0/bsp/system.mss
TRACE::2022-08-16.22:58:35::SCWMssOS::Adding the swdes entry C:/Users/Chick/Vivado_Builds/FPGAPCIE/wksp/design_1_wrapper/microblaze_0/standalone_microblaze_0/bsp/system.mss with des name system
TRACE::2022-08-16.22:58:35::SCWMssOS::updating the scw layer about changes
TRACE::2022-08-16.22:58:35::SCWMssOS::Opened the sw design.  C:/Users/Chick/Vivado_Builds/FPGAPCIE/wksp/design_1_wrapper/microblaze_0/standalone_microblaze_0/bsp/system.mss
TRACE::2022-08-16.22:59:22::SCWMssOS::In reload Mss file.
TRACE::2022-08-16.22:59:22::SCWPlatform::Trying to open the hw design at C:/Users/Chick/Vivado_Builds/FPGAPCIE/wksp/design_1_wrapper/hw/design_1_wrapper.xsa
TRACE::2022-08-16.22:59:22::SCWPlatform::DSA given C:/Users/Chick/Vivado_Builds/FPGAPCIE/wksp/design_1_wrapper/hw/design_1_wrapper.xsa
TRACE::2022-08-16.22:59:22::SCWPlatform::DSA absoulate path C:/Users/Chick/Vivado_Builds/FPGAPCIE/wksp/design_1_wrapper/hw/design_1_wrapper.xsa
TRACE::2022-08-16.22:59:22::SCWPlatform::DSA directory C:/Users/Chick/Vivado_Builds/FPGAPCIE/wksp/design_1_wrapper/hw
TRACE::2022-08-16.22:59:22::SCWPlatform:: Platform Path C:/Users/Chick/Vivado_Builds/FPGAPCIE/wksp/design_1_wrapper/hw/design_1_wrapper.xsa
TRACE::2022-08-16.22:59:22::SCWPlatform:: Unique name xilinx:kcu105::0.0
TRACE::2022-08-16.22:59:22::SCWPlatform::Trying to set the existing hwdb with name design_1_wrapper_2
TRACE::2022-08-16.22:59:22::SCWPlatform::Opened existing hwdb design_1_wrapper_2
TRACE::2022-08-16.22:59:22::SCWPlatform::Found the Hw Db part of the input DSA
TRACE::2022-08-16.22:59:22::SCWMssOS::Checking the sw design at  C:/Users/Chick/Vivado_Builds/FPGAPCIE/wksp/design_1_wrapper/microblaze_0/standalone_microblaze_0/bsp/system.mss
TRACE::2022-08-16.22:59:22::SCWMssOS::DEBUG:  swdes dump  
TRACE::2022-08-16.22:59:22::SCWMssOS::No sw design opened at  C:/Users/Chick/Vivado_Builds/FPGAPCIE/wksp/design_1_wrapper/microblaze_0/standalone_microblaze_0/bsp/system.mss
TRACE::2022-08-16.22:59:22::SCWMssOS::mss exists loading the mss file  C:/Users/Chick/Vivado_Builds/FPGAPCIE/wksp/design_1_wrapper/microblaze_0/standalone_microblaze_0/bsp/system.mss
TRACE::2022-08-16.22:59:22::SCWMssOS::Opened the sw design from mss  C:/Users/Chick/Vivado_Builds/FPGAPCIE/wksp/design_1_wrapper/microblaze_0/standalone_microblaze_0/bsp/system.mss
TRACE::2022-08-16.22:59:22::SCWMssOS::Adding the swdes entry C:/Users/Chick/Vivado_Builds/FPGAPCIE/wksp/design_1_wrapper/microblaze_0/standalone_microblaze_0/bsp/system.mss with des name system
TRACE::2022-08-16.22:59:22::SCWMssOS::updating the scw layer about changes
TRACE::2022-08-16.22:59:22::SCWMssOS::Opened the sw design.  C:/Users/Chick/Vivado_Builds/FPGAPCIE/wksp/design_1_wrapper/microblaze_0/standalone_microblaze_0/bsp/system.mss
TRACE::2022-08-16.22:59:22::SCWMssOS::Saving the mss changes C:/Users/Chick/Vivado_Builds/FPGAPCIE/wksp/design_1_wrapper/microblaze_0/standalone_microblaze_0/bsp/system.mss
TRACE::2022-08-16.22:59:22::SCWMssOS::Found a swdesign opened with the mssfile.
TRACE::2022-08-16.22:59:22::SCWMssOS::Completed writemss as part of save.
TRACE::2022-08-16.22:59:22::SCWMssOS::Commit changes completed.
TRACE::2022-08-16.22:59:22::SCWPlatform::Trying to open the hw design at C:/Users/Chick/Vivado_Builds/FPGAPCIE/wksp/design_1_wrapper/hw/design_1_wrapper.xsa
TRACE::2022-08-16.22:59:22::SCWPlatform::DSA given C:/Users/Chick/Vivado_Builds/FPGAPCIE/wksp/design_1_wrapper/hw/design_1_wrapper.xsa
TRACE::2022-08-16.22:59:22::SCWPlatform::DSA absoulate path C:/Users/Chick/Vivado_Builds/FPGAPCIE/wksp/design_1_wrapper/hw/design_1_wrapper.xsa
TRACE::2022-08-16.22:59:22::SCWPlatform::DSA directory C:/Users/Chick/Vivado_Builds/FPGAPCIE/wksp/design_1_wrapper/hw
TRACE::2022-08-16.22:59:22::SCWPlatform:: Platform Path C:/Users/Chick/Vivado_Builds/FPGAPCIE/wksp/design_1_wrapper/hw/design_1_wrapper.xsa
TRACE::2022-08-16.22:59:22::SCWPlatform:: Unique name xilinx:kcu105::0.0
TRACE::2022-08-16.22:59:22::SCWPlatform::Trying to set the existing hwdb with name design_1_wrapper_2
TRACE::2022-08-16.22:59:22::SCWPlatform::Opened existing hwdb design_1_wrapper_2
TRACE::2022-08-16.22:59:22::SCWPlatform::Found the Hw Db part of the input DSA
TRACE::2022-08-16.22:59:22::SCWMssOS::Checking the sw design at  C:/Users/Chick/Vivado_Builds/FPGAPCIE/wksp/design_1_wrapper/microblaze_0/standalone_microblaze_0/bsp/system.mss
TRACE::2022-08-16.22:59:22::SCWMssOS::DEBUG:  swdes dump  C:/Users/Chick/Vivado_Builds/FPGAPCIE/wksp/design_1_wrapper/microblaze_0/standalone_microblaze_0/bsp/system.mss|system||

TRACE::2022-08-16.22:59:22::SCWMssOS::Sw design exists and opened at  C:/Users/Chick/Vivado_Builds/FPGAPCIE/wksp/design_1_wrapper/microblaze_0/standalone_microblaze_0/bsp/system.mss
TRACE::2022-08-16.22:59:22::SCWMssOS::Removing the swdes entry for  C:/Users/Chick/Vivado_Builds/FPGAPCIE/wksp/design_1_wrapper/microblaze_0/standalone_microblaze_0/bsp/system.mss
